2021-07-25 11:04:16.879  INFO 31652 --- [main] c.u.b.BookCatalogServiceApplication      : No active profile set, falling back to default profiles: default
2021-07-25 11:04:19.292  INFO 31652 --- [main] .s.d.r.c.RepositoryConfigurationDelegate : Bootstrapping Spring Data JPA repositories in DEFERRED mode.
2021-07-25 11:04:19.411  INFO 31652 --- [main] .s.d.r.c.RepositoryConfigurationDelegate : Finished Spring Data repository scanning in 106ms. Found 1 JPA repository interfaces.
2021-07-25 11:04:19.561  WARN 31652 --- [main] o.s.boot.actuate.endpoint.EndpointId     : Endpoint ID 'service-registry' contains invalid characters, please migrate to a valid format.
2021-07-25 11:04:19.731  INFO 31652 --- [main] o.s.cloud.context.scope.GenericScope     : BeanFactory id=dcdfd4d6-a018-3ac6-a9a9-13e2ca79ac9b
2021-07-25 11:04:20.868  INFO 31652 --- [main] o.s.b.w.embedded.tomcat.TomcatWebServer  : Tomcat initialized with port(s): 8084 (http)
2021-07-25 11:04:20.895  INFO 31652 --- [main] o.apache.catalina.core.StandardService   : Starting service [Tomcat]
2021-07-25 11:04:20.896  INFO 31652 --- [main] org.apache.catalina.core.StandardEngine  : Starting Servlet engine: [Apache Tomcat/9.0.36]
2021-07-25 11:04:21.195  INFO 31652 --- [main] o.a.c.c.C.[Tomcat].[localhost].[/]       : Initializing Spring embedded WebApplicationContext
2021-07-25 11:04:21.197  INFO 31652 --- [main] w.s.c.ServletWebServerApplicationContext : Root WebApplicationContext: initialization completed in 4247 ms
2021-07-25 11:04:21.353  WARN 31652 --- [main] c.n.c.sources.URLConfigurationSource     : No URLs will be polled as dynamic configuration sources.
2021-07-25 11:04:21.353  INFO 31652 --- [main] c.n.c.sources.URLConfigurationSource     : To enable URLs as dynamic configuration sources, define System property archaius.configurationSource.additionalUrls or make config.properties available on classpath.
2021-07-25 11:04:21.371  INFO 31652 --- [main] c.netflix.config.DynamicPropertyFactory  : DynamicPropertyFactory is initialized with configuration sources: com.netflix.config.ConcurrentCompositeConfiguration@feb098f
2021-07-25 11:04:21.848  INFO 31652 --- [main] o.s.s.concurrent.ThreadPoolTaskExecutor  : Initializing ExecutorService 'applicationTaskExecutor'
2021-07-25 11:04:21.890  INFO 31652 --- [main] com.zaxxer.hikari.HikariDataSource       : HikariPool-1 - Starting...
2021-07-25 11:04:24.347  INFO 31652 --- [main] com.zaxxer.hikari.HikariDataSource       : HikariPool-1 - Start completed.
2021-07-25 11:04:24.584  INFO 31652 --- [task-1] o.hibernate.jpa.internal.util.LogHelper  : HHH000204: Processing PersistenceUnitInfo [name: default]
2021-07-25 11:04:24.826  INFO 31652 --- [task-1] org.hibernate.Version                    : HHH000412: Hibernate ORM core version 5.4.17.Final
2021-07-25 11:04:25.443  INFO 31652 --- [task-1] o.hibernate.annotations.common.Version   : HCANN000001: Hibernate Commons Annotations {5.1.0.Final}
2021-07-25 11:04:25.897  WARN 31652 --- [main] JpaBaseConfiguration$JpaWebConfiguration : spring.jpa.open-in-view is enabled by default. Therefore, database queries may be performed during view rendering. Explicitly configure spring.jpa.open-in-view to disable this warning
2021-07-25 11:04:25.919  INFO 31652 --- [task-1] org.hibernate.dialect.Dialect            : HHH000400: Using dialect: org.hibernate.dialect.MySQL5InnoDBDialect
2021-07-25 11:04:28.070  INFO 31652 --- [task-1] o.h.e.t.j.p.i.JtaPlatformInitiator       : HHH000490: Using JtaPlatform implementation: [org.hibernate.engine.transaction.jta.platform.internal.NoJtaPlatform]
2021-07-25 11:04:28.104  INFO 31652 --- [task-1] j.LocalContainerEntityManagerFactoryBean : Initialized JPA EntityManagerFactory for persistence unit 'default'
2021-07-25 11:04:28.151  INFO 31652 --- [main] o.s.b.a.e.web.EndpointLinksResolver      : Exposing 18 endpoint(s) beneath base path '/actuator'
2021-07-25 11:04:28.748  INFO 31652 --- [main] pertySourcedRequestMappingHandlerMapping : Mapped URL path [/v2/api-docs] onto method [springfox.documentation.swagger2.web.Swagger2Controller#getDocumentation(String, HttpServletRequest)]
2021-07-25 11:04:29.037  WARN 31652 --- [main] c.n.c.sources.URLConfigurationSource     : No URLs will be polled as dynamic configuration sources.
2021-07-25 11:04:29.039  INFO 31652 --- [main] c.n.c.sources.URLConfigurationSource     : To enable URLs as dynamic configuration sources, define System property archaius.configurationSource.additionalUrls or make config.properties available on classpath.
2021-07-25 11:04:31.316  INFO 31652 --- [main] o.s.s.c.ThreadPoolTaskScheduler          : Initializing ExecutorService
2021-07-25 11:04:32.350  WARN 31652 --- [main] ockingLoadBalancerClientRibbonWarnLogger : You already have RibbonLoadBalancerClient on your classpath. It will be used by default. As Spring Cloud Ribbon is in maintenance mode. We recommend switching to BlockingLoadBalancerClient instead. In order to use it, set the value of `spring.cloud.loadbalancer.ribbon.enabled` to `false` or remove spring-cloud-starter-netflix-ribbon from your project.
2021-07-25 11:04:32.794  INFO 31652 --- [main] o.s.c.n.eureka.InstanceInfoFactory       : Setting initial instance status as: STARTING
2021-07-25 11:04:32.913  INFO 31652 --- [main] com.netflix.discovery.DiscoveryClient    : Initializing Eureka in region us-east-1
2021-07-25 11:04:33.124  INFO 31652 --- [main] c.n.d.provider.DiscoveryJerseyProvider   : Using JSON encoding codec LegacyJacksonJson
2021-07-25 11:04:33.124  INFO 31652 --- [main] c.n.d.provider.DiscoveryJerseyProvider   : Using JSON decoding codec LegacyJacksonJson
2021-07-25 11:04:33.593  INFO 31652 --- [main] c.n.d.provider.DiscoveryJerseyProvider   : Using XML encoding codec XStreamXml
2021-07-25 11:04:33.594  INFO 31652 --- [main] c.n.d.provider.DiscoveryJerseyProvider   : Using XML decoding codec XStreamXml
2021-07-25 11:04:33.673  INFO 31652 --- [RMI TCP Connection(3)-127.0.0.1] o.a.c.c.C.[Tomcat].[localhost].[/]       : Initializing Spring DispatcherServlet 'dispatcherServlet'
2021-07-25 11:04:33.674  INFO 31652 --- [RMI TCP Connection(3)-127.0.0.1] o.s.web.servlet.DispatcherServlet        : Initializing Servlet 'dispatcherServlet'
2021-07-25 11:04:33.741  INFO 31652 --- [RMI TCP Connection(3)-127.0.0.1] o.s.web.servlet.DispatcherServlet        : Completed initialization in 66 ms
2021-07-25 11:04:33.979  INFO 31652 --- [main] c.n.d.s.r.aws.ConfigClusterResolver      : Resolving eureka endpoints via configuration
2021-07-25 11:04:34.294  INFO 31652 --- [main] com.netflix.discovery.DiscoveryClient    : Disable delta property : false
2021-07-25 11:04:34.295  INFO 31652 --- [main] com.netflix.discovery.DiscoveryClient    : Single vip registry refresh property : null
2021-07-25 11:04:34.296  INFO 31652 --- [main] com.netflix.discovery.DiscoveryClient    : Force full registry fetch : false
2021-07-25 11:04:34.296  INFO 31652 --- [main] com.netflix.discovery.DiscoveryClient    : Application is null : false
2021-07-25 11:04:34.296  INFO 31652 --- [main] com.netflix.discovery.DiscoveryClient    : Registered Applications size is zero : true
2021-07-25 11:04:34.296  INFO 31652 --- [main] com.netflix.discovery.DiscoveryClient    : Application version is -1: true
2021-07-25 11:04:34.296  INFO 31652 --- [main] com.netflix.discovery.DiscoveryClient    : Getting all instance registry info from the eureka server
2021-07-25 11:04:34.576  INFO 31652 --- [main] com.netflix.discovery.DiscoveryClient    : The response status is 200
2021-07-25 11:04:34.581  INFO 31652 --- [main] com.netflix.discovery.DiscoveryClient    : Starting heartbeat executor: renew interval is: 30
2021-07-25 11:04:34.583  INFO 31652 --- [main] c.n.discovery.InstanceInfoReplicator     : InstanceInfoReplicator onDemand update allowed rate per min is 4
2021-07-25 11:04:34.592  INFO 31652 --- [main] com.netflix.discovery.DiscoveryClient    : Discovery Client initialized at timestamp 1627225474588 with initial instances count: 2
2021-07-25 11:04:34.615  INFO 31652 --- [main] o.s.c.n.e.s.EurekaServiceRegistry        : Registering application BOOK-CATALOG-SERVICE with eureka with status UP
2021-07-25 11:04:34.617  INFO 31652 --- [main] com.netflix.discovery.DiscoveryClient    : Saw local status change event StatusChangeEvent [timestamp=1627225474617, current=UP, previous=STARTING]
2021-07-25 11:04:34.622  INFO 31652 --- [DiscoveryClient-InstanceInfoReplicator-0] com.netflix.discovery.DiscoveryClient    : DiscoveryClient_BOOK-CATALOG-SERVICE/192.168.1.187:book-catalog-service:8084: registering service...
2021-07-25 11:04:34.693  INFO 31652 --- [DiscoveryClient-InstanceInfoReplicator-0] com.netflix.discovery.DiscoveryClient    : DiscoveryClient_BOOK-CATALOG-SERVICE/192.168.1.187:book-catalog-service:8084 - registration status: 204
2021-07-25 11:04:34.751  INFO 31652 --- [main] o.s.b.w.embedded.tomcat.TomcatWebServer  : Tomcat started on port(s): 8084 (http) with context path ''
2021-07-25 11:04:34.754  INFO 31652 --- [main] .s.c.n.e.s.EurekaAutoServiceRegistration : Updating port to 8084
2021-07-25 11:04:35.369  INFO 31652 --- [main] d.s.w.p.DocumentationPluginsBootstrapper : Context refreshed
2021-07-25 11:04:35.435  INFO 31652 --- [main] d.s.w.p.DocumentationPluginsBootstrapper : Found 1 custom documentation plugin(s)
2021-07-25 11:04:35.539  INFO 31652 --- [main] s.d.s.w.s.ApiListingReferenceScanner     : Scanning for api listing references
2021-07-25 11:04:36.081  INFO 31652 --- [main] DeferredRepositoryInitializationListener : Triggering deferred initialization of Spring Data repositories…
2021-07-25 11:04:37.478  INFO 31652 --- [main] DeferredRepositoryInitializationListener : Spring Data repositories initialized!
2021-07-25 11:04:37.484  INFO 31652 --- [main] c.u.b.BookCatalogServiceApplication      : Started BookCatalogServiceApplication in 22.345 seconds (JVM running for 24.098)
2021-07-25 11:04:37.657  INFO 31652 --- [registrationTask1] d.c.b.a.c.r.ApplicationRegistrator       : Application registered itself as 93faad8e918c
2021-07-25 11:05:32.764  INFO 31652 --- [RMI TCP Connection(10)-127.0.0.1] inMXBeanRegistrar$SpringApplicationAdmin : Application shutdown requested.
2021-07-25 11:05:32.765  INFO 31652 --- [RMI TCP Connection(10)-127.0.0.1] o.s.c.n.e.s.EurekaServiceRegistry        : Unregistering application BOOK-CATALOG-SERVICE with eureka with status DOWN
2021-07-25 11:05:32.766  WARN 31652 --- [RMI TCP Connection(10)-127.0.0.1] com.netflix.discovery.DiscoveryClient    : Saw local status change event StatusChangeEvent [timestamp=1627225532766, current=DOWN, previous=UP]
2021-07-25 11:05:32.766  INFO 31652 --- [DiscoveryClient-InstanceInfoReplicator-0] com.netflix.discovery.DiscoveryClient    : DiscoveryClient_BOOK-CATALOG-SERVICE/192.168.1.187:book-catalog-service:8084: registering service...
2021-07-25 11:05:32.775  INFO 31652 --- [DiscoveryClient-InstanceInfoReplicator-0] com.netflix.discovery.DiscoveryClient    : DiscoveryClient_BOOK-CATALOG-SERVICE/192.168.1.187:book-catalog-service:8084 - registration status: 204
2021-07-25 11:05:33.031  INFO 31652 --- [RMI TCP Connection(10)-127.0.0.1] o.apache.catalina.core.StandardService   : Stopping service [Tomcat]
2021-07-25 11:05:33.038  INFO 31652 --- [RMI TCP Connection(10)-127.0.0.1] o.a.c.c.C.[Tomcat].[localhost].[/]       : Destroying Spring FrameworkServlet 'dispatcherServlet'
2021-07-25 11:05:33.072  INFO 31652 --- [RMI TCP Connection(10)-127.0.0.1] o.s.s.c.ThreadPoolTaskScheduler          : Shutting down ExecutorService
2021-07-25 11:05:33.084  INFO 31652 --- [RMI TCP Connection(10)-127.0.0.1] j.LocalContainerEntityManagerFactoryBean : Closing JPA EntityManagerFactory for persistence unit 'default'
2021-07-25 11:05:33.090  INFO 31652 --- [RMI TCP Connection(10)-127.0.0.1] o.s.s.concurrent.ThreadPoolTaskExecutor  : Shutting down ExecutorService 'applicationTaskExecutor'
2021-07-25 11:05:33.091  INFO 31652 --- [RMI TCP Connection(10)-127.0.0.1] com.zaxxer.hikari.HikariDataSource       : HikariPool-1 - Shutdown initiated...
2021-07-25 11:05:33.117  INFO 31652 --- [RMI TCP Connection(10)-127.0.0.1] com.zaxxer.hikari.HikariDataSource       : HikariPool-1 - Shutdown completed.
2021-07-25 11:05:33.119  INFO 31652 --- [RMI TCP Connection(10)-127.0.0.1] com.netflix.discovery.DiscoveryClient    : Shutting down DiscoveryClient ...
2021-07-25 11:05:36.133  INFO 31652 --- [RMI TCP Connection(10)-127.0.0.1] com.netflix.discovery.DiscoveryClient    : Unregistering ...
2021-07-25 11:05:36.134  WARN 31652 --- [DiscoveryClient-0] c.netflix.discovery.TimedSupervisorTask  : task supervisor shutting down, can't accept the task
2021-07-25 11:05:36.180  INFO 31652 --- [RMI TCP Connection(10)-127.0.0.1] com.netflix.discovery.DiscoveryClient    : DiscoveryClient_BOOK-CATALOG-SERVICE/192.168.1.187:book-catalog-service:8084 - deregister  status: 200
2021-07-25 11:05:36.243  INFO 31652 --- [RMI TCP Connection(10)-127.0.0.1] com.netflix.discovery.DiscoveryClient    : Completed shut down of DiscoveryClient
2021-07-25 11:05:56.127  INFO 14888 --- [main] c.u.b.BookCatalogServiceApplication      : No active profile set, falling back to default profiles: default
2021-07-25 11:05:58.138  INFO 14888 --- [main] .s.d.r.c.RepositoryConfigurationDelegate : Bootstrapping Spring Data JPA repositories in DEFERRED mode.
2021-07-25 11:05:58.222  INFO 14888 --- [main] .s.d.r.c.RepositoryConfigurationDelegate : Finished Spring Data repository scanning in 75ms. Found 1 JPA repository interfaces.
2021-07-25 11:05:58.377  WARN 14888 --- [main] o.s.boot.actuate.endpoint.EndpointId     : Endpoint ID 'service-registry' contains invalid characters, please migrate to a valid format.
2021-07-25 11:05:58.583  INFO 14888 --- [main] o.s.cloud.context.scope.GenericScope     : BeanFactory id=dcdfd4d6-a018-3ac6-a9a9-13e2ca79ac9b
2021-07-25 11:05:59.821  INFO 14888 --- [main] o.s.b.w.embedded.tomcat.TomcatWebServer  : Tomcat initialized with port(s): 8084 (http)
2021-07-25 11:05:59.849  INFO 14888 --- [main] o.apache.catalina.core.StandardService   : Starting service [Tomcat]
2021-07-25 11:05:59.850  INFO 14888 --- [main] org.apache.catalina.core.StandardEngine  : Starting Servlet engine: [Apache Tomcat/9.0.36]
2021-07-25 11:06:00.140  INFO 14888 --- [main] o.a.c.c.C.[Tomcat].[localhost].[/]       : Initializing Spring embedded WebApplicationContext
2021-07-25 11:06:00.141  INFO 14888 --- [main] w.s.c.ServletWebServerApplicationContext : Root WebApplicationContext: initialization completed in 3988 ms
2021-07-25 11:06:00.501  WARN 14888 --- [main] c.n.c.sources.URLConfigurationSource     : No URLs will be polled as dynamic configuration sources.
2021-07-25 11:06:00.501  INFO 14888 --- [main] c.n.c.sources.URLConfigurationSource     : To enable URLs as dynamic configuration sources, define System property archaius.configurationSource.additionalUrls or make config.properties available on classpath.
2021-07-25 11:06:00.520  INFO 14888 --- [main] c.netflix.config.DynamicPropertyFactory  : DynamicPropertyFactory is initialized with configuration sources: com.netflix.config.ConcurrentCompositeConfiguration@19e21f89
2021-07-25 11:06:01.018  INFO 14888 --- [main] o.s.s.concurrent.ThreadPoolTaskExecutor  : Initializing ExecutorService 'applicationTaskExecutor'
2021-07-25 11:06:01.058  INFO 14888 --- [main] com.zaxxer.hikari.HikariDataSource       : HikariPool-1 - Starting...
2021-07-25 11:06:02.921  INFO 14888 --- [main] com.zaxxer.hikari.HikariDataSource       : HikariPool-1 - Start completed.
2021-07-25 11:06:03.143  INFO 14888 --- [task-1] o.hibernate.jpa.internal.util.LogHelper  : HHH000204: Processing PersistenceUnitInfo [name: default]
2021-07-25 11:06:03.314  INFO 14888 --- [task-1] org.hibernate.Version                    : HHH000412: Hibernate ORM core version 5.4.17.Final
2021-07-25 11:06:03.633  INFO 14888 --- [task-1] o.hibernate.annotations.common.Version   : HCANN000001: Hibernate Commons Annotations {5.1.0.Final}
2021-07-25 11:06:03.991  WARN 14888 --- [main] JpaBaseConfiguration$JpaWebConfiguration : spring.jpa.open-in-view is enabled by default. Therefore, database queries may be performed during view rendering. Explicitly configure spring.jpa.open-in-view to disable this warning
2021-07-25 11:06:04.047  INFO 14888 --- [task-1] org.hibernate.dialect.Dialect            : HHH000400: Using dialect: org.hibernate.dialect.MySQL5InnoDBDialect
2021-07-25 11:06:05.270  INFO 14888 --- [main] o.s.b.a.e.web.EndpointLinksResolver      : Exposing 18 endpoint(s) beneath base path '/actuator'
2021-07-25 11:06:05.307  INFO 14888 --- [task-1] o.h.e.t.j.p.i.JtaPlatformInitiator       : HHH000490: Using JtaPlatform implementation: [org.hibernate.engine.transaction.jta.platform.internal.NoJtaPlatform]
2021-07-25 11:06:05.336  INFO 14888 --- [task-1] j.LocalContainerEntityManagerFactoryBean : Initialized JPA EntityManagerFactory for persistence unit 'default'
2021-07-25 11:06:05.438  INFO 14888 --- [main] pertySourcedRequestMappingHandlerMapping : Mapped URL path [/v2/api-docs] onto method [springfox.documentation.swagger2.web.Swagger2Controller#getDocumentation(String, HttpServletRequest)]
2021-07-25 11:06:05.478  WARN 14888 --- [main] c.n.c.sources.URLConfigurationSource     : No URLs will be polled as dynamic configuration sources.
2021-07-25 11:06:05.479  INFO 14888 --- [main] c.n.c.sources.URLConfigurationSource     : To enable URLs as dynamic configuration sources, define System property archaius.configurationSource.additionalUrls or make config.properties available on classpath.
2021-07-25 11:06:07.046  INFO 14888 --- [main] o.s.s.c.ThreadPoolTaskScheduler          : Initializing ExecutorService
2021-07-25 11:06:08.179  WARN 14888 --- [main] ockingLoadBalancerClientRibbonWarnLogger : You already have RibbonLoadBalancerClient on your classpath. It will be used by default. As Spring Cloud Ribbon is in maintenance mode. We recommend switching to BlockingLoadBalancerClient instead. In order to use it, set the value of `spring.cloud.loadbalancer.ribbon.enabled` to `false` or remove spring-cloud-starter-netflix-ribbon from your project.
2021-07-25 11:06:08.201  INFO 14888 --- [RMI TCP Connection(3)-127.0.0.1] o.a.c.c.C.[Tomcat].[localhost].[/]       : Initializing Spring DispatcherServlet 'dispatcherServlet'
2021-07-25 11:06:08.201  INFO 14888 --- [RMI TCP Connection(3)-127.0.0.1] o.s.web.servlet.DispatcherServlet        : Initializing Servlet 'dispatcherServlet'
2021-07-25 11:06:08.293  INFO 14888 --- [RMI TCP Connection(3)-127.0.0.1] o.s.web.servlet.DispatcherServlet        : Completed initialization in 92 ms
2021-07-25 11:06:08.449  INFO 14888 --- [main] o.s.c.n.eureka.InstanceInfoFactory       : Setting initial instance status as: STARTING
2021-07-25 11:06:08.518  INFO 14888 --- [main] com.netflix.discovery.DiscoveryClient    : Initializing Eureka in region us-east-1
2021-07-25 11:06:08.626  INFO 14888 --- [main] c.n.d.provider.DiscoveryJerseyProvider   : Using JSON encoding codec LegacyJacksonJson
2021-07-25 11:06:08.626  INFO 14888 --- [main] c.n.d.provider.DiscoveryJerseyProvider   : Using JSON decoding codec LegacyJacksonJson
2021-07-25 11:06:08.915  INFO 14888 --- [main] c.n.d.provider.DiscoveryJerseyProvider   : Using XML encoding codec XStreamXml
2021-07-25 11:06:08.915  INFO 14888 --- [main] c.n.d.provider.DiscoveryJerseyProvider   : Using XML decoding codec XStreamXml
2021-07-25 11:06:09.122  INFO 14888 --- [main] c.n.d.s.r.aws.ConfigClusterResolver      : Resolving eureka endpoints via configuration
2021-07-25 11:06:09.330  INFO 14888 --- [main] com.netflix.discovery.DiscoveryClient    : Disable delta property : false
2021-07-25 11:06:09.330  INFO 14888 --- [main] com.netflix.discovery.DiscoveryClient    : Single vip registry refresh property : null
2021-07-25 11:06:09.330  INFO 14888 --- [main] com.netflix.discovery.DiscoveryClient    : Force full registry fetch : false
2021-07-25 11:06:09.330  INFO 14888 --- [main] com.netflix.discovery.DiscoveryClient    : Application is null : false
2021-07-25 11:06:09.330  INFO 14888 --- [main] com.netflix.discovery.DiscoveryClient    : Registered Applications size is zero : true
2021-07-25 11:06:09.330  INFO 14888 --- [main] com.netflix.discovery.DiscoveryClient    : Application version is -1: true
2021-07-25 11:06:09.330  INFO 14888 --- [main] com.netflix.discovery.DiscoveryClient    : Getting all instance registry info from the eureka server
2021-07-25 11:06:09.487  INFO 14888 --- [main] com.netflix.discovery.DiscoveryClient    : The response status is 200
2021-07-25 11:06:09.491  INFO 14888 --- [main] com.netflix.discovery.DiscoveryClient    : Starting heartbeat executor: renew interval is: 30
2021-07-25 11:06:09.494  INFO 14888 --- [main] c.n.discovery.InstanceInfoReplicator     : InstanceInfoReplicator onDemand update allowed rate per min is 4
2021-07-25 11:06:09.500  INFO 14888 --- [main] com.netflix.discovery.DiscoveryClient    : Discovery Client initialized at timestamp 1627225569496 with initial instances count: 2
2021-07-25 11:06:09.512  INFO 14888 --- [main] o.s.c.n.e.s.EurekaServiceRegistry        : Registering application BOOK-CATALOG-SERVICE with eureka with status UP
2021-07-25 11:06:09.513  INFO 14888 --- [main] com.netflix.discovery.DiscoveryClient    : Saw local status change event StatusChangeEvent [timestamp=1627225569513, current=UP, previous=STARTING]
2021-07-25 11:06:09.516  INFO 14888 --- [DiscoveryClient-InstanceInfoReplicator-0] com.netflix.discovery.DiscoveryClient    : DiscoveryClient_BOOK-CATALOG-SERVICE/192.168.1.187:book-catalog-service:8084: registering service...
2021-07-25 11:06:09.548  INFO 14888 --- [DiscoveryClient-InstanceInfoReplicator-0] com.netflix.discovery.DiscoveryClient    : DiscoveryClient_BOOK-CATALOG-SERVICE/192.168.1.187:book-catalog-service:8084 - registration status: 204
2021-07-25 11:06:09.621  INFO 14888 --- [main] o.s.b.w.embedded.tomcat.TomcatWebServer  : Tomcat started on port(s): 8084 (http) with context path ''
2021-07-25 11:06:09.623  INFO 14888 --- [main] .s.c.n.e.s.EurekaAutoServiceRegistration : Updating port to 8084
2021-07-25 11:06:10.115  INFO 14888 --- [main] d.s.w.p.DocumentationPluginsBootstrapper : Context refreshed
2021-07-25 11:06:10.161  INFO 14888 --- [main] d.s.w.p.DocumentationPluginsBootstrapper : Found 1 custom documentation plugin(s)
2021-07-25 11:06:10.274  INFO 14888 --- [main] s.d.s.w.s.ApiListingReferenceScanner     : Scanning for api listing references
2021-07-25 11:06:10.523  INFO 14888 --- [main] DeferredRepositoryInitializationListener : Triggering deferred initialization of Spring Data repositories…
2021-07-25 11:06:11.384  INFO 14888 --- [main] DeferredRepositoryInitializationListener : Spring Data repositories initialized!
2021-07-25 11:06:11.390  INFO 14888 --- [main] c.u.b.BookCatalogServiceApplication      : Started BookCatalogServiceApplication in 17.439 seconds (JVM running for 19.033)
2021-07-25 11:06:11.535  INFO 14888 --- [registrationTask1] d.c.b.a.c.r.ApplicationRegistrator       : Application registered itself as 93faad8e918c
2021-07-25 11:06:14.239  INFO 14888 --- [http-nio-8084-exec-7] c.u.b.aop.LoggingAspect                  : Before method execution showBooks
2021-07-25 11:06:15.256  INFO 14888 --- [http-nio-8084-exec-7] c.u.b.aop.LoggingAspect                  : execution(ResponseEntity com.uga.book_catalog_service.controller.BookCatalogController.showBooks()) returned with status 200 OK
2021-07-25 11:06:15.258  INFO 14888 --- [http-nio-8084-exec-7] c.u.b.aop.LoggingAspect                  : after execution of execution(ResponseEntity com.uga.book_catalog_service.controller.BookCatalogController.showBooks())
2021-07-25 11:06:15.259  INFO 14888 --- [http-nio-8084-exec-7] c.u.b.aop.LoggingAspect                  : Execution time of BookCatalogController.showBooks :: 1019 ms
2021-07-25 11:07:11.528  INFO 14888 --- [http-nio-8084-exec-2] c.u.b.aop.LoggingAspect                  : Before method execution showBooks
2021-07-25 11:07:12.007  INFO 14888 --- [http-nio-8084-exec-2] c.u.b.aop.LoggingAspect                  : execution(ResponseEntity com.uga.book_catalog_service.controller.BookCatalogController.showBooks()) returned with status 200 OK
2021-07-25 11:07:12.008  INFO 14888 --- [http-nio-8084-exec-2] c.u.b.aop.LoggingAspect                  : after execution of execution(ResponseEntity com.uga.book_catalog_service.controller.BookCatalogController.showBooks())
2021-07-25 11:07:12.009  INFO 14888 --- [http-nio-8084-exec-2] c.u.b.aop.LoggingAspect                  : Execution time of BookCatalogController.showBooks :: 479 ms
2021-07-25 11:09:06.929  INFO 14888 --- [http-nio-8084-exec-8] c.u.b.aop.LoggingAspect                  : Before method execution showBooks
2021-07-25 11:09:07.433  INFO 14888 --- [http-nio-8084-exec-8] c.u.b.aop.LoggingAspect                  : execution(ResponseEntity com.uga.book_catalog_service.controller.BookCatalogController.showBooks()) returned with status 200 OK
2021-07-25 11:09:07.435  INFO 14888 --- [http-nio-8084-exec-8] c.u.b.aop.LoggingAspect                  : after execution of execution(ResponseEntity com.uga.book_catalog_service.controller.BookCatalogController.showBooks())
2021-07-25 11:09:07.437  INFO 14888 --- [http-nio-8084-exec-8] c.u.b.aop.LoggingAspect                  : Execution time of BookCatalogController.showBooks :: 507 ms
2021-07-25 11:11:09.347  INFO 14888 --- [AsyncResolver-bootstrap-executor-0] c.n.d.s.r.aws.ConfigClusterResolver      : Resolving eureka endpoints via configuration
2021-07-25 11:14:48.253  INFO 14888 --- [http-nio-8084-exec-9] c.u.b.aop.LoggingAspect                  : Before method execution showBooks
2021-07-25 11:14:48.658  INFO 14888 --- [http-nio-8084-exec-9] c.u.b.aop.LoggingAspect                  : execution(ResponseEntity com.uga.book_catalog_service.controller.BookCatalogController.showBooks()) returned with status 200 OK
2021-07-25 11:14:48.659  INFO 14888 --- [http-nio-8084-exec-9] c.u.b.aop.LoggingAspect                  : after execution of execution(ResponseEntity com.uga.book_catalog_service.controller.BookCatalogController.showBooks())
2021-07-25 11:14:48.661  INFO 14888 --- [http-nio-8084-exec-9] c.u.b.aop.LoggingAspect                  : Execution time of BookCatalogController.showBooks :: 407 ms
2021-07-25 11:16:09.362  INFO 14888 --- [AsyncResolver-bootstrap-executor-0] c.n.d.s.r.aws.ConfigClusterResolver      : Resolving eureka endpoints via configuration
2021-07-25 11:21:09.369  INFO 14888 --- [AsyncResolver-bootstrap-executor-0] c.n.d.s.r.aws.ConfigClusterResolver      : Resolving eureka endpoints via configuration
2021-07-25 11:26:09.384  INFO 14888 --- [AsyncResolver-bootstrap-executor-0] c.n.d.s.r.aws.ConfigClusterResolver      : Resolving eureka endpoints via configuration
2021-07-25 11:31:09.398  INFO 14888 --- [AsyncResolver-bootstrap-executor-0] c.n.d.s.r.aws.ConfigClusterResolver      : Resolving eureka endpoints via configuration
2021-07-25 11:36:09.409  INFO 14888 --- [AsyncResolver-bootstrap-executor-0] c.n.d.s.r.aws.ConfigClusterResolver      : Resolving eureka endpoints via configuration
2021-07-25 11:41:09.426  INFO 14888 --- [AsyncResolver-bootstrap-executor-0] c.n.d.s.r.aws.ConfigClusterResolver      : Resolving eureka endpoints via configuration
2021-07-25 11:46:09.440  INFO 14888 --- [AsyncResolver-bootstrap-executor-0] c.n.d.s.r.aws.ConfigClusterResolver      : Resolving eureka endpoints via configuration
2021-07-25 11:51:09.443  INFO 14888 --- [AsyncResolver-bootstrap-executor-0] c.n.d.s.r.aws.ConfigClusterResolver      : Resolving eureka endpoints via configuration
2021-07-25 11:56:09.445  INFO 14888 --- [AsyncResolver-bootstrap-executor-0] c.n.d.s.r.aws.ConfigClusterResolver      : Resolving eureka endpoints via configuration
2021-07-25 12:01:09.461  INFO 14888 --- [AsyncResolver-bootstrap-executor-0] c.n.d.s.r.aws.ConfigClusterResolver      : Resolving eureka endpoints via configuration
2021-07-25 12:06:09.475  INFO 14888 --- [AsyncResolver-bootstrap-executor-0] c.n.d.s.r.aws.ConfigClusterResolver      : Resolving eureka endpoints via configuration
2021-07-25 12:09:44.789  INFO 14888 --- [http-nio-8084-exec-3] c.u.b.aop.LoggingAspect                  : Before method execution showBooks
2021-07-25 12:09:45.285  INFO 14888 --- [http-nio-8084-exec-3] c.u.b.aop.LoggingAspect                  : execution(ResponseEntity com.uga.book_catalog_service.controller.BookCatalogController.showBooks()) returned with status 200 OK
2021-07-25 12:09:45.286  INFO 14888 --- [http-nio-8084-exec-3] c.u.b.aop.LoggingAspect                  : after execution of execution(ResponseEntity com.uga.book_catalog_service.controller.BookCatalogController.showBooks())
2021-07-25 12:09:45.290  INFO 14888 --- [http-nio-8084-exec-3] c.u.b.aop.LoggingAspect                  : Execution time of BookCatalogController.showBooks :: 502 ms
2021-07-25 12:09:57.692  INFO 14888 --- [http-nio-8084-exec-9] c.u.b.aop.LoggingAspect                  : Before method execution showBooks
2021-07-25 12:09:58.207  INFO 14888 --- [http-nio-8084-exec-9] c.u.b.aop.LoggingAspect                  : execution(ResponseEntity com.uga.book_catalog_service.controller.BookCatalogController.showBooks()) returned with status 200 OK
2021-07-25 12:09:58.209  INFO 14888 --- [http-nio-8084-exec-9] c.u.b.aop.LoggingAspect                  : after execution of execution(ResponseEntity com.uga.book_catalog_service.controller.BookCatalogController.showBooks())
2021-07-25 12:09:58.210  INFO 14888 --- [http-nio-8084-exec-9] c.u.b.aop.LoggingAspect                  : Execution time of BookCatalogController.showBooks :: 517 ms
2021-07-25 12:10:00.805  INFO 14888 --- [http-nio-8084-exec-4] c.u.b.aop.LoggingAspect                  : Before method execution showBooks
2021-07-25 12:10:01.285  INFO 14888 --- [http-nio-8084-exec-4] c.u.b.aop.LoggingAspect                  : execution(ResponseEntity com.uga.book_catalog_service.controller.BookCatalogController.showBooks()) returned with status 200 OK
2021-07-25 12:10:01.286  INFO 14888 --- [http-nio-8084-exec-4] c.u.b.aop.LoggingAspect                  : after execution of execution(ResponseEntity com.uga.book_catalog_service.controller.BookCatalogController.showBooks())
2021-07-25 12:10:01.287  INFO 14888 --- [http-nio-8084-exec-4] c.u.b.aop.LoggingAspect                  : Execution time of BookCatalogController.showBooks :: 481 ms
2021-07-25 12:11:09.494  INFO 14888 --- [AsyncResolver-bootstrap-executor-0] c.n.d.s.r.aws.ConfigClusterResolver      : Resolving eureka endpoints via configuration
2021-07-25 12:16:09.511  INFO 14888 --- [AsyncResolver-bootstrap-executor-0] c.n.d.s.r.aws.ConfigClusterResolver      : Resolving eureka endpoints via configuration
2021-07-25 12:21:09.524  INFO 14888 --- [AsyncResolver-bootstrap-executor-0] c.n.d.s.r.aws.ConfigClusterResolver      : Resolving eureka endpoints via configuration
2021-07-25 12:26:09.534  INFO 14888 --- [AsyncResolver-bootstrap-executor-0] c.n.d.s.r.aws.ConfigClusterResolver      : Resolving eureka endpoints via configuration
2021-07-25 12:31:09.544  INFO 14888 --- [AsyncResolver-bootstrap-executor-0] c.n.d.s.r.aws.ConfigClusterResolver      : Resolving eureka endpoints via configuration
2021-07-25 12:36:09.551  INFO 14888 --- [AsyncResolver-bootstrap-executor-0] c.n.d.s.r.aws.ConfigClusterResolver      : Resolving eureka endpoints via configuration
2021-07-25 12:41:09.561  INFO 14888 --- [AsyncResolver-bootstrap-executor-0] c.n.d.s.r.aws.ConfigClusterResolver      : Resolving eureka endpoints via configuration
2021-07-25 12:46:09.571  INFO 14888 --- [AsyncResolver-bootstrap-executor-0] c.n.d.s.r.aws.ConfigClusterResolver      : Resolving eureka endpoints via configuration
2021-07-25 12:51:09.581  INFO 14888 --- [AsyncResolver-bootstrap-executor-0] c.n.d.s.r.aws.ConfigClusterResolver      : Resolving eureka endpoints via configuration
2021-07-25 12:52:14.489  INFO 14888 --- [RMI TCP Connection(139)-127.0.0.1] inMXBeanRegistrar$SpringApplicationAdmin : Application shutdown requested.
2021-07-25 12:52:14.515  INFO 14888 --- [RMI TCP Connection(139)-127.0.0.1] o.s.c.n.e.s.EurekaServiceRegistry        : Unregistering application BOOK-CATALOG-SERVICE with eureka with status DOWN
2021-07-25 12:52:14.516  WARN 14888 --- [RMI TCP Connection(139)-127.0.0.1] com.netflix.discovery.DiscoveryClient    : Saw local status change event StatusChangeEvent [timestamp=1627231934516, current=DOWN, previous=UP]
2021-07-25 12:52:14.516  INFO 14888 --- [DiscoveryClient-InstanceInfoReplicator-0] com.netflix.discovery.DiscoveryClient    : DiscoveryClient_BOOK-CATALOG-SERVICE/192.168.1.187:book-catalog-service:8084: registering service...
2021-07-25 12:52:14.524  INFO 14888 --- [DiscoveryClient-InstanceInfoReplicator-0] com.netflix.discovery.DiscoveryClient    : DiscoveryClient_BOOK-CATALOG-SERVICE/192.168.1.187:book-catalog-service:8084 - registration status: 204
2021-07-25 12:52:14.639  INFO 14888 --- [RMI TCP Connection(140)-127.0.0.1] inMXBeanRegistrar$SpringApplicationAdmin : Application shutdown requested.
2021-07-25 12:52:14.772  INFO 14888 --- [RMI TCP Connection(139)-127.0.0.1] o.apache.catalina.core.StandardService   : Stopping service [Tomcat]
2021-07-25 12:52:14.782  INFO 14888 --- [RMI TCP Connection(139)-127.0.0.1] o.a.c.c.C.[Tomcat].[localhost].[/]       : Destroying Spring FrameworkServlet 'dispatcherServlet'
2021-07-25 12:52:14.845  INFO 14888 --- [RMI TCP Connection(139)-127.0.0.1] o.s.s.c.ThreadPoolTaskScheduler          : Shutting down ExecutorService
