2021-07-23 20:11:52.894  INFO 23476 --- [main] c.u.e.EmailServiceApplication            : No active profile set, falling back to default profiles: default
2021-07-23 20:11:54.421  WARN 23476 --- [main] o.s.boot.actuate.endpoint.EndpointId     : Endpoint ID 'service-registry' contains invalid characters, please migrate to a valid format.
2021-07-23 20:11:54.552  INFO 23476 --- [main] o.s.cloud.context.scope.GenericScope     : BeanFactory id=718fabf9-9b1a-3477-9b9a-516843e17f3e
2021-07-23 20:11:55.165  INFO 23476 --- [main] o.s.b.w.embedded.tomcat.TomcatWebServer  : Tomcat initialized with port(s): 8082 (http)
2021-07-23 20:11:55.173  INFO 23476 --- [main] o.apache.catalina.core.StandardService   : Starting service [Tomcat]
2021-07-23 20:11:55.175  INFO 23476 --- [main] org.apache.catalina.core.StandardEngine  : Starting Servlet engine: [Apache Tomcat/9.0.36]
2021-07-23 20:11:55.293  INFO 23476 --- [main] o.a.c.c.C.[Tomcat].[localhost].[/]       : Initializing Spring embedded WebApplicationContext
2021-07-23 20:11:55.293  INFO 23476 --- [main] w.s.c.ServletWebServerApplicationContext : Root WebApplicationContext: initialization completed in 2378 ms
2021-07-23 20:11:55.549  WARN 23476 --- [main] c.n.c.sources.URLConfigurationSource     : No URLs will be polled as dynamic configuration sources.
2021-07-23 20:11:55.549  INFO 23476 --- [main] c.n.c.sources.URLConfigurationSource     : To enable URLs as dynamic configuration sources, define System property archaius.configurationSource.additionalUrls or make config.properties available on classpath.
2021-07-23 20:11:55.561  INFO 23476 --- [main] c.netflix.config.DynamicPropertyFactory  : DynamicPropertyFactory is initialized with configuration sources: com.netflix.config.ConcurrentCompositeConfiguration@479ac2cb
2021-07-23 20:11:56.677  INFO 23476 --- [main] o.s.b.a.e.web.EndpointLinksResolver      : Exposing 18 endpoint(s) beneath base path '/actuator'
2021-07-23 20:11:56.810  INFO 23476 --- [main] pertySourcedRequestMappingHandlerMapping : Mapped URL path [/v2/api-docs] onto method [springfox.documentation.swagger2.web.Swagger2Controller#getDocumentation(String, HttpServletRequest)]
2021-07-23 20:11:56.837  WARN 23476 --- [main] c.n.c.sources.URLConfigurationSource     : No URLs will be polled as dynamic configuration sources.
2021-07-23 20:11:56.838  INFO 23476 --- [main] c.n.c.sources.URLConfigurationSource     : To enable URLs as dynamic configuration sources, define System property archaius.configurationSource.additionalUrls or make config.properties available on classpath.
2021-07-23 20:11:57.087  INFO 23476 --- [main] o.s.s.concurrent.ThreadPoolTaskExecutor  : Initializing ExecutorService 'applicationTaskExecutor'
2021-07-23 20:11:57.726  INFO 23476 --- [main] o.s.s.c.ThreadPoolTaskScheduler          : Initializing ExecutorService
2021-07-23 20:11:58.108  WARN 23476 --- [main] ockingLoadBalancerClientRibbonWarnLogger : You already have RibbonLoadBalancerClient on your classpath. It will be used by default. As Spring Cloud Ribbon is in maintenance mode. We recommend switching to BlockingLoadBalancerClient instead. In order to use it, set the value of `spring.cloud.loadbalancer.ribbon.enabled` to `false` or remove spring-cloud-starter-netflix-ribbon from your project.
2021-07-23 20:11:58.238  INFO 23476 --- [main] o.s.c.n.eureka.InstanceInfoFactory       : Setting initial instance status as: STARTING
2021-07-23 20:11:58.267  INFO 23476 --- [main] com.netflix.discovery.DiscoveryClient    : Initializing Eureka in region us-east-1
2021-07-23 20:11:58.316  INFO 23476 --- [main] c.n.d.provider.DiscoveryJerseyProvider   : Using JSON encoding codec LegacyJacksonJson
2021-07-23 20:11:58.317  INFO 23476 --- [main] c.n.d.provider.DiscoveryJerseyProvider   : Using JSON decoding codec LegacyJacksonJson
2021-07-23 20:11:58.421  INFO 23476 --- [main] c.n.d.provider.DiscoveryJerseyProvider   : Using XML encoding codec XStreamXml
2021-07-23 20:11:58.421  INFO 23476 --- [main] c.n.d.provider.DiscoveryJerseyProvider   : Using XML decoding codec XStreamXml
2021-07-23 20:11:58.577  INFO 23476 --- [main] c.n.d.s.r.aws.ConfigClusterResolver      : Resolving eureka endpoints via configuration
2021-07-23 20:11:58.757  INFO 23476 --- [main] com.netflix.discovery.DiscoveryClient    : Disable delta property : false
2021-07-23 20:11:58.758  INFO 23476 --- [main] com.netflix.discovery.DiscoveryClient    : Single vip registry refresh property : null
2021-07-23 20:11:58.758  INFO 23476 --- [main] com.netflix.discovery.DiscoveryClient    : Force full registry fetch : false
2021-07-23 20:11:58.758  INFO 23476 --- [main] com.netflix.discovery.DiscoveryClient    : Application is null : false
2021-07-23 20:11:58.758  INFO 23476 --- [main] com.netflix.discovery.DiscoveryClient    : Registered Applications size is zero : true
2021-07-23 20:11:58.758  INFO 23476 --- [main] com.netflix.discovery.DiscoveryClient    : Application version is -1: true
2021-07-23 20:11:58.758  INFO 23476 --- [main] com.netflix.discovery.DiscoveryClient    : Getting all instance registry info from the eureka server
2021-07-23 20:11:58.839  INFO 23476 --- [main] com.netflix.discovery.DiscoveryClient    : The response status is 200
2021-07-23 20:11:58.841  INFO 23476 --- [main] com.netflix.discovery.DiscoveryClient    : Starting heartbeat executor: renew interval is: 30
2021-07-23 20:11:58.843  INFO 23476 --- [main] c.n.discovery.InstanceInfoReplicator     : InstanceInfoReplicator onDemand update allowed rate per min is 4
2021-07-23 20:11:58.847  INFO 23476 --- [main] com.netflix.discovery.DiscoveryClient    : Discovery Client initialized at timestamp 1627085518846 with initial instances count: 0
2021-07-23 20:11:58.857  INFO 23476 --- [main] o.s.c.n.e.s.EurekaServiceRegistry        : Registering application EMAIL-SERVICE with eureka with status UP
2021-07-23 20:11:58.858  INFO 23476 --- [main] com.netflix.discovery.DiscoveryClient    : Saw local status change event StatusChangeEvent [timestamp=1627085518858, current=UP, previous=STARTING]
2021-07-23 20:11:58.860  INFO 23476 --- [DiscoveryClient-InstanceInfoReplicator-0] com.netflix.discovery.DiscoveryClient    : DiscoveryClient_EMAIL-SERVICE/192.168.1.187:email-service:8082: registering service...
2021-07-23 20:11:58.890  INFO 23476 --- [main] o.s.b.w.embedded.tomcat.TomcatWebServer  : Tomcat started on port(s): 8082 (http) with context path ''
2021-07-23 20:11:58.892  INFO 23476 --- [main] .s.c.n.e.s.EurekaAutoServiceRegistration : Updating port to 8082
2021-07-23 20:11:58.940  INFO 23476 --- [DiscoveryClient-InstanceInfoReplicator-0] com.netflix.discovery.DiscoveryClient    : DiscoveryClient_EMAIL-SERVICE/192.168.1.187:email-service:8082 - registration status: 204
2021-07-23 20:11:59.162  INFO 23476 --- [main] d.s.w.p.DocumentationPluginsBootstrapper : Context refreshed
2021-07-23 20:11:59.174  INFO 23476 --- [main] d.s.w.p.DocumentationPluginsBootstrapper : Found 1 custom documentation plugin(s)
2021-07-23 20:11:59.214  INFO 23476 --- [main] s.d.s.w.s.ApiListingReferenceScanner     : Scanning for api listing references
2021-07-23 20:11:59.332  INFO 23476 --- [main] c.u.e.EmailServiceApplication            : Started EmailServiceApplication in 7.778 seconds (JVM running for 8.68)
2021-07-23 20:11:59.433  INFO 23476 --- [registrationTask1] d.c.b.a.c.r.ApplicationRegistrator       : Application registered itself as c0b596d15039
2021-07-23 20:11:59.469  INFO 23476 --- [http-nio-8082-exec-1] o.a.c.c.C.[Tomcat].[localhost].[/]       : Initializing Spring DispatcherServlet 'dispatcherServlet'
2021-07-23 20:11:59.469  INFO 23476 --- [http-nio-8082-exec-1] o.s.web.servlet.DispatcherServlet        : Initializing Servlet 'dispatcherServlet'
2021-07-23 20:11:59.480  INFO 23476 --- [http-nio-8082-exec-1] o.s.web.servlet.DispatcherServlet        : Completed initialization in 11 ms
2021-07-23 20:12:28.851  INFO 23476 --- [DiscoveryClient-CacheRefreshExecutor-0] com.netflix.discovery.DiscoveryClient    : Disable delta property : false
2021-07-23 20:12:28.852  INFO 23476 --- [DiscoveryClient-CacheRefreshExecutor-0] com.netflix.discovery.DiscoveryClient    : Single vip registry refresh property : null
2021-07-23 20:12:28.852  INFO 23476 --- [DiscoveryClient-CacheRefreshExecutor-0] com.netflix.discovery.DiscoveryClient    : Force full registry fetch : false
2021-07-23 20:12:28.852  INFO 23476 --- [DiscoveryClient-CacheRefreshExecutor-0] com.netflix.discovery.DiscoveryClient    : Application is null : false
2021-07-23 20:12:28.852  INFO 23476 --- [DiscoveryClient-CacheRefreshExecutor-0] com.netflix.discovery.DiscoveryClient    : Registered Applications size is zero : true
2021-07-23 20:12:28.852  INFO 23476 --- [DiscoveryClient-CacheRefreshExecutor-0] com.netflix.discovery.DiscoveryClient    : Application version is -1: false
2021-07-23 20:12:28.852  INFO 23476 --- [DiscoveryClient-CacheRefreshExecutor-0] com.netflix.discovery.DiscoveryClient    : Getting all instance registry info from the eureka server
2021-07-23 20:12:28.902  INFO 23476 --- [DiscoveryClient-CacheRefreshExecutor-0] com.netflix.discovery.DiscoveryClient    : The response status is 200
2021-07-23 20:16:58.774  INFO 23476 --- [AsyncResolver-bootstrap-executor-0] c.n.d.s.r.aws.ConfigClusterResolver      : Resolving eureka endpoints via configuration
2021-07-23 20:21:58.790  INFO 23476 --- [AsyncResolver-bootstrap-executor-0] c.n.d.s.r.aws.ConfigClusterResolver      : Resolving eureka endpoints via configuration
2021-07-23 20:26:58.802  INFO 23476 --- [AsyncResolver-bootstrap-executor-0] c.n.d.s.r.aws.ConfigClusterResolver      : Resolving eureka endpoints via configuration
2021-07-23 20:31:58.817  INFO 23476 --- [AsyncResolver-bootstrap-executor-0] c.n.d.s.r.aws.ConfigClusterResolver      : Resolving eureka endpoints via configuration
2021-07-23 20:36:58.822  INFO 23476 --- [AsyncResolver-bootstrap-executor-0] c.n.d.s.r.aws.ConfigClusterResolver      : Resolving eureka endpoints via configuration
2021-07-23 20:41:58.835  INFO 23476 --- [AsyncResolver-bootstrap-executor-0] c.n.d.s.r.aws.ConfigClusterResolver      : Resolving eureka endpoints via configuration
2021-07-23 20:46:11.627  INFO 23476 --- [RMI TCP Connection(45)-127.0.0.1] inMXBeanRegistrar$SpringApplicationAdmin : Application shutdown requested.
2021-07-23 20:46:11.678  INFO 23476 --- [RMI TCP Connection(45)-127.0.0.1] o.s.c.n.e.s.EurekaServiceRegistry        : Unregistering application EMAIL-SERVICE with eureka with status DOWN
2021-07-23 20:46:11.683  WARN 23476 --- [RMI TCP Connection(45)-127.0.0.1] com.netflix.discovery.DiscoveryClient    : Saw local status change event StatusChangeEvent [timestamp=1627087571682, current=DOWN, previous=UP]
2021-07-23 20:46:11.683  INFO 23476 --- [DiscoveryClient-InstanceInfoReplicator-0] com.netflix.discovery.DiscoveryClient    : DiscoveryClient_EMAIL-SERVICE/192.168.1.187:email-service:8082: registering service...
2021-07-23 20:46:11.705  INFO 23476 --- [DiscoveryClient-InstanceInfoReplicator-0] com.netflix.discovery.DiscoveryClient    : DiscoveryClient_EMAIL-SERVICE/192.168.1.187:email-service:8082 - registration status: 204
2021-07-23 20:46:11.999  INFO 23476 --- [RMI TCP Connection(45)-127.0.0.1] o.apache.catalina.core.StandardService   : Stopping service [Tomcat]
2021-07-23 20:46:12.017  INFO 23476 --- [RMI TCP Connection(46)-127.0.0.1] inMXBeanRegistrar$SpringApplicationAdmin : Application shutdown requested.
2021-07-23 20:46:12.018  INFO 23476 --- [RMI TCP Connection(45)-127.0.0.1] o.a.c.c.C.[Tomcat].[localhost].[/]       : Destroying Spring FrameworkServlet 'dispatcherServlet'
2021-07-23 20:46:12.102  INFO 23476 --- [RMI TCP Connection(45)-127.0.0.1] o.s.s.c.ThreadPoolTaskScheduler          : Shutting down ExecutorService
2021-07-23 20:46:12.106  INFO 23476 --- [RMI TCP Connection(45)-127.0.0.1] o.s.s.concurrent.ThreadPoolTaskExecutor  : Shutting down ExecutorService 'applicationTaskExecutor'
2021-07-23 20:47:07.369  INFO 15756 --- [main] c.u.e.EmailServiceApplication            : No active profile set, falling back to default profiles: default
2021-07-23 20:47:08.638  WARN 15756 --- [main] o.s.boot.actuate.endpoint.EndpointId     : Endpoint ID 'service-registry' contains invalid characters, please migrate to a valid format.
2021-07-23 20:47:08.780  INFO 15756 --- [main] o.s.cloud.context.scope.GenericScope     : BeanFactory id=718fabf9-9b1a-3477-9b9a-516843e17f3e
2021-07-23 20:47:09.357  INFO 15756 --- [main] o.s.b.w.embedded.tomcat.TomcatWebServer  : Tomcat initialized with port(s): 8082 (http)
2021-07-23 20:47:09.365  INFO 15756 --- [main] o.apache.catalina.core.StandardService   : Starting service [Tomcat]
2021-07-23 20:47:09.365  INFO 15756 --- [main] org.apache.catalina.core.StandardEngine  : Starting Servlet engine: [Apache Tomcat/9.0.36]
2021-07-23 20:47:09.487  INFO 15756 --- [main] o.a.c.c.C.[Tomcat].[localhost].[/]       : Initializing Spring embedded WebApplicationContext
2021-07-23 20:47:09.487  INFO 15756 --- [main] w.s.c.ServletWebServerApplicationContext : Root WebApplicationContext: initialization completed in 2102 ms
2021-07-23 20:47:09.702  WARN 15756 --- [main] c.n.c.sources.URLConfigurationSource     : No URLs will be polled as dynamic configuration sources.
2021-07-23 20:47:09.702  INFO 15756 --- [main] c.n.c.sources.URLConfigurationSource     : To enable URLs as dynamic configuration sources, define System property archaius.configurationSource.additionalUrls or make config.properties available on classpath.
2021-07-23 20:47:09.711  INFO 15756 --- [main] c.netflix.config.DynamicPropertyFactory  : DynamicPropertyFactory is initialized with configuration sources: com.netflix.config.ConcurrentCompositeConfiguration@1e84f3c8
2021-07-23 20:47:10.786  INFO 15756 --- [main] o.s.b.a.e.web.EndpointLinksResolver      : Exposing 18 endpoint(s) beneath base path '/actuator'
2021-07-23 20:47:10.931  INFO 15756 --- [main] pertySourcedRequestMappingHandlerMapping : Mapped URL path [/v2/api-docs] onto method [springfox.documentation.swagger2.web.Swagger2Controller#getDocumentation(String, HttpServletRequest)]
2021-07-23 20:47:10.958  WARN 15756 --- [main] c.n.c.sources.URLConfigurationSource     : No URLs will be polled as dynamic configuration sources.
2021-07-23 20:47:10.959  INFO 15756 --- [main] c.n.c.sources.URLConfigurationSource     : To enable URLs as dynamic configuration sources, define System property archaius.configurationSource.additionalUrls or make config.properties available on classpath.
2021-07-23 20:47:11.192  INFO 15756 --- [main] o.s.s.concurrent.ThreadPoolTaskExecutor  : Initializing ExecutorService 'applicationTaskExecutor'
2021-07-23 20:47:11.800  INFO 15756 --- [main] o.s.s.c.ThreadPoolTaskScheduler          : Initializing ExecutorService
2021-07-23 20:47:12.198  INFO 15756 --- [RMI TCP Connection(1)-127.0.0.1] o.a.c.c.C.[Tomcat].[localhost].[/]       : Initializing Spring DispatcherServlet 'dispatcherServlet'
2021-07-23 20:47:12.199  INFO 15756 --- [RMI TCP Connection(1)-127.0.0.1] o.s.web.servlet.DispatcherServlet        : Initializing Servlet 'dispatcherServlet'
2021-07-23 20:47:12.221  WARN 15756 --- [main] ockingLoadBalancerClientRibbonWarnLogger : You already have RibbonLoadBalancerClient on your classpath. It will be used by default. As Spring Cloud Ribbon is in maintenance mode. We recommend switching to BlockingLoadBalancerClient instead. In order to use it, set the value of `spring.cloud.loadbalancer.ribbon.enabled` to `false` or remove spring-cloud-starter-netflix-ribbon from your project.
2021-07-23 20:47:12.281  INFO 15756 --- [RMI TCP Connection(1)-127.0.0.1] o.s.web.servlet.DispatcherServlet        : Completed initialization in 82 ms
2021-07-23 20:47:12.368  INFO 15756 --- [main] o.s.c.n.eureka.InstanceInfoFactory       : Setting initial instance status as: STARTING
2021-07-23 20:47:12.401  INFO 15756 --- [main] com.netflix.discovery.DiscoveryClient    : Initializing Eureka in region us-east-1
2021-07-23 20:47:12.446  INFO 15756 --- [main] c.n.d.provider.DiscoveryJerseyProvider   : Using JSON encoding codec LegacyJacksonJson
2021-07-23 20:47:12.446  INFO 15756 --- [main] c.n.d.provider.DiscoveryJerseyProvider   : Using JSON decoding codec LegacyJacksonJson
2021-07-23 20:47:12.545  INFO 15756 --- [main] c.n.d.provider.DiscoveryJerseyProvider   : Using XML encoding codec XStreamXml
2021-07-23 20:47:12.546  INFO 15756 --- [main] c.n.d.provider.DiscoveryJerseyProvider   : Using XML decoding codec XStreamXml
2021-07-23 20:47:12.693  INFO 15756 --- [main] c.n.d.s.r.aws.ConfigClusterResolver      : Resolving eureka endpoints via configuration
2021-07-23 20:47:12.876  INFO 15756 --- [main] com.netflix.discovery.DiscoveryClient    : Disable delta property : false
2021-07-23 20:47:12.876  INFO 15756 --- [main] com.netflix.discovery.DiscoveryClient    : Single vip registry refresh property : null
2021-07-23 20:47:12.877  INFO 15756 --- [main] com.netflix.discovery.DiscoveryClient    : Force full registry fetch : false
2021-07-23 20:47:12.877  INFO 15756 --- [main] com.netflix.discovery.DiscoveryClient    : Application is null : false
2021-07-23 20:47:12.877  INFO 15756 --- [main] com.netflix.discovery.DiscoveryClient    : Registered Applications size is zero : true
2021-07-23 20:47:12.877  INFO 15756 --- [main] com.netflix.discovery.DiscoveryClient    : Application version is -1: true
2021-07-23 20:47:12.877  INFO 15756 --- [main] com.netflix.discovery.DiscoveryClient    : Getting all instance registry info from the eureka server
2021-07-23 20:47:13.035  INFO 15756 --- [main] com.netflix.discovery.DiscoveryClient    : The response status is 200
2021-07-23 20:47:13.037  INFO 15756 --- [main] com.netflix.discovery.DiscoveryClient    : Starting heartbeat executor: renew interval is: 30
2021-07-23 20:47:13.039  INFO 15756 --- [main] c.n.discovery.InstanceInfoReplicator     : InstanceInfoReplicator onDemand update allowed rate per min is 4
2021-07-23 20:47:13.043  INFO 15756 --- [main] com.netflix.discovery.DiscoveryClient    : Discovery Client initialized at timestamp 1627087633042 with initial instances count: 0
2021-07-23 20:47:13.053  INFO 15756 --- [main] o.s.c.n.e.s.EurekaServiceRegistry        : Registering application EMAIL-SERVICE with eureka with status UP
2021-07-23 20:47:13.054  INFO 15756 --- [main] com.netflix.discovery.DiscoveryClient    : Saw local status change event StatusChangeEvent [timestamp=1627087633054, current=UP, previous=STARTING]
2021-07-23 20:47:13.057  INFO 15756 --- [DiscoveryClient-InstanceInfoReplicator-0] com.netflix.discovery.DiscoveryClient    : DiscoveryClient_EMAIL-SERVICE/192.168.1.187:email-service:8082: registering service...
2021-07-23 20:47:13.115  INFO 15756 --- [main] o.s.b.w.embedded.tomcat.TomcatWebServer  : Tomcat started on port(s): 8082 (http) with context path ''
2021-07-23 20:47:13.117  INFO 15756 --- [main] .s.c.n.e.s.EurekaAutoServiceRegistration : Updating port to 8082
2021-07-23 20:47:13.200  INFO 15756 --- [DiscoveryClient-InstanceInfoReplicator-0] com.netflix.discovery.DiscoveryClient    : DiscoveryClient_EMAIL-SERVICE/192.168.1.187:email-service:8082 - registration status: 204
2021-07-23 20:47:13.384  INFO 15756 --- [main] d.s.w.p.DocumentationPluginsBootstrapper : Context refreshed
2021-07-23 20:47:13.397  INFO 15756 --- [main] d.s.w.p.DocumentationPluginsBootstrapper : Found 1 custom documentation plugin(s)
2021-07-23 20:47:13.437  INFO 15756 --- [main] s.d.s.w.s.ApiListingReferenceScanner     : Scanning for api listing references
2021-07-23 20:47:13.535  INFO 15756 --- [main] c.u.e.EmailServiceApplication            : Started EmailServiceApplication in 7.505 seconds (JVM running for 8.454)
2021-07-23 20:47:14.277  INFO 15756 --- [registrationTask1] d.c.b.a.c.r.ApplicationRegistrator       : Application registered itself as c0b596d15039
2021-07-23 20:47:43.040  INFO 15756 --- [DiscoveryClient-CacheRefreshExecutor-0] com.netflix.discovery.DiscoveryClient    : Disable delta property : false
2021-07-23 20:47:43.041  INFO 15756 --- [DiscoveryClient-CacheRefreshExecutor-0] com.netflix.discovery.DiscoveryClient    : Single vip registry refresh property : null
2021-07-23 20:47:43.042  INFO 15756 --- [DiscoveryClient-CacheRefreshExecutor-0] com.netflix.discovery.DiscoveryClient    : Force full registry fetch : false
2021-07-23 20:47:43.042  INFO 15756 --- [DiscoveryClient-CacheRefreshExecutor-0] com.netflix.discovery.DiscoveryClient    : Application is null : false
2021-07-23 20:47:43.042  INFO 15756 --- [DiscoveryClient-CacheRefreshExecutor-0] com.netflix.discovery.DiscoveryClient    : Registered Applications size is zero : true
2021-07-23 20:47:43.043  INFO 15756 --- [DiscoveryClient-CacheRefreshExecutor-0] com.netflix.discovery.DiscoveryClient    : Application version is -1: false
2021-07-23 20:47:43.043  INFO 15756 --- [DiscoveryClient-CacheRefreshExecutor-0] com.netflix.discovery.DiscoveryClient    : Getting all instance registry info from the eureka server
2021-07-23 20:47:43.075  INFO 15756 --- [DiscoveryClient-CacheRefreshExecutor-0] com.netflix.discovery.DiscoveryClient    : The response status is 200
2021-07-23 20:52:12.894  INFO 15756 --- [AsyncResolver-bootstrap-executor-0] c.n.d.s.r.aws.ConfigClusterResolver      : Resolving eureka endpoints via configuration
2021-07-23 20:57:12.906  INFO 15756 --- [AsyncResolver-bootstrap-executor-0] c.n.d.s.r.aws.ConfigClusterResolver      : Resolving eureka endpoints via configuration
2021-07-23 21:02:12.913  INFO 15756 --- [AsyncResolver-bootstrap-executor-0] c.n.d.s.r.aws.ConfigClusterResolver      : Resolving eureka endpoints via configuration
2021-07-23 21:07:12.917  INFO 15756 --- [AsyncResolver-bootstrap-executor-0] c.n.d.s.r.aws.ConfigClusterResolver      : Resolving eureka endpoints via configuration
2021-07-23 21:12:12.919  INFO 15756 --- [AsyncResolver-bootstrap-executor-0] c.n.d.s.r.aws.ConfigClusterResolver      : Resolving eureka endpoints via configuration
2021-07-23 21:17:12.932  INFO 15756 --- [AsyncResolver-bootstrap-executor-0] c.n.d.s.r.aws.ConfigClusterResolver      : Resolving eureka endpoints via configuration
2021-07-23 21:22:12.944  INFO 15756 --- [AsyncResolver-bootstrap-executor-0] c.n.d.s.r.aws.ConfigClusterResolver      : Resolving eureka endpoints via configuration
2021-07-23 21:27:12.960  INFO 15756 --- [AsyncResolver-bootstrap-executor-0] c.n.d.s.r.aws.ConfigClusterResolver      : Resolving eureka endpoints via configuration
2021-07-23 21:32:12.967  INFO 15756 --- [AsyncResolver-bootstrap-executor-0] c.n.d.s.r.aws.ConfigClusterResolver      : Resolving eureka endpoints via configuration
2021-07-23 21:37:12.983  INFO 15756 --- [AsyncResolver-bootstrap-executor-0] c.n.d.s.r.aws.ConfigClusterResolver      : Resolving eureka endpoints via configuration
2021-07-23 21:38:10.288  INFO 15756 --- [http-nio-8082-exec-3] com.uga.email_service.aop.LoggingAspect  : Before method execution emailService
2021-07-23 21:38:11.440  INFO 15756 --- [http-nio-8082-exec-8] com.uga.email_service.aop.LoggingAspect  : Before method execution emailService
2021-07-23 21:38:11.757  INFO 15756 --- [http-nio-8082-exec-3] com.uga.email_service.aop.LoggingAspect  : execution(ResponseEntity com.uga.email_service.controller.EmailController.emailService(EmailRequest)) returned with value <200 OK OK,EmailResponse [message=Success, apiError=null],[]>
2021-07-23 21:38:11.762  INFO 15756 --- [http-nio-8082-exec-3] com.uga.email_service.aop.LoggingAspect  : after execution of execution(ResponseEntity com.uga.email_service.controller.EmailController.emailService(EmailRequest))
2021-07-23 21:38:11.764  INFO 15756 --- [http-nio-8082-exec-3] com.uga.email_service.aop.LoggingAspect  : Execution time of EmailController.emailService :: 1475 ms
2021-07-23 21:38:12.371  INFO 15756 --- [http-nio-8082-exec-8] com.uga.email_service.aop.LoggingAspect  : execution(ResponseEntity com.uga.email_service.controller.EmailController.emailService(EmailRequest)) returned with value <200 OK OK,EmailResponse [message=Success, apiError=null],[]>
2021-07-23 21:38:12.372  INFO 15756 --- [http-nio-8082-exec-8] com.uga.email_service.aop.LoggingAspect  : after execution of execution(ResponseEntity com.uga.email_service.controller.EmailController.emailService(EmailRequest))
2021-07-23 21:38:12.372  INFO 15756 --- [http-nio-8082-exec-8] com.uga.email_service.aop.LoggingAspect  : Execution time of EmailController.emailService :: 931 ms
2021-07-23 21:42:12.989  INFO 15756 --- [AsyncResolver-bootstrap-executor-0] c.n.d.s.r.aws.ConfigClusterResolver      : Resolving eureka endpoints via configuration
2021-07-23 21:47:13.005  INFO 15756 --- [AsyncResolver-bootstrap-executor-0] c.n.d.s.r.aws.ConfigClusterResolver      : Resolving eureka endpoints via configuration
2021-07-23 21:52:13.034  INFO 15756 --- [AsyncResolver-bootstrap-executor-0] c.n.d.s.r.aws.ConfigClusterResolver      : Resolving eureka endpoints via configuration
2021-07-23 21:57:13.049  INFO 15756 --- [AsyncResolver-bootstrap-executor-0] c.n.d.s.r.aws.ConfigClusterResolver      : Resolving eureka endpoints via configuration
2021-07-23 22:02:13.056  INFO 15756 --- [AsyncResolver-bootstrap-executor-0] c.n.d.s.r.aws.ConfigClusterResolver      : Resolving eureka endpoints via configuration
2021-07-23 22:07:13.063  INFO 15756 --- [AsyncResolver-bootstrap-executor-0] c.n.d.s.r.aws.ConfigClusterResolver      : Resolving eureka endpoints via configuration
2021-07-23 22:09:20.110  INFO 15756 --- [http-nio-8082-exec-10] com.uga.email_service.aop.LoggingAspect  : Before method execution emailService
2021-07-23 22:09:21.687  INFO 15756 --- [http-nio-8082-exec-10] com.uga.email_service.aop.LoggingAspect  : execution(ResponseEntity com.uga.email_service.controller.EmailController.emailService(EmailRequest)) returned with value <200 OK OK,EmailResponse [message=Success, apiError=null],[]>
2021-07-23 22:09:21.688  INFO 15756 --- [http-nio-8082-exec-10] com.uga.email_service.aop.LoggingAspect  : after execution of execution(ResponseEntity com.uga.email_service.controller.EmailController.emailService(EmailRequest))
2021-07-23 22:09:21.690  INFO 15756 --- [http-nio-8082-exec-10] com.uga.email_service.aop.LoggingAspect  : Execution time of EmailController.emailService :: 1580 ms
2021-07-23 22:12:13.064  INFO 15756 --- [AsyncResolver-bootstrap-executor-0] c.n.d.s.r.aws.ConfigClusterResolver      : Resolving eureka endpoints via configuration
2021-07-23 22:12:27.861  INFO 15756 --- [http-nio-8082-exec-4] com.uga.email_service.aop.LoggingAspect  : Before method execution emailService
2021-07-23 22:12:28.742  INFO 15756 --- [http-nio-8082-exec-4] com.uga.email_service.aop.LoggingAspect  : execution(ResponseEntity com.uga.email_service.controller.EmailController.emailService(EmailRequest)) returned with value <200 OK OK,EmailResponse [message=Success, apiError=null],[]>
2021-07-23 22:12:28.742  INFO 15756 --- [http-nio-8082-exec-4] com.uga.email_service.aop.LoggingAspect  : after execution of execution(ResponseEntity com.uga.email_service.controller.EmailController.emailService(EmailRequest))
2021-07-23 22:12:28.743  INFO 15756 --- [http-nio-8082-exec-4] com.uga.email_service.aop.LoggingAspect  : Execution time of EmailController.emailService :: 882 ms
2021-07-23 22:17:13.082  INFO 15756 --- [AsyncResolver-bootstrap-executor-0] c.n.d.s.r.aws.ConfigClusterResolver      : Resolving eureka endpoints via configuration
2021-07-23 22:22:13.084  INFO 15756 --- [AsyncResolver-bootstrap-executor-0] c.n.d.s.r.aws.ConfigClusterResolver      : Resolving eureka endpoints via configuration
2021-07-23 22:27:13.094  INFO 15756 --- [AsyncResolver-bootstrap-executor-0] c.n.d.s.r.aws.ConfigClusterResolver      : Resolving eureka endpoints via configuration
2021-07-23 22:32:13.099  INFO 15756 --- [AsyncResolver-bootstrap-executor-0] c.n.d.s.r.aws.ConfigClusterResolver      : Resolving eureka endpoints via configuration
2021-07-23 22:37:13.113  INFO 15756 --- [AsyncResolver-bootstrap-executor-0] c.n.d.s.r.aws.ConfigClusterResolver      : Resolving eureka endpoints via configuration
2021-07-23 22:42:13.120  INFO 15756 --- [AsyncResolver-bootstrap-executor-0] c.n.d.s.r.aws.ConfigClusterResolver      : Resolving eureka endpoints via configuration
2021-07-23 22:47:13.137  INFO 15756 --- [AsyncResolver-bootstrap-executor-0] c.n.d.s.r.aws.ConfigClusterResolver      : Resolving eureka endpoints via configuration
2021-07-23 22:52:13.152  INFO 15756 --- [AsyncResolver-bootstrap-executor-0] c.n.d.s.r.aws.ConfigClusterResolver      : Resolving eureka endpoints via configuration
2021-07-23 22:57:13.164  INFO 15756 --- [AsyncResolver-bootstrap-executor-0] c.n.d.s.r.aws.ConfigClusterResolver      : Resolving eureka endpoints via configuration
2021-07-23 23:02:13.172  INFO 15756 --- [AsyncResolver-bootstrap-executor-0] c.n.d.s.r.aws.ConfigClusterResolver      : Resolving eureka endpoints via configuration
2021-07-23 23:07:13.177  INFO 15756 --- [AsyncResolver-bootstrap-executor-0] c.n.d.s.r.aws.ConfigClusterResolver      : Resolving eureka endpoints via configuration
2021-07-23 23:12:13.188  INFO 15756 --- [AsyncResolver-bootstrap-executor-0] c.n.d.s.r.aws.ConfigClusterResolver      : Resolving eureka endpoints via configuration
2021-07-23 23:16:27.748  INFO 15756 --- [RMI TCP Connection(165)-127.0.0.1] inMXBeanRegistrar$SpringApplicationAdmin : Application shutdown requested.
2021-07-23 23:16:27.780  INFO 15756 --- [RMI TCP Connection(165)-127.0.0.1] o.s.c.n.e.s.EurekaServiceRegistry        : Unregistering application EMAIL-SERVICE with eureka with status DOWN
2021-07-23 23:16:27.780  WARN 15756 --- [RMI TCP Connection(165)-127.0.0.1] com.netflix.discovery.DiscoveryClient    : Saw local status change event StatusChangeEvent [timestamp=1627096587780, current=DOWN, previous=UP]
2021-07-23 23:16:27.781  INFO 15756 --- [DiscoveryClient-InstanceInfoReplicator-0] com.netflix.discovery.DiscoveryClient    : DiscoveryClient_EMAIL-SERVICE/192.168.1.187:email-service:8082: registering service...
2021-07-23 23:16:27.807  INFO 15756 --- [DiscoveryClient-InstanceInfoReplicator-0] com.netflix.discovery.DiscoveryClient    : DiscoveryClient_EMAIL-SERVICE/192.168.1.187:email-service:8082 - registration status: 204
2021-07-23 23:16:27.878  INFO 15756 --- [RMI TCP Connection(166)-127.0.0.1] inMXBeanRegistrar$SpringApplicationAdmin : Application shutdown requested.
2021-07-23 23:16:27.991  INFO 15756 --- [RMI TCP Connection(167)-127.0.0.1] inMXBeanRegistrar$SpringApplicationAdmin : Application shutdown requested.
2021-07-23 23:16:28.116  INFO 15756 --- [RMI TCP Connection(168)-127.0.0.1] inMXBeanRegistrar$SpringApplicationAdmin : Application shutdown requested.
2021-07-23 23:16:28.263  INFO 15756 --- [RMI TCP Connection(169)-127.0.0.1] inMXBeanRegistrar$SpringApplicationAdmin : Application shutdown requested.
2021-07-23 23:16:28.417  INFO 15756 --- [RMI TCP Connection(170)-127.0.0.1] inMXBeanRegistrar$SpringApplicationAdmin : Application shutdown requested.
2021-07-23 23:16:28.421  INFO 15756 --- [RMI TCP Connection(165)-127.0.0.1] o.apache.catalina.core.StandardService   : Stopping service [Tomcat]
2021-07-23 23:16:28.450  INFO 15756 --- [RMI TCP Connection(165)-127.0.0.1] o.a.c.c.C.[Tomcat].[localhost].[/]       : Destroying Spring FrameworkServlet 'dispatcherServlet'
2021-07-23 23:16:28.538  INFO 15756 --- [RMI TCP Connection(165)-127.0.0.1] o.s.s.c.ThreadPoolTaskScheduler          : Shutting down ExecutorService
2021-07-23 23:16:28.550  INFO 15756 --- [RMI TCP Connection(165)-127.0.0.1] o.s.s.concurrent.ThreadPoolTaskExecutor  : Shutting down ExecutorService 'applicationTaskExecutor'
