2021-07-31 00:33:29.857  INFO 20752 --- [main] c.u.o.OrderManageServiceApplication      : No active profile set, falling back to default profiles: default
2021-07-31 00:33:31.538  INFO 20752 --- [main] .s.d.r.c.RepositoryConfigurationDelegate : Bootstrapping Spring Data JPA repositories in DEFERRED mode.
2021-07-31 00:33:31.614  INFO 20752 --- [main] .s.d.r.c.RepositoryConfigurationDelegate : Finished Spring Data repository scanning in 67ms. Found 2 JPA repository interfaces.
2021-07-31 00:33:31.744  WARN 20752 --- [main] o.s.boot.actuate.endpoint.EndpointId     : Endpoint ID 'service-registry' contains invalid characters, please migrate to a valid format.
2021-07-31 00:33:31.919  INFO 20752 --- [main] o.s.cloud.context.scope.GenericScope     : BeanFactory id=7ebb9ac0-b96b-3cb0-8fcf-e0ee99864b59
2021-07-31 00:33:32.849  INFO 20752 --- [main] o.s.b.w.embedded.tomcat.TomcatWebServer  : Tomcat initialized with port(s): 8091 (http)
2021-07-31 00:33:32.861  INFO 20752 --- [main] o.apache.catalina.core.StandardService   : Starting service [Tomcat]
2021-07-31 00:33:32.861  INFO 20752 --- [main] org.apache.catalina.core.StandardEngine  : Starting Servlet engine: [Apache Tomcat/9.0.36]
2021-07-31 00:33:33.025  INFO 20752 --- [main] o.a.c.c.C.[Tomcat].[localhost].[/]       : Initializing Spring embedded WebApplicationContext
2021-07-31 00:33:33.025  INFO 20752 --- [main] w.s.c.ServletWebServerApplicationContext : Root WebApplicationContext: initialization completed in 3120 ms
2021-07-31 00:33:33.162  WARN 20752 --- [main] c.n.c.sources.URLConfigurationSource     : No URLs will be polled as dynamic configuration sources.
2021-07-31 00:33:33.162  INFO 20752 --- [main] c.n.c.sources.URLConfigurationSource     : To enable URLs as dynamic configuration sources, define System property archaius.configurationSource.additionalUrls or make config.properties available on classpath.
2021-07-31 00:33:33.173  INFO 20752 --- [main] c.netflix.config.DynamicPropertyFactory  : DynamicPropertyFactory is initialized with configuration sources: com.netflix.config.ConcurrentCompositeConfiguration@1d4f5506
2021-07-31 00:33:33.513  INFO 20752 --- [main] o.s.s.concurrent.ThreadPoolTaskExecutor  : Initializing ExecutorService 'applicationTaskExecutor'
2021-07-31 00:33:33.532  INFO 20752 --- [main] com.zaxxer.hikari.HikariDataSource       : HikariPool-1 - Starting...
2021-07-31 00:33:35.092  INFO 20752 --- [main] com.zaxxer.hikari.HikariDataSource       : HikariPool-1 - Start completed.
2021-07-31 00:33:35.162  INFO 20752 --- [task-1] o.hibernate.jpa.internal.util.LogHelper  : HHH000204: Processing PersistenceUnitInfo [name: default]
2021-07-31 00:33:35.289  INFO 20752 --- [task-1] org.hibernate.Version                    : HHH000412: Hibernate ORM core version 5.4.17.Final
2021-07-31 00:33:35.595  INFO 20752 --- [task-1] o.hibernate.annotations.common.Version   : HCANN000001: Hibernate Commons Annotations {5.1.0.Final}
2021-07-31 00:33:35.701  WARN 20752 --- [main] JpaBaseConfiguration$JpaWebConfiguration : spring.jpa.open-in-view is enabled by default. Therefore, database queries may be performed during view rendering. Explicitly configure spring.jpa.open-in-view to disable this warning
2021-07-31 00:33:35.817  INFO 20752 --- [task-1] org.hibernate.dialect.Dialect            : HHH000400: Using dialect: org.hibernate.dialect.MySQL5InnoDBDialect
2021-07-31 00:33:36.322  WARN 20752 --- [task-1] org.hibernate.mapping.RootClass          : HHH000038: Composite-id class does not override equals(): com.uga.order_manage_service.model.OrderedBookId
2021-07-31 00:33:36.324  WARN 20752 --- [task-1] org.hibernate.mapping.RootClass          : HHH000039: Composite-id class does not override hashCode(): com.uga.order_manage_service.model.OrderedBookId
2021-07-31 00:33:37.140  INFO 20752 --- [main] o.s.b.a.e.web.EndpointLinksResolver      : Exposing 18 endpoint(s) beneath base path '/actuator'
2021-07-31 00:33:37.483  INFO 20752 --- [main] pertySourcedRequestMappingHandlerMapping : Mapped URL path [/v2/api-docs] onto method [springfox.documentation.swagger2.web.Swagger2Controller#getDocumentation(String, HttpServletRequest)]
2021-07-31 00:33:37.537  WARN 20752 --- [main] c.n.c.sources.URLConfigurationSource     : No URLs will be polled as dynamic configuration sources.
2021-07-31 00:33:37.537  INFO 20752 --- [main] c.n.c.sources.URLConfigurationSource     : To enable URLs as dynamic configuration sources, define System property archaius.configurationSource.additionalUrls or make config.properties available on classpath.
2021-07-31 00:33:37.636  INFO 20752 --- [task-1] o.h.e.t.j.p.i.JtaPlatformInitiator       : HHH000490: Using JtaPlatform implementation: [org.hibernate.engine.transaction.jta.platform.internal.NoJtaPlatform]
2021-07-31 00:33:37.652  INFO 20752 --- [task-1] j.LocalContainerEntityManagerFactoryBean : Initialized JPA EntityManagerFactory for persistence unit 'default'
2021-07-31 00:33:38.973  INFO 20752 --- [main] o.s.s.c.ThreadPoolTaskScheduler          : Initializing ExecutorService
2021-07-31 00:33:39.722  WARN 20752 --- [main] ockingLoadBalancerClientRibbonWarnLogger : You already have RibbonLoadBalancerClient on your classpath. It will be used by default. As Spring Cloud Ribbon is in maintenance mode. We recommend switching to BlockingLoadBalancerClient instead. In order to use it, set the value of `spring.cloud.loadbalancer.ribbon.enabled` to `false` or remove spring-cloud-starter-netflix-ribbon from your project.
2021-07-31 00:33:39.883  INFO 20752 --- [main] o.s.c.n.eureka.InstanceInfoFactory       : Setting initial instance status as: STARTING
2021-07-31 00:33:39.934  INFO 20752 --- [main] com.netflix.discovery.DiscoveryClient    : Initializing Eureka in region us-east-1
2021-07-31 00:33:40.009  INFO 20752 --- [main] c.n.d.provider.DiscoveryJerseyProvider   : Using JSON encoding codec LegacyJacksonJson
2021-07-31 00:33:40.010  INFO 20752 --- [main] c.n.d.provider.DiscoveryJerseyProvider   : Using JSON decoding codec LegacyJacksonJson
2021-07-31 00:33:40.278  INFO 20752 --- [main] c.n.d.provider.DiscoveryJerseyProvider   : Using XML encoding codec XStreamXml
2021-07-31 00:33:40.279  INFO 20752 --- [main] c.n.d.provider.DiscoveryJerseyProvider   : Using XML decoding codec XStreamXml
2021-07-31 00:33:40.541  INFO 20752 --- [main] c.n.d.s.r.aws.ConfigClusterResolver      : Resolving eureka endpoints via configuration
2021-07-31 00:33:40.611  INFO 20752 --- [RMI TCP Connection(1)-127.0.0.1] o.a.c.c.C.[Tomcat].[localhost].[/]       : Initializing Spring DispatcherServlet 'dispatcherServlet'
2021-07-31 00:33:40.611  INFO 20752 --- [RMI TCP Connection(1)-127.0.0.1] o.s.web.servlet.DispatcherServlet        : Initializing Servlet 'dispatcherServlet'
2021-07-31 00:33:40.633  INFO 20752 --- [RMI TCP Connection(1)-127.0.0.1] o.s.web.servlet.DispatcherServlet        : Completed initialization in 21 ms
2021-07-31 00:33:40.786  INFO 20752 --- [main] com.netflix.discovery.DiscoveryClient    : Disable delta property : false
2021-07-31 00:33:40.787  INFO 20752 --- [main] com.netflix.discovery.DiscoveryClient    : Single vip registry refresh property : null
2021-07-31 00:33:40.787  INFO 20752 --- [main] com.netflix.discovery.DiscoveryClient    : Force full registry fetch : false
2021-07-31 00:33:40.787  INFO 20752 --- [main] com.netflix.discovery.DiscoveryClient    : Application is null : false
2021-07-31 00:33:40.787  INFO 20752 --- [main] com.netflix.discovery.DiscoveryClient    : Registered Applications size is zero : true
2021-07-31 00:33:40.787  INFO 20752 --- [main] com.netflix.discovery.DiscoveryClient    : Application version is -1: true
2021-07-31 00:33:40.787  INFO 20752 --- [main] com.netflix.discovery.DiscoveryClient    : Getting all instance registry info from the eureka server
2021-07-31 00:33:40.938  INFO 20752 --- [main] com.netflix.discovery.DiscoveryClient    : The response status is 200
2021-07-31 00:33:40.943  INFO 20752 --- [main] com.netflix.discovery.DiscoveryClient    : Starting heartbeat executor: renew interval is: 30
2021-07-31 00:33:40.946  INFO 20752 --- [main] c.n.discovery.InstanceInfoReplicator     : InstanceInfoReplicator onDemand update allowed rate per min is 4
2021-07-31 00:33:40.952  INFO 20752 --- [main] com.netflix.discovery.DiscoveryClient    : Discovery Client initialized at timestamp 1627706020949 with initial instances count: 1
2021-07-31 00:33:40.962  INFO 20752 --- [main] o.s.c.n.e.s.EurekaServiceRegistry        : Registering application ORDER-MANAGE-SERVICE with eureka with status UP
2021-07-31 00:33:40.963  INFO 20752 --- [main] com.netflix.discovery.DiscoveryClient    : Saw local status change event StatusChangeEvent [timestamp=1627706020963, current=UP, previous=STARTING]
2021-07-31 00:33:40.966  INFO 20752 --- [DiscoveryClient-InstanceInfoReplicator-0] com.netflix.discovery.DiscoveryClient    : DiscoveryClient_ORDER-MANAGE-SERVICE/192.168.1.187:order-manage-service:8091: registering service...
2021-07-31 00:33:41.025  INFO 20752 --- [DiscoveryClient-InstanceInfoReplicator-0] com.netflix.discovery.DiscoveryClient    : DiscoveryClient_ORDER-MANAGE-SERVICE/192.168.1.187:order-manage-service:8091 - registration status: 204
2021-07-31 00:33:41.058  INFO 20752 --- [main] o.s.b.w.embedded.tomcat.TomcatWebServer  : Tomcat started on port(s): 8091 (http) with context path ''
2021-07-31 00:33:41.060  INFO 20752 --- [main] .s.c.n.e.s.EurekaAutoServiceRegistration : Updating port to 8091
2021-07-31 00:33:41.317  INFO 20752 --- [main] d.s.w.p.DocumentationPluginsBootstrapper : Context refreshed
2021-07-31 00:33:41.395  INFO 20752 --- [main] d.s.w.p.DocumentationPluginsBootstrapper : Found 1 custom documentation plugin(s)
2021-07-31 00:33:41.471  INFO 20752 --- [main] s.d.s.w.s.ApiListingReferenceScanner     : Scanning for api listing references
2021-07-31 00:33:41.711  INFO 20752 --- [main] DeferredRepositoryInitializationListener : Triggering deferred initialization of Spring Data repositories…
2021-07-31 00:33:42.264  INFO 20752 --- [main] DeferredRepositoryInitializationListener : Spring Data repositories initialized!
2021-07-31 00:33:42.268  INFO 20752 --- [main] c.u.o.OrderManageServiceApplication      : Started OrderManageServiceApplication in 13.88 seconds (JVM running for 14.948)
2021-07-31 00:33:42.377  INFO 20752 --- [registrationTask1] d.c.b.a.c.r.ApplicationRegistrator       : Application registered itself as 63faffe24d03
2021-07-31 00:34:38.492  INFO 20752 --- [http-nio-8091-exec-6] c.u.o.aop.LoggingAspect                  : Before method execution placeOrder
2021-07-31 00:34:39.648  INFO 20752 --- [http-nio-8091-exec-6] c.u.o.aop.LoggingAspect                  : execution(ResponseEntity com.uga.order_manage_service.controller.OrderManageController.placeOrder(String,OrderRequest)) returned with value <200 OK OK,OrderListResponse [message=Success, apiError=null, orders=null],[]>
2021-07-31 00:34:39.649  INFO 20752 --- [http-nio-8091-exec-6] c.u.o.aop.LoggingAspect                  : after execution of execution(ResponseEntity com.uga.order_manage_service.controller.OrderManageController.placeOrder(String,OrderRequest))
2021-07-31 00:34:39.649  INFO 20752 --- [http-nio-8091-exec-6] c.u.o.aop.LoggingAspect                  : Execution time of OrderManageController.placeOrder :: 1157 ms
2021-07-31 00:38:40.798  INFO 20752 --- [AsyncResolver-bootstrap-executor-0] c.n.d.s.r.aws.ConfigClusterResolver      : Resolving eureka endpoints via configuration
2021-07-31 00:43:40.804  INFO 20752 --- [AsyncResolver-bootstrap-executor-0] c.n.d.s.r.aws.ConfigClusterResolver      : Resolving eureka endpoints via configuration
2021-07-31 00:43:47.187  INFO 20752 --- [RMI TCP Connection(20)-127.0.0.1] inMXBeanRegistrar$SpringApplicationAdmin : Application shutdown requested.
2021-07-31 00:43:47.189  INFO 20752 --- [RMI TCP Connection(20)-127.0.0.1] o.s.c.n.e.s.EurekaServiceRegistry        : Unregistering application ORDER-MANAGE-SERVICE with eureka with status DOWN
2021-07-31 00:43:47.189  WARN 20752 --- [RMI TCP Connection(20)-127.0.0.1] com.netflix.discovery.DiscoveryClient    : Saw local status change event StatusChangeEvent [timestamp=1627706627189, current=DOWN, previous=UP]
2021-07-31 00:43:47.190  INFO 20752 --- [DiscoveryClient-InstanceInfoReplicator-0] com.netflix.discovery.DiscoveryClient    : DiscoveryClient_ORDER-MANAGE-SERVICE/192.168.1.187:order-manage-service:8091: registering service...
2021-07-31 00:43:47.216  INFO 20752 --- [DiscoveryClient-InstanceInfoReplicator-0] com.netflix.discovery.DiscoveryClient    : DiscoveryClient_ORDER-MANAGE-SERVICE/192.168.1.187:order-manage-service:8091 - registration status: 204
2021-07-31 00:43:47.366  INFO 20752 --- [RMI TCP Connection(20)-127.0.0.1] o.apache.catalina.core.StandardService   : Stopping service [Tomcat]
2021-07-31 00:43:47.374  INFO 20752 --- [RMI TCP Connection(20)-127.0.0.1] o.a.c.c.C.[Tomcat].[localhost].[/]       : Destroying Spring FrameworkServlet 'dispatcherServlet'
2021-07-31 00:43:47.393  INFO 20752 --- [RMI TCP Connection(20)-127.0.0.1] o.s.s.c.ThreadPoolTaskScheduler          : Shutting down ExecutorService
2021-07-31 00:43:47.401  INFO 20752 --- [RMI TCP Connection(20)-127.0.0.1] j.LocalContainerEntityManagerFactoryBean : Closing JPA EntityManagerFactory for persistence unit 'default'
2021-07-31 00:43:47.403  INFO 20752 --- [RMI TCP Connection(20)-127.0.0.1] o.s.s.concurrent.ThreadPoolTaskExecutor  : Shutting down ExecutorService 'applicationTaskExecutor'
2021-07-31 00:43:47.404  INFO 20752 --- [RMI TCP Connection(20)-127.0.0.1] com.zaxxer.hikari.HikariDataSource       : HikariPool-1 - Shutdown initiated...
2021-07-31 00:43:47.416  INFO 20752 --- [RMI TCP Connection(20)-127.0.0.1] com.zaxxer.hikari.HikariDataSource       : HikariPool-1 - Shutdown completed.
2021-07-31 00:43:47.418  INFO 20752 --- [RMI TCP Connection(20)-127.0.0.1] com.netflix.discovery.DiscoveryClient    : Shutting down DiscoveryClient ...
2021-07-31 00:43:50.427  INFO 20752 --- [RMI TCP Connection(20)-127.0.0.1] com.netflix.discovery.DiscoveryClient    : Unregistering ...
2021-07-31 00:43:50.446  INFO 20752 --- [RMI TCP Connection(20)-127.0.0.1] com.netflix.discovery.DiscoveryClient    : DiscoveryClient_ORDER-MANAGE-SERVICE/192.168.1.187:order-manage-service:8091 - deregister  status: 200
2021-07-31 00:43:50.473  INFO 20752 --- [RMI TCP Connection(20)-127.0.0.1] com.netflix.discovery.DiscoveryClient    : Completed shut down of DiscoveryClient
2021-07-31 00:43:56.723  INFO 8344 --- [main] c.u.o.OrderManageServiceApplication      : No active profile set, falling back to default profiles: default
2021-07-31 00:43:58.274  INFO 8344 --- [main] .s.d.r.c.RepositoryConfigurationDelegate : Bootstrapping Spring Data JPA repositories in DEFERRED mode.
2021-07-31 00:43:58.348  INFO 8344 --- [main] .s.d.r.c.RepositoryConfigurationDelegate : Finished Spring Data repository scanning in 65ms. Found 2 JPA repository interfaces.
2021-07-31 00:43:58.480  WARN 8344 --- [main] o.s.boot.actuate.endpoint.EndpointId     : Endpoint ID 'service-registry' contains invalid characters, please migrate to a valid format.
2021-07-31 00:43:58.626  INFO 8344 --- [main] o.s.cloud.context.scope.GenericScope     : BeanFactory id=7ebb9ac0-b96b-3cb0-8fcf-e0ee99864b59
2021-07-31 00:43:59.404  INFO 8344 --- [main] o.s.b.w.embedded.tomcat.TomcatWebServer  : Tomcat initialized with port(s): 8091 (http)
2021-07-31 00:43:59.411  INFO 8344 --- [main] o.apache.catalina.core.StandardService   : Starting service [Tomcat]
2021-07-31 00:43:59.412  INFO 8344 --- [main] org.apache.catalina.core.StandardEngine  : Starting Servlet engine: [Apache Tomcat/9.0.36]
2021-07-31 00:43:59.566  INFO 8344 --- [main] o.a.c.c.C.[Tomcat].[localhost].[/]       : Initializing Spring embedded WebApplicationContext
2021-07-31 00:43:59.567  INFO 8344 --- [main] w.s.c.ServletWebServerApplicationContext : Root WebApplicationContext: initialization completed in 2817 ms
2021-07-31 00:43:59.692  WARN 8344 --- [main] c.n.c.sources.URLConfigurationSource     : No URLs will be polled as dynamic configuration sources.
2021-07-31 00:43:59.693  INFO 8344 --- [main] c.n.c.sources.URLConfigurationSource     : To enable URLs as dynamic configuration sources, define System property archaius.configurationSource.additionalUrls or make config.properties available on classpath.
2021-07-31 00:43:59.705  INFO 8344 --- [main] c.netflix.config.DynamicPropertyFactory  : DynamicPropertyFactory is initialized with configuration sources: com.netflix.config.ConcurrentCompositeConfiguration@778a1250
2021-07-31 00:44:00.149  INFO 8344 --- [main] o.s.s.concurrent.ThreadPoolTaskExecutor  : Initializing ExecutorService 'applicationTaskExecutor'
2021-07-31 00:44:00.172  INFO 8344 --- [main] com.zaxxer.hikari.HikariDataSource       : HikariPool-1 - Starting...
2021-07-31 00:44:01.720  INFO 8344 --- [main] com.zaxxer.hikari.HikariDataSource       : HikariPool-1 - Start completed.
2021-07-31 00:44:01.788  INFO 8344 --- [task-1] o.hibernate.jpa.internal.util.LogHelper  : HHH000204: Processing PersistenceUnitInfo [name: default]
2021-07-31 00:44:01.926  INFO 8344 --- [task-1] org.hibernate.Version                    : HHH000412: Hibernate ORM core version 5.4.17.Final
2021-07-31 00:44:02.247  INFO 8344 --- [task-1] o.hibernate.annotations.common.Version   : HCANN000001: Hibernate Commons Annotations {5.1.0.Final}
2021-07-31 00:44:02.347  WARN 8344 --- [main] JpaBaseConfiguration$JpaWebConfiguration : spring.jpa.open-in-view is enabled by default. Therefore, database queries may be performed during view rendering. Explicitly configure spring.jpa.open-in-view to disable this warning
2021-07-31 00:44:02.447  INFO 8344 --- [task-1] org.hibernate.dialect.Dialect            : HHH000400: Using dialect: org.hibernate.dialect.MySQL5InnoDBDialect
2021-07-31 00:44:02.843  WARN 8344 --- [task-1] org.hibernate.mapping.RootClass          : HHH000038: Composite-id class does not override equals(): com.uga.order_manage_service.model.OrderedBookId
2021-07-31 00:44:02.843  WARN 8344 --- [task-1] org.hibernate.mapping.RootClass          : HHH000039: Composite-id class does not override hashCode(): com.uga.order_manage_service.model.OrderedBookId
2021-07-31 00:44:03.330  INFO 8344 --- [main] o.s.b.a.e.web.EndpointLinksResolver      : Exposing 18 endpoint(s) beneath base path '/actuator'
2021-07-31 00:44:03.709  INFO 8344 --- [main] pertySourcedRequestMappingHandlerMapping : Mapped URL path [/v2/api-docs] onto method [springfox.documentation.swagger2.web.Swagger2Controller#getDocumentation(String, HttpServletRequest)]
2021-07-31 00:44:03.749  WARN 8344 --- [main] c.n.c.sources.URLConfigurationSource     : No URLs will be polled as dynamic configuration sources.
2021-07-31 00:44:03.750  INFO 8344 --- [main] c.n.c.sources.URLConfigurationSource     : To enable URLs as dynamic configuration sources, define System property archaius.configurationSource.additionalUrls or make config.properties available on classpath.
2021-07-31 00:44:03.852  INFO 8344 --- [task-1] o.h.e.t.j.p.i.JtaPlatformInitiator       : HHH000490: Using JtaPlatform implementation: [org.hibernate.engine.transaction.jta.platform.internal.NoJtaPlatform]
2021-07-31 00:44:03.866  INFO 8344 --- [task-1] j.LocalContainerEntityManagerFactoryBean : Initialized JPA EntityManagerFactory for persistence unit 'default'
2021-07-31 00:44:04.687  INFO 8344 --- [main] o.s.s.c.ThreadPoolTaskScheduler          : Initializing ExecutorService
2021-07-31 00:44:05.387  INFO 8344 --- [RMI TCP Connection(3)-127.0.0.1] o.a.c.c.C.[Tomcat].[localhost].[/]       : Initializing Spring DispatcherServlet 'dispatcherServlet'
2021-07-31 00:44:05.387  INFO 8344 --- [RMI TCP Connection(3)-127.0.0.1] o.s.web.servlet.DispatcherServlet        : Initializing Servlet 'dispatcherServlet'
2021-07-31 00:44:05.398  WARN 8344 --- [main] ockingLoadBalancerClientRibbonWarnLogger : You already have RibbonLoadBalancerClient on your classpath. It will be used by default. As Spring Cloud Ribbon is in maintenance mode. We recommend switching to BlockingLoadBalancerClient instead. In order to use it, set the value of `spring.cloud.loadbalancer.ribbon.enabled` to `false` or remove spring-cloud-starter-netflix-ribbon from your project.
2021-07-31 00:44:05.448  INFO 8344 --- [RMI TCP Connection(3)-127.0.0.1] o.s.web.servlet.DispatcherServlet        : Completed initialization in 61 ms
2021-07-31 00:44:05.624  INFO 8344 --- [main] o.s.c.n.eureka.InstanceInfoFactory       : Setting initial instance status as: STARTING
2021-07-31 00:44:05.671  INFO 8344 --- [main] com.netflix.discovery.DiscoveryClient    : Initializing Eureka in region us-east-1
2021-07-31 00:44:05.739  INFO 8344 --- [main] c.n.d.provider.DiscoveryJerseyProvider   : Using JSON encoding codec LegacyJacksonJson
2021-07-31 00:44:05.740  INFO 8344 --- [main] c.n.d.provider.DiscoveryJerseyProvider   : Using JSON decoding codec LegacyJacksonJson
2021-07-31 00:44:05.933  INFO 8344 --- [main] c.n.d.provider.DiscoveryJerseyProvider   : Using XML encoding codec XStreamXml
2021-07-31 00:44:05.934  INFO 8344 --- [main] c.n.d.provider.DiscoveryJerseyProvider   : Using XML decoding codec XStreamXml
2021-07-31 00:44:06.221  INFO 8344 --- [main] c.n.d.s.r.aws.ConfigClusterResolver      : Resolving eureka endpoints via configuration
2021-07-31 00:44:06.518  INFO 8344 --- [main] com.netflix.discovery.DiscoveryClient    : Disable delta property : false
2021-07-31 00:44:06.518  INFO 8344 --- [main] com.netflix.discovery.DiscoveryClient    : Single vip registry refresh property : null
2021-07-31 00:44:06.518  INFO 8344 --- [main] com.netflix.discovery.DiscoveryClient    : Force full registry fetch : false
2021-07-31 00:44:06.518  INFO 8344 --- [main] com.netflix.discovery.DiscoveryClient    : Application is null : false
2021-07-31 00:44:06.518  INFO 8344 --- [main] com.netflix.discovery.DiscoveryClient    : Registered Applications size is zero : true
2021-07-31 00:44:06.518  INFO 8344 --- [main] com.netflix.discovery.DiscoveryClient    : Application version is -1: true
2021-07-31 00:44:06.519  INFO 8344 --- [main] com.netflix.discovery.DiscoveryClient    : Getting all instance registry info from the eureka server
2021-07-31 00:44:06.767  INFO 8344 --- [main] com.netflix.discovery.DiscoveryClient    : The response status is 200
2021-07-31 00:44:06.772  INFO 8344 --- [main] com.netflix.discovery.DiscoveryClient    : Starting heartbeat executor: renew interval is: 30
2021-07-31 00:44:06.775  INFO 8344 --- [main] c.n.discovery.InstanceInfoReplicator     : InstanceInfoReplicator onDemand update allowed rate per min is 4
2021-07-31 00:44:06.785  INFO 8344 --- [main] com.netflix.discovery.DiscoveryClient    : Discovery Client initialized at timestamp 1627706646782 with initial instances count: 1
2021-07-31 00:44:06.803  INFO 8344 --- [main] o.s.c.n.e.s.EurekaServiceRegistry        : Registering application ORDER-MANAGE-SERVICE with eureka with status UP
2021-07-31 00:44:06.804  INFO 8344 --- [main] com.netflix.discovery.DiscoveryClient    : Saw local status change event StatusChangeEvent [timestamp=1627706646804, current=UP, previous=STARTING]
2021-07-31 00:44:06.807  INFO 8344 --- [DiscoveryClient-InstanceInfoReplicator-0] com.netflix.discovery.DiscoveryClient    : DiscoveryClient_ORDER-MANAGE-SERVICE/192.168.1.187:order-manage-service:8091: registering service...
2021-07-31 00:44:06.860  INFO 8344 --- [DiscoveryClient-InstanceInfoReplicator-0] com.netflix.discovery.DiscoveryClient    : DiscoveryClient_ORDER-MANAGE-SERVICE/192.168.1.187:order-manage-service:8091 - registration status: 204
2021-07-31 00:44:06.939  INFO 8344 --- [main] o.s.b.w.embedded.tomcat.TomcatWebServer  : Tomcat started on port(s): 8091 (http) with context path ''
2021-07-31 00:44:07.056  INFO 8344 --- [main] .s.c.n.e.s.EurekaAutoServiceRegistration : Updating port to 8091
2021-07-31 00:44:07.633  INFO 8344 --- [main] d.s.w.p.DocumentationPluginsBootstrapper : Context refreshed
2021-07-31 00:44:07.662  INFO 8344 --- [main] d.s.w.p.DocumentationPluginsBootstrapper : Found 1 custom documentation plugin(s)
2021-07-31 00:44:07.724  INFO 8344 --- [main] s.d.s.w.s.ApiListingReferenceScanner     : Scanning for api listing references
2021-07-31 00:44:07.906  INFO 8344 --- [main] DeferredRepositoryInitializationListener : Triggering deferred initialization of Spring Data repositories…
2021-07-31 00:44:08.741  INFO 8344 --- [main] DeferredRepositoryInitializationListener : Spring Data repositories initialized!
2021-07-31 00:44:08.745  INFO 8344 --- [main] c.u.o.OrderManageServiceApplication      : Started OrderManageServiceApplication in 13.595 seconds (JVM running for 14.594)
2021-07-31 00:44:08.824  INFO 8344 --- [registrationTask1] d.c.b.a.c.r.ApplicationRegistrator       : Application registered itself as 63faffe24d03
2021-07-31 00:45:09.367  INFO 8344 --- [RMI TCP Connection(10)-127.0.0.1] inMXBeanRegistrar$SpringApplicationAdmin : Application shutdown requested.
2021-07-31 00:45:09.368  INFO 8344 --- [RMI TCP Connection(10)-127.0.0.1] o.s.c.n.e.s.EurekaServiceRegistry        : Unregistering application ORDER-MANAGE-SERVICE with eureka with status DOWN
2021-07-31 00:45:09.369  WARN 8344 --- [RMI TCP Connection(10)-127.0.0.1] com.netflix.discovery.DiscoveryClient    : Saw local status change event StatusChangeEvent [timestamp=1627706709369, current=DOWN, previous=UP]
2021-07-31 00:45:09.369  INFO 8344 --- [DiscoveryClient-InstanceInfoReplicator-0] com.netflix.discovery.DiscoveryClient    : DiscoveryClient_ORDER-MANAGE-SERVICE/192.168.1.187:order-manage-service:8091: registering service...
2021-07-31 00:45:09.392  INFO 8344 --- [DiscoveryClient-InstanceInfoReplicator-0] com.netflix.discovery.DiscoveryClient    : DiscoveryClient_ORDER-MANAGE-SERVICE/192.168.1.187:order-manage-service:8091 - registration status: 204
2021-07-31 00:45:09.520  INFO 8344 --- [RMI TCP Connection(12)-127.0.0.1] inMXBeanRegistrar$SpringApplicationAdmin : Application shutdown requested.
2021-07-31 00:45:09.550  INFO 8344 --- [RMI TCP Connection(10)-127.0.0.1] o.apache.catalina.core.StandardService   : Stopping service [Tomcat]
2021-07-31 00:45:09.554  INFO 8344 --- [RMI TCP Connection(10)-127.0.0.1] o.a.c.c.C.[Tomcat].[localhost].[/]       : Destroying Spring FrameworkServlet 'dispatcherServlet'
2021-07-31 00:45:09.580  INFO 8344 --- [RMI TCP Connection(10)-127.0.0.1] o.s.s.c.ThreadPoolTaskScheduler          : Shutting down ExecutorService
2021-07-31 00:45:09.587  INFO 8344 --- [RMI TCP Connection(10)-127.0.0.1] j.LocalContainerEntityManagerFactoryBean : Closing JPA EntityManagerFactory for persistence unit 'default'
2021-07-31 00:45:09.590  INFO 8344 --- [RMI TCP Connection(10)-127.0.0.1] o.s.s.concurrent.ThreadPoolTaskExecutor  : Shutting down ExecutorService 'applicationTaskExecutor'
2021-07-31 00:45:09.590  INFO 8344 --- [RMI TCP Connection(10)-127.0.0.1] com.zaxxer.hikari.HikariDataSource       : HikariPool-1 - Shutdown initiated...
2021-07-31 00:45:09.603  INFO 8344 --- [RMI TCP Connection(10)-127.0.0.1] com.zaxxer.hikari.HikariDataSource       : HikariPool-1 - Shutdown completed.
2021-07-31 00:45:09.605  INFO 8344 --- [RMI TCP Connection(10)-127.0.0.1] com.netflix.discovery.DiscoveryClient    : Shutting down DiscoveryClient ...
2021-07-31 01:30:31.888  INFO 16064 --- [main] c.u.o.OrderManageServiceApplication      : No active profile set, falling back to default profiles: default
2021-07-31 01:30:33.306  INFO 16064 --- [main] .s.d.r.c.RepositoryConfigurationDelegate : Bootstrapping Spring Data JPA repositories in DEFERRED mode.
2021-07-31 01:30:33.388  INFO 16064 --- [main] .s.d.r.c.RepositoryConfigurationDelegate : Finished Spring Data repository scanning in 74ms. Found 2 JPA repository interfaces.
2021-07-31 01:30:33.523  WARN 16064 --- [main] o.s.boot.actuate.endpoint.EndpointId     : Endpoint ID 'service-registry' contains invalid characters, please migrate to a valid format.
2021-07-31 01:30:33.667  INFO 16064 --- [main] o.s.cloud.context.scope.GenericScope     : BeanFactory id=7ebb9ac0-b96b-3cb0-8fcf-e0ee99864b59
2021-07-31 01:30:34.474  INFO 16064 --- [main] o.s.b.w.embedded.tomcat.TomcatWebServer  : Tomcat initialized with port(s): 8091 (http)
2021-07-31 01:30:34.489  INFO 16064 --- [main] o.apache.catalina.core.StandardService   : Starting service [Tomcat]
2021-07-31 01:30:34.490  INFO 16064 --- [main] org.apache.catalina.core.StandardEngine  : Starting Servlet engine: [Apache Tomcat/9.0.36]
2021-07-31 01:30:34.648  INFO 16064 --- [main] o.a.c.c.C.[Tomcat].[localhost].[/]       : Initializing Spring embedded WebApplicationContext
2021-07-31 01:30:34.649  INFO 16064 --- [main] w.s.c.ServletWebServerApplicationContext : Root WebApplicationContext: initialization completed in 2722 ms
2021-07-31 01:30:34.773  WARN 16064 --- [main] c.n.c.sources.URLConfigurationSource     : No URLs will be polled as dynamic configuration sources.
2021-07-31 01:30:34.774  INFO 16064 --- [main] c.n.c.sources.URLConfigurationSource     : To enable URLs as dynamic configuration sources, define System property archaius.configurationSource.additionalUrls or make config.properties available on classpath.
2021-07-31 01:30:34.786  INFO 16064 --- [main] c.netflix.config.DynamicPropertyFactory  : DynamicPropertyFactory is initialized with configuration sources: com.netflix.config.ConcurrentCompositeConfiguration@5348d83c
2021-07-31 01:30:35.092  INFO 16064 --- [main] o.s.s.concurrent.ThreadPoolTaskExecutor  : Initializing ExecutorService 'applicationTaskExecutor'
2021-07-31 01:30:35.114  INFO 16064 --- [main] com.zaxxer.hikari.HikariDataSource       : HikariPool-1 - Starting...
2021-07-31 01:30:36.631  INFO 16064 --- [main] com.zaxxer.hikari.HikariDataSource       : HikariPool-1 - Start completed.
2021-07-31 01:30:36.694  INFO 16064 --- [task-1] o.hibernate.jpa.internal.util.LogHelper  : HHH000204: Processing PersistenceUnitInfo [name: default]
2021-07-31 01:30:36.806  INFO 16064 --- [task-1] org.hibernate.Version                    : HHH000412: Hibernate ORM core version 5.4.17.Final
2021-07-31 01:30:37.132  INFO 16064 --- [task-1] o.hibernate.annotations.common.Version   : HCANN000001: Hibernate Commons Annotations {5.1.0.Final}
2021-07-31 01:30:37.228  WARN 16064 --- [main] JpaBaseConfiguration$JpaWebConfiguration : spring.jpa.open-in-view is enabled by default. Therefore, database queries may be performed during view rendering. Explicitly configure spring.jpa.open-in-view to disable this warning
2021-07-31 01:30:37.337  INFO 16064 --- [task-1] org.hibernate.dialect.Dialect            : HHH000400: Using dialect: org.hibernate.dialect.MySQL5InnoDBDialect
2021-07-31 01:30:37.746  WARN 16064 --- [task-1] org.hibernate.mapping.RootClass          : HHH000038: Composite-id class does not override equals(): com.uga.order_manage_service.model.OrderedBookId
2021-07-31 01:30:37.747  WARN 16064 --- [task-1] org.hibernate.mapping.RootClass          : HHH000039: Composite-id class does not override hashCode(): com.uga.order_manage_service.model.OrderedBookId
2021-07-31 01:30:38.183  INFO 16064 --- [main] o.s.b.a.e.web.EndpointLinksResolver      : Exposing 18 endpoint(s) beneath base path '/actuator'
2021-07-31 01:30:38.427  INFO 16064 --- [main] pertySourcedRequestMappingHandlerMapping : Mapped URL path [/v2/api-docs] onto method [springfox.documentation.swagger2.web.Swagger2Controller#getDocumentation(String, HttpServletRequest)]
2021-07-31 01:30:38.467  WARN 16064 --- [main] c.n.c.sources.URLConfigurationSource     : No URLs will be polled as dynamic configuration sources.
2021-07-31 01:30:38.467  INFO 16064 --- [main] c.n.c.sources.URLConfigurationSource     : To enable URLs as dynamic configuration sources, define System property archaius.configurationSource.additionalUrls or make config.properties available on classpath.
2021-07-31 01:30:38.598  INFO 16064 --- [task-1] o.h.e.t.j.p.i.JtaPlatformInitiator       : HHH000490: Using JtaPlatform implementation: [org.hibernate.engine.transaction.jta.platform.internal.NoJtaPlatform]
2021-07-31 01:30:38.610  INFO 16064 --- [task-1] j.LocalContainerEntityManagerFactoryBean : Initialized JPA EntityManagerFactory for persistence unit 'default'
2021-07-31 01:30:39.385  INFO 16064 --- [main] o.s.s.c.ThreadPoolTaskScheduler          : Initializing ExecutorService
2021-07-31 01:30:39.937  WARN 16064 --- [main] ockingLoadBalancerClientRibbonWarnLogger : You already have RibbonLoadBalancerClient on your classpath. It will be used by default. As Spring Cloud Ribbon is in maintenance mode. We recommend switching to BlockingLoadBalancerClient instead. In order to use it, set the value of `spring.cloud.loadbalancer.ribbon.enabled` to `false` or remove spring-cloud-starter-netflix-ribbon from your project.
2021-07-31 01:30:40.074  INFO 16064 --- [main] o.s.c.n.eureka.InstanceInfoFactory       : Setting initial instance status as: STARTING
2021-07-31 01:30:40.116  INFO 16064 --- [main] com.netflix.discovery.DiscoveryClient    : Initializing Eureka in region us-east-1
2021-07-31 01:30:40.173  INFO 16064 --- [main] c.n.d.provider.DiscoveryJerseyProvider   : Using JSON encoding codec LegacyJacksonJson
2021-07-31 01:30:40.173  INFO 16064 --- [main] c.n.d.provider.DiscoveryJerseyProvider   : Using JSON decoding codec LegacyJacksonJson
2021-07-31 01:30:40.336  INFO 16064 --- [main] c.n.d.provider.DiscoveryJerseyProvider   : Using XML encoding codec XStreamXml
2021-07-31 01:30:40.336  INFO 16064 --- [main] c.n.d.provider.DiscoveryJerseyProvider   : Using XML decoding codec XStreamXml
2021-07-31 01:30:40.505  INFO 16064 --- [main] c.n.d.s.r.aws.ConfigClusterResolver      : Resolving eureka endpoints via configuration
2021-07-31 01:30:40.716  INFO 16064 --- [main] com.netflix.discovery.DiscoveryClient    : Disable delta property : false
2021-07-31 01:30:40.717  INFO 16064 --- [main] com.netflix.discovery.DiscoveryClient    : Single vip registry refresh property : null
2021-07-31 01:30:40.717  INFO 16064 --- [main] com.netflix.discovery.DiscoveryClient    : Force full registry fetch : false
2021-07-31 01:30:40.717  INFO 16064 --- [main] com.netflix.discovery.DiscoveryClient    : Application is null : false
2021-07-31 01:30:40.717  INFO 16064 --- [main] com.netflix.discovery.DiscoveryClient    : Registered Applications size is zero : true
2021-07-31 01:30:40.717  INFO 16064 --- [main] com.netflix.discovery.DiscoveryClient    : Application version is -1: true
2021-07-31 01:30:40.717  INFO 16064 --- [main] com.netflix.discovery.DiscoveryClient    : Getting all instance registry info from the eureka server
2021-07-31 01:30:40.858  INFO 16064 --- [main] com.netflix.discovery.DiscoveryClient    : The response status is 200
2021-07-31 01:30:40.861  INFO 16064 --- [main] com.netflix.discovery.DiscoveryClient    : Starting heartbeat executor: renew interval is: 30
2021-07-31 01:30:40.863  INFO 16064 --- [main] c.n.discovery.InstanceInfoReplicator     : InstanceInfoReplicator onDemand update allowed rate per min is 4
2021-07-31 01:30:40.867  INFO 16064 --- [main] com.netflix.discovery.DiscoveryClient    : Discovery Client initialized at timestamp 1627709440866 with initial instances count: 1
2021-07-31 01:30:40.877  INFO 16064 --- [main] o.s.c.n.e.s.EurekaServiceRegistry        : Registering application ORDER-MANAGE-SERVICE with eureka with status UP
2021-07-31 01:30:40.878  INFO 16064 --- [main] com.netflix.discovery.DiscoveryClient    : Saw local status change event StatusChangeEvent [timestamp=1627709440878, current=UP, previous=STARTING]
2021-07-31 01:30:40.880  INFO 16064 --- [DiscoveryClient-InstanceInfoReplicator-0] com.netflix.discovery.DiscoveryClient    : DiscoveryClient_ORDER-MANAGE-SERVICE/192.168.1.187:order-manage-service:8091: registering service...
2021-07-31 01:30:40.932  INFO 16064 --- [DiscoveryClient-InstanceInfoReplicator-0] com.netflix.discovery.DiscoveryClient    : DiscoveryClient_ORDER-MANAGE-SERVICE/192.168.1.187:order-manage-service:8091 - registration status: 204
2021-07-31 01:30:40.963  INFO 16064 --- [main] o.s.b.w.embedded.tomcat.TomcatWebServer  : Tomcat started on port(s): 8091 (http) with context path ''
2021-07-31 01:30:40.964  INFO 16064 --- [main] .s.c.n.e.s.EurekaAutoServiceRegistration : Updating port to 8091
2021-07-31 01:30:41.217  INFO 16064 --- [main] d.s.w.p.DocumentationPluginsBootstrapper : Context refreshed
2021-07-31 01:30:41.249  INFO 16064 --- [main] d.s.w.p.DocumentationPluginsBootstrapper : Found 1 custom documentation plugin(s)
2021-07-31 01:30:41.293  INFO 16064 --- [main] s.d.s.w.s.ApiListingReferenceScanner     : Scanning for api listing references
2021-07-31 01:30:41.456  INFO 16064 --- [main] DeferredRepositoryInitializationListener : Triggering deferred initialization of Spring Data repositories…
2021-07-31 01:30:41.872  INFO 16064 --- [main] DeferredRepositoryInitializationListener : Spring Data repositories initialized!
2021-07-31 01:30:41.886  INFO 16064 --- [main] c.u.o.OrderManageServiceApplication      : Started OrderManageServiceApplication in 11.392 seconds (JVM running for 12.449)
2021-07-31 01:30:41.958  INFO 16064 --- [registrationTask1] d.c.b.a.c.r.ApplicationRegistrator       : Application registered itself as 63faffe24d03
2021-07-31 01:30:42.006  INFO 16064 --- [http-nio-8091-exec-2] o.a.c.c.C.[Tomcat].[localhost].[/]       : Initializing Spring DispatcherServlet 'dispatcherServlet'
2021-07-31 01:30:42.006  INFO 16064 --- [http-nio-8091-exec-2] o.s.web.servlet.DispatcherServlet        : Initializing Servlet 'dispatcherServlet'
2021-07-31 01:30:42.043  INFO 16064 --- [http-nio-8091-exec-2] o.s.web.servlet.DispatcherServlet        : Completed initialization in 37 ms
2021-07-31 01:32:45.662  INFO 16064 --- [http-nio-8091-exec-2] c.u.o.aop.LoggingAspect                  : Before method execution placeOrder
2021-07-31 01:32:45.979 ERROR 16064 --- [http-nio-8091-exec-2] c.u.o.aop.LoggingAspect                  : Exception in com.uga.order_manage_service.controller.OrderManageController.placeOrder() with cause = NULL
2021-07-31 01:32:45.979  INFO 16064 --- [http-nio-8091-exec-2] c.u.o.aop.LoggingAspect                  : after execution of execution(ResponseEntity com.uga.order_manage_service.controller.OrderManageController.placeOrder(String,OrderRequest))
2021-07-31 01:35:40.725  INFO 16064 --- [AsyncResolver-bootstrap-executor-0] c.n.d.s.r.aws.ConfigClusterResolver      : Resolving eureka endpoints via configuration
2021-07-31 01:40:40.740  INFO 16064 --- [AsyncResolver-bootstrap-executor-0] c.n.d.s.r.aws.ConfigClusterResolver      : Resolving eureka endpoints via configuration
2021-07-31 01:45:00.518  INFO 16064 --- [http-nio-8091-exec-7] c.u.o.aop.LoggingAspect                  : Before method execution placeOrder
2021-07-31 01:45:00.745 ERROR 16064 --- [http-nio-8091-exec-7] c.u.o.aop.LoggingAspect                  : Exception in com.uga.order_manage_service.controller.OrderManageController.placeOrder() with cause = NULL
2021-07-31 01:45:00.746  INFO 16064 --- [http-nio-8091-exec-7] c.u.o.aop.LoggingAspect                  : after execution of execution(ResponseEntity com.uga.order_manage_service.controller.OrderManageController.placeOrder(String,OrderRequest))
2021-07-31 01:45:40.752  INFO 16064 --- [AsyncResolver-bootstrap-executor-0] c.n.d.s.r.aws.ConfigClusterResolver      : Resolving eureka endpoints via configuration
2021-07-31 01:50:40.767  INFO 16064 --- [AsyncResolver-bootstrap-executor-0] c.n.d.s.r.aws.ConfigClusterResolver      : Resolving eureka endpoints via configuration
2021-07-31 01:55:40.774  INFO 16064 --- [AsyncResolver-bootstrap-executor-0] c.n.d.s.r.aws.ConfigClusterResolver      : Resolving eureka endpoints via configuration
2021-07-31 02:00:40.786  INFO 16064 --- [AsyncResolver-bootstrap-executor-0] c.n.d.s.r.aws.ConfigClusterResolver      : Resolving eureka endpoints via configuration
2021-07-31 02:05:40.789  INFO 16064 --- [AsyncResolver-bootstrap-executor-0] c.n.d.s.r.aws.ConfigClusterResolver      : Resolving eureka endpoints via configuration
2021-07-31 02:10:40.808  INFO 16064 --- [AsyncResolver-bootstrap-executor-0] c.n.d.s.r.aws.ConfigClusterResolver      : Resolving eureka endpoints via configuration
2021-07-31 02:15:40.816  INFO 16064 --- [AsyncResolver-bootstrap-executor-0] c.n.d.s.r.aws.ConfigClusterResolver      : Resolving eureka endpoints via configuration
2021-07-31 02:20:40.857  INFO 16064 --- [AsyncResolver-bootstrap-executor-0] c.n.d.s.r.aws.ConfigClusterResolver      : Resolving eureka endpoints via configuration
2021-07-31 02:25:40.869  INFO 16064 --- [AsyncResolver-bootstrap-executor-0] c.n.d.s.r.aws.ConfigClusterResolver      : Resolving eureka endpoints via configuration
2021-07-31 02:30:40.881  INFO 16064 --- [AsyncResolver-bootstrap-executor-0] c.n.d.s.r.aws.ConfigClusterResolver      : Resolving eureka endpoints via configuration
2021-07-31 02:35:40.895  INFO 16064 --- [AsyncResolver-bootstrap-executor-0] c.n.d.s.r.aws.ConfigClusterResolver      : Resolving eureka endpoints via configuration
2021-07-31 02:40:40.910  INFO 16064 --- [AsyncResolver-bootstrap-executor-0] c.n.d.s.r.aws.ConfigClusterResolver      : Resolving eureka endpoints via configuration
2021-07-31 02:45:40.916  INFO 16064 --- [AsyncResolver-bootstrap-executor-0] c.n.d.s.r.aws.ConfigClusterResolver      : Resolving eureka endpoints via configuration
2021-07-31 02:50:40.921  INFO 16064 --- [AsyncResolver-bootstrap-executor-0] c.n.d.s.r.aws.ConfigClusterResolver      : Resolving eureka endpoints via configuration
2021-07-31 02:50:46.269  INFO 16064 --- [RMI TCP Connection(89)-127.0.0.1] inMXBeanRegistrar$SpringApplicationAdmin : Application shutdown requested.
2021-07-31 02:50:46.332  INFO 16064 --- [RMI TCP Connection(89)-127.0.0.1] o.s.c.n.e.s.EurekaServiceRegistry        : Unregistering application ORDER-MANAGE-SERVICE with eureka with status DOWN
2021-07-31 02:50:46.335  WARN 16064 --- [RMI TCP Connection(89)-127.0.0.1] com.netflix.discovery.DiscoveryClient    : Saw local status change event StatusChangeEvent [timestamp=1627714246335, current=DOWN, previous=UP]
2021-07-31 02:50:46.335  INFO 16064 --- [DiscoveryClient-InstanceInfoReplicator-0] com.netflix.discovery.DiscoveryClient    : DiscoveryClient_ORDER-MANAGE-SERVICE/192.168.1.187:order-manage-service:8091: registering service...
2021-07-31 02:50:46.357  INFO 16064 --- [DiscoveryClient-InstanceInfoReplicator-0] com.netflix.discovery.DiscoveryClient    : DiscoveryClient_ORDER-MANAGE-SERVICE/192.168.1.187:order-manage-service:8091 - registration status: 204
2021-07-31 02:50:46.594  INFO 16064 --- [RMI TCP Connection(91)-127.0.0.1] inMXBeanRegistrar$SpringApplicationAdmin : Application shutdown requested.
2021-07-31 02:50:46.674  INFO 16064 --- [RMI TCP Connection(89)-127.0.0.1] o.apache.catalina.core.StandardService   : Stopping service [Tomcat]
2021-07-31 02:50:46.690  INFO 16064 --- [RMI TCP Connection(89)-127.0.0.1] o.a.c.c.C.[Tomcat].[localhost].[/]       : Destroying Spring FrameworkServlet 'dispatcherServlet'
2021-07-31 02:50:46.765  INFO 16064 --- [RMI TCP Connection(89)-127.0.0.1] o.s.s.c.ThreadPoolTaskScheduler          : Shutting down ExecutorService
2021-07-31 02:50:46.824  INFO 16064 --- [RMI TCP Connection(89)-127.0.0.1] j.LocalContainerEntityManagerFactoryBean : Closing JPA EntityManagerFactory for persistence unit 'default'
2021-07-31 02:50:46.866  INFO 16064 --- [RMI TCP Connection(89)-127.0.0.1] o.s.s.concurrent.ThreadPoolTaskExecutor  : Shutting down ExecutorService 'applicationTaskExecutor'
2021-07-31 02:50:46.867  INFO 16064 --- [RMI TCP Connection(89)-127.0.0.1] com.zaxxer.hikari.HikariDataSource       : HikariPool-1 - Shutdown initiated...
2021-07-31 02:50:46.880  INFO 16064 --- [RMI TCP Connection(89)-127.0.0.1] com.zaxxer.hikari.HikariDataSource       : HikariPool-1 - Shutdown completed.
2021-07-31 02:50:46.889  INFO 16064 --- [RMI TCP Connection(89)-127.0.0.1] com.netflix.discovery.DiscoveryClient    : Shutting down DiscoveryClient ...
