2021-07-31 20:19:40.923  INFO 16576 --- [main] c.u.p.ProfileDetailServiceApplication    : No active profile set, falling back to default profiles: default
2021-07-31 20:19:42.467  INFO 16576 --- [main] .s.d.r.c.RepositoryConfigurationDelegate : Bootstrapping Spring Data JPA repositories in DEFERRED mode.
2021-07-31 20:19:42.562  INFO 16576 --- [main] .s.d.r.c.RepositoryConfigurationDelegate : Finished Spring Data repository scanning in 85ms. Found 1 JPA repository interfaces.
2021-07-31 20:19:42.712  WARN 16576 --- [main] o.s.boot.actuate.endpoint.EndpointId     : Endpoint ID 'service-registry' contains invalid characters, please migrate to a valid format.
2021-07-31 20:19:42.919  INFO 16576 --- [main] o.s.cloud.context.scope.GenericScope     : BeanFactory id=1f562abd-fc7c-3eb2-b08e-8b2d311926af
2021-07-31 20:19:43.907  INFO 16576 --- [main] o.s.b.w.embedded.tomcat.TomcatWebServer  : Tomcat initialized with port(s): 8092 (http)
2021-07-31 20:19:43.917  INFO 16576 --- [main] o.apache.catalina.core.StandardService   : Starting service [Tomcat]
2021-07-31 20:19:43.917  INFO 16576 --- [main] org.apache.catalina.core.StandardEngine  : Starting Servlet engine: [Apache Tomcat/9.0.36]
2021-07-31 20:19:44.178  INFO 16576 --- [main] o.a.c.c.C.[Tomcat].[localhost].[/]       : Initializing Spring embedded WebApplicationContext
2021-07-31 20:19:44.178  INFO 16576 --- [main] w.s.c.ServletWebServerApplicationContext : Root WebApplicationContext: initialization completed in 3222 ms
2021-07-31 20:19:44.341  WARN 16576 --- [main] c.n.c.sources.URLConfigurationSource     : No URLs will be polled as dynamic configuration sources.
2021-07-31 20:19:44.342  INFO 16576 --- [main] c.n.c.sources.URLConfigurationSource     : To enable URLs as dynamic configuration sources, define System property archaius.configurationSource.additionalUrls or make config.properties available on classpath.
2021-07-31 20:19:44.353  INFO 16576 --- [main] c.netflix.config.DynamicPropertyFactory  : DynamicPropertyFactory is initialized with configuration sources: com.netflix.config.ConcurrentCompositeConfiguration@3a1f2a1
2021-07-31 20:19:44.727  INFO 16576 --- [main] o.s.s.concurrent.ThreadPoolTaskExecutor  : Initializing ExecutorService 'applicationTaskExecutor'
2021-07-31 20:19:44.791  INFO 16576 --- [main] com.zaxxer.hikari.HikariDataSource       : HikariPool-1 - Starting...
2021-07-31 20:19:46.339  INFO 16576 --- [main] com.zaxxer.hikari.HikariDataSource       : HikariPool-1 - Start completed.
2021-07-31 20:19:46.405  INFO 16576 --- [task-1] o.hibernate.jpa.internal.util.LogHelper  : HHH000204: Processing PersistenceUnitInfo [name: default]
2021-07-31 20:19:46.565  INFO 16576 --- [task-1] org.hibernate.Version                    : HHH000412: Hibernate ORM core version 5.4.17.Final
2021-07-31 20:19:46.853  INFO 16576 --- [task-1] o.hibernate.annotations.common.Version   : HCANN000001: Hibernate Commons Annotations {5.1.0.Final}
2021-07-31 20:19:46.979  WARN 16576 --- [main] JpaBaseConfiguration$JpaWebConfiguration : spring.jpa.open-in-view is enabled by default. Therefore, database queries may be performed during view rendering. Explicitly configure spring.jpa.open-in-view to disable this warning
2021-07-31 20:19:47.076  INFO 16576 --- [task-1] org.hibernate.dialect.Dialect            : HHH000400: Using dialect: org.hibernate.dialect.MySQL5InnoDBDialect
2021-07-31 20:19:47.869  INFO 16576 --- [main] o.s.b.a.e.web.EndpointLinksResolver      : Exposing 18 endpoint(s) beneath base path '/actuator'
2021-07-31 20:19:48.144  INFO 16576 --- [task-1] o.h.e.t.j.p.i.JtaPlatformInitiator       : HHH000490: Using JtaPlatform implementation: [org.hibernate.engine.transaction.jta.platform.internal.NoJtaPlatform]
2021-07-31 20:19:48.164  INFO 16576 --- [main] pertySourcedRequestMappingHandlerMapping : Mapped URL path [/v2/api-docs] onto method [springfox.documentation.swagger2.web.Swagger2Controller#getDocumentation(String, HttpServletRequest)]
2021-07-31 20:19:48.164  INFO 16576 --- [task-1] j.LocalContainerEntityManagerFactoryBean : Initialized JPA EntityManagerFactory for persistence unit 'default'
2021-07-31 20:19:48.212  WARN 16576 --- [main] c.n.c.sources.URLConfigurationSource     : No URLs will be polled as dynamic configuration sources.
2021-07-31 20:19:48.212  INFO 16576 --- [main] c.n.c.sources.URLConfigurationSource     : To enable URLs as dynamic configuration sources, define System property archaius.configurationSource.additionalUrls or make config.properties available on classpath.
2021-07-31 20:19:50.853  INFO 16576 --- [main] o.s.s.c.ThreadPoolTaskScheduler          : Initializing ExecutorService
2021-07-31 20:19:51.662  WARN 16576 --- [main] ockingLoadBalancerClientRibbonWarnLogger : You already have RibbonLoadBalancerClient on your classpath. It will be used by default. As Spring Cloud Ribbon is in maintenance mode. We recommend switching to BlockingLoadBalancerClient instead. In order to use it, set the value of `spring.cloud.loadbalancer.ribbon.enabled` to `false` or remove spring-cloud-starter-netflix-ribbon from your project.
2021-07-31 20:19:51.821  INFO 16576 --- [main] o.s.c.n.eureka.InstanceInfoFactory       : Setting initial instance status as: STARTING
2021-07-31 20:19:51.867  INFO 16576 --- [main] com.netflix.discovery.DiscoveryClient    : Initializing Eureka in region us-east-1
2021-07-31 20:19:51.967  INFO 16576 --- [main] c.n.d.provider.DiscoveryJerseyProvider   : Using JSON encoding codec LegacyJacksonJson
2021-07-31 20:19:51.967  INFO 16576 --- [main] c.n.d.provider.DiscoveryJerseyProvider   : Using JSON decoding codec LegacyJacksonJson
2021-07-31 20:19:52.175  INFO 16576 --- [main] c.n.d.provider.DiscoveryJerseyProvider   : Using XML encoding codec XStreamXml
2021-07-31 20:19:52.175  INFO 16576 --- [main] c.n.d.provider.DiscoveryJerseyProvider   : Using XML decoding codec XStreamXml
2021-07-31 20:19:52.380  INFO 16576 --- [main] c.n.d.s.r.aws.ConfigClusterResolver      : Resolving eureka endpoints via configuration
2021-07-31 20:19:52.575  INFO 16576 --- [main] com.netflix.discovery.DiscoveryClient    : Disable delta property : false
2021-07-31 20:19:52.575  INFO 16576 --- [main] com.netflix.discovery.DiscoveryClient    : Single vip registry refresh property : null
2021-07-31 20:19:52.575  INFO 16576 --- [main] com.netflix.discovery.DiscoveryClient    : Force full registry fetch : false
2021-07-31 20:19:52.576  INFO 16576 --- [main] com.netflix.discovery.DiscoveryClient    : Application is null : false
2021-07-31 20:19:52.576  INFO 16576 --- [main] com.netflix.discovery.DiscoveryClient    : Registered Applications size is zero : true
2021-07-31 20:19:52.576  INFO 16576 --- [main] com.netflix.discovery.DiscoveryClient    : Application version is -1: true
2021-07-31 20:19:52.576  INFO 16576 --- [main] com.netflix.discovery.DiscoveryClient    : Getting all instance registry info from the eureka server
2021-07-31 20:19:52.721  INFO 16576 --- [main] com.netflix.discovery.DiscoveryClient    : The response status is 200
2021-07-31 20:19:52.724  INFO 16576 --- [main] com.netflix.discovery.DiscoveryClient    : Starting heartbeat executor: renew interval is: 30
2021-07-31 20:19:52.726  INFO 16576 --- [main] c.n.discovery.InstanceInfoReplicator     : InstanceInfoReplicator onDemand update allowed rate per min is 4
2021-07-31 20:19:52.733  INFO 16576 --- [main] com.netflix.discovery.DiscoveryClient    : Discovery Client initialized at timestamp 1627777192729 with initial instances count: 6
2021-07-31 20:19:52.749  INFO 16576 --- [main] o.s.c.n.e.s.EurekaServiceRegistry        : Registering application PROFILE-DETAIL-SERVICE with eureka with status UP
2021-07-31 20:19:52.750  INFO 16576 --- [main] com.netflix.discovery.DiscoveryClient    : Saw local status change event StatusChangeEvent [timestamp=1627777192750, current=UP, previous=STARTING]
2021-07-31 20:19:52.754  INFO 16576 --- [DiscoveryClient-InstanceInfoReplicator-0] com.netflix.discovery.DiscoveryClient    : DiscoveryClient_PROFILE-DETAIL-SERVICE/SHUBHAM-PC:profile-detail-service:8092: registering service...
2021-07-31 20:19:52.797  INFO 16576 --- [DiscoveryClient-InstanceInfoReplicator-0] com.netflix.discovery.DiscoveryClient    : DiscoveryClient_PROFILE-DETAIL-SERVICE/SHUBHAM-PC:profile-detail-service:8092 - registration status: 204
2021-07-31 20:19:52.841  INFO 16576 --- [main] o.s.b.w.embedded.tomcat.TomcatWebServer  : Tomcat started on port(s): 8092 (http) with context path ''
2021-07-31 20:19:52.842  INFO 16576 --- [main] .s.c.n.e.s.EurekaAutoServiceRegistration : Updating port to 8092
2021-07-31 20:19:53.126  INFO 16576 --- [main] d.s.w.p.DocumentationPluginsBootstrapper : Context refreshed
2021-07-31 20:19:53.150  INFO 16576 --- [main] d.s.w.p.DocumentationPluginsBootstrapper : Found 1 custom documentation plugin(s)
2021-07-31 20:19:53.220  INFO 16576 --- [main] s.d.s.w.s.ApiListingReferenceScanner     : Scanning for api listing references
2021-07-31 20:19:53.467  INFO 16576 --- [main] DeferredRepositoryInitializationListener : Triggering deferred initialization of Spring Data repositories…
2021-07-31 20:19:54.236  INFO 16576 --- [main] DeferredRepositoryInitializationListener : Spring Data repositories initialized!
2021-07-31 20:19:54.241  INFO 16576 --- [main] c.u.p.ProfileDetailServiceApplication    : Started ProfileDetailServiceApplication in 14.615 seconds (JVM running for 15.901)
2021-07-31 20:19:54.242  INFO 16576 --- [RMI TCP Connection(5)-127.0.0.1] o.a.c.c.C.[Tomcat].[localhost].[/]       : Initializing Spring DispatcherServlet 'dispatcherServlet'
2021-07-31 20:19:54.243  INFO 16576 --- [RMI TCP Connection(5)-127.0.0.1] o.s.web.servlet.DispatcherServlet        : Initializing Servlet 'dispatcherServlet'
2021-07-31 20:19:54.257  INFO 16576 --- [RMI TCP Connection(5)-127.0.0.1] o.s.web.servlet.DispatcherServlet        : Completed initialization in 14 ms
2021-07-31 20:19:54.334  INFO 16576 --- [registrationTask1] d.c.b.a.c.r.ApplicationRegistrator       : Application registered itself as 972f682ab3b8
2021-07-31 20:24:52.588  INFO 16576 --- [AsyncResolver-bootstrap-executor-0] c.n.d.s.r.aws.ConfigClusterResolver      : Resolving eureka endpoints via configuration
2021-07-31 20:27:57.275  INFO 16576 --- [RMI TCP Connection(20)-127.0.0.1] inMXBeanRegistrar$SpringApplicationAdmin : Application shutdown requested.
2021-07-31 20:27:57.397  INFO 16576 --- [RMI TCP Connection(20)-127.0.0.1] o.s.c.n.e.s.EurekaServiceRegistry        : Unregistering application PROFILE-DETAIL-SERVICE with eureka with status DOWN
2021-07-31 20:27:57.403  WARN 16576 --- [RMI TCP Connection(20)-127.0.0.1] com.netflix.discovery.DiscoveryClient    : Saw local status change event StatusChangeEvent [timestamp=1627777677403, current=DOWN, previous=UP]
2021-07-31 20:27:57.407  INFO 16576 --- [DiscoveryClient-InstanceInfoReplicator-0] com.netflix.discovery.DiscoveryClient    : DiscoveryClient_PROFILE-DETAIL-SERVICE/SHUBHAM-PC:profile-detail-service:8092: registering service...
2021-07-31 20:27:57.431  INFO 16576 --- [DiscoveryClient-InstanceInfoReplicator-0] com.netflix.discovery.DiscoveryClient    : DiscoveryClient_PROFILE-DETAIL-SERVICE/SHUBHAM-PC:profile-detail-service:8092 - registration status: 204
2021-07-31 20:27:57.571  INFO 16576 --- [RMI TCP Connection(21)-127.0.0.1] inMXBeanRegistrar$SpringApplicationAdmin : Application shutdown requested.
2021-07-31 20:27:57.812  INFO 16576 --- [RMI TCP Connection(20)-127.0.0.1] o.apache.catalina.core.StandardService   : Stopping service [Tomcat]
2021-07-31 20:27:57.843  INFO 16576 --- [RMI TCP Connection(20)-127.0.0.1] o.a.c.c.C.[Tomcat].[localhost].[/]       : Destroying Spring FrameworkServlet 'dispatcherServlet'
2021-07-31 20:27:57.935  INFO 16576 --- [RMI TCP Connection(20)-127.0.0.1] o.s.s.c.ThreadPoolTaskScheduler          : Shutting down ExecutorService
2021-07-31 20:27:57.992  INFO 16576 --- [RMI TCP Connection(20)-127.0.0.1] j.LocalContainerEntityManagerFactoryBean : Closing JPA EntityManagerFactory for persistence unit 'default'
2021-07-31 20:27:58.050  INFO 16576 --- [RMI TCP Connection(20)-127.0.0.1] o.s.s.concurrent.ThreadPoolTaskExecutor  : Shutting down ExecutorService 'applicationTaskExecutor'
2021-07-31 20:27:58.051  INFO 16576 --- [RMI TCP Connection(20)-127.0.0.1] com.zaxxer.hikari.HikariDataSource       : HikariPool-1 - Shutdown initiated...
2021-07-31 20:27:58.082  INFO 16576 --- [RMI TCP Connection(20)-127.0.0.1] com.zaxxer.hikari.HikariDataSource       : HikariPool-1 - Shutdown completed.
2021-07-31 20:27:58.088  INFO 16576 --- [RMI TCP Connection(20)-127.0.0.1] com.netflix.discovery.DiscoveryClient    : Shutting down DiscoveryClient ...
