2021-07-16 12:44:58.023  INFO 14472 --- [main] c.u.e.EmailServiceApplication            : No active profile set, falling back to default profiles: default
2021-07-16 12:44:59.013  WARN 14472 --- [main] o.s.boot.actuate.endpoint.EndpointId     : Endpoint ID 'service-registry' contains invalid characters, please migrate to a valid format.
2021-07-16 12:44:59.138  INFO 14472 --- [main] o.s.cloud.context.scope.GenericScope     : BeanFactory id=78e7bf88-663f-33fc-97da-4381e4643993
2021-07-16 12:44:59.881  INFO 14472 --- [main] o.s.b.w.embedded.tomcat.TomcatWebServer  : Tomcat initialized with port(s): 8082 (http)
2021-07-16 12:44:59.892  INFO 14472 --- [main] o.apache.catalina.core.StandardService   : Starting service [Tomcat]
2021-07-16 12:44:59.893  INFO 14472 --- [main] org.apache.catalina.core.StandardEngine  : Starting Servlet engine: [Apache Tomcat/9.0.36]
2021-07-16 12:44:59.992  INFO 14472 --- [main] o.a.c.c.C.[Tomcat].[localhost].[/]       : Initializing Spring embedded WebApplicationContext
2021-07-16 12:44:59.993  INFO 14472 --- [main] w.s.c.ServletWebServerApplicationContext : Root WebApplicationContext: initialization completed in 1951 ms
2021-07-16 12:45:00.098  WARN 14472 --- [main] c.n.c.sources.URLConfigurationSource     : No URLs will be polled as dynamic configuration sources.
2021-07-16 12:45:00.098  INFO 14472 --- [main] c.n.c.sources.URLConfigurationSource     : To enable URLs as dynamic configuration sources, define System property archaius.configurationSource.additionalUrls or make config.properties available on classpath.
2021-07-16 12:45:00.111  INFO 14472 --- [main] c.netflix.config.DynamicPropertyFactory  : DynamicPropertyFactory is initialized with configuration sources: com.netflix.config.ConcurrentCompositeConfiguration@6cae2e4d
2021-07-16 12:45:01.000  INFO 14472 --- [main] o.s.b.a.e.web.EndpointLinksResolver      : Exposing 18 endpoint(s) beneath base path '/actuator'
2021-07-16 12:45:01.135  INFO 14472 --- [main] pertySourcedRequestMappingHandlerMapping : Mapped URL path [/v2/api-docs] onto method [springfox.documentation.swagger2.web.Swagger2Controller#getDocumentation(String, HttpServletRequest)]
2021-07-16 12:45:01.151  WARN 14472 --- [main] c.n.c.sources.URLConfigurationSource     : No URLs will be polled as dynamic configuration sources.
2021-07-16 12:45:01.151  INFO 14472 --- [main] c.n.c.sources.URLConfigurationSource     : To enable URLs as dynamic configuration sources, define System property archaius.configurationSource.additionalUrls or make config.properties available on classpath.
2021-07-16 12:45:01.371  INFO 14472 --- [main] o.s.s.concurrent.ThreadPoolTaskExecutor  : Initializing ExecutorService 'applicationTaskExecutor'
2021-07-16 12:45:01.653  INFO 14472 --- [main] o.s.s.c.ThreadPoolTaskScheduler          : Initializing ExecutorService
2021-07-16 12:45:01.897  WARN 14472 --- [main] ockingLoadBalancerClientRibbonWarnLogger : You already have RibbonLoadBalancerClient on your classpath. It will be used by default. As Spring Cloud Ribbon is in maintenance mode. We recommend switching to BlockingLoadBalancerClient instead. In order to use it, set the value of `spring.cloud.loadbalancer.ribbon.enabled` to `false` or remove spring-cloud-starter-netflix-ribbon from your project.
2021-07-16 12:45:01.950  INFO 14472 --- [main] o.s.c.n.eureka.InstanceInfoFactory       : Setting initial instance status as: STARTING
2021-07-16 12:45:02.006  INFO 14472 --- [main] com.netflix.discovery.DiscoveryClient    : Initializing Eureka in region us-east-1
2021-07-16 12:45:02.052  INFO 14472 --- [main] c.n.d.provider.DiscoveryJerseyProvider   : Using JSON encoding codec LegacyJacksonJson
2021-07-16 12:45:02.052  INFO 14472 --- [main] c.n.d.provider.DiscoveryJerseyProvider   : Using JSON decoding codec LegacyJacksonJson
2021-07-16 12:45:02.163  INFO 14472 --- [main] c.n.d.provider.DiscoveryJerseyProvider   : Using XML encoding codec XStreamXml
2021-07-16 12:45:02.164  INFO 14472 --- [main] c.n.d.provider.DiscoveryJerseyProvider   : Using XML decoding codec XStreamXml
2021-07-16 12:45:02.308  INFO 14472 --- [main] c.n.d.s.r.aws.ConfigClusterResolver      : Resolving eureka endpoints via configuration
2021-07-16 12:45:02.414  INFO 14472 --- [main] com.netflix.discovery.DiscoveryClient    : Disable delta property : false
2021-07-16 12:45:02.415  INFO 14472 --- [main] com.netflix.discovery.DiscoveryClient    : Single vip registry refresh property : null
2021-07-16 12:45:02.415  INFO 14472 --- [main] com.netflix.discovery.DiscoveryClient    : Force full registry fetch : false
2021-07-16 12:45:02.415  INFO 14472 --- [main] com.netflix.discovery.DiscoveryClient    : Application is null : false
2021-07-16 12:45:02.415  INFO 14472 --- [main] com.netflix.discovery.DiscoveryClient    : Registered Applications size is zero : true
2021-07-16 12:45:02.415  INFO 14472 --- [main] com.netflix.discovery.DiscoveryClient    : Application version is -1: true
2021-07-16 12:45:02.415  INFO 14472 --- [main] com.netflix.discovery.DiscoveryClient    : Getting all instance registry info from the eureka server
2021-07-16 12:45:06.516 ERROR 14472 --- [main] c.n.d.s.t.d.RedirectingEurekaHttpClient  : Request execution error. endpoint=DefaultEndpoint{ serviceUrl='http://localhost:8761/eureka/}

com.sun.jersey.api.client.ClientHandlerException: java.net.ConnectException: Connection refused: connect
	at com.sun.jersey.client.apache4.ApacheHttpClient4Handler.handle(ApacheHttpClient4Handler.java:187) ~[jersey-apache-client4-1.19.1.jar:1.19.1]
	at com.sun.jersey.api.client.filter.GZIPContentEncodingFilter.handle(GZIPContentEncodingFilter.java:123) ~[jersey-client-1.19.1.jar:1.19.1]
	at com.netflix.discovery.EurekaIdentityHeaderFilter.handle(EurekaIdentityHeaderFilter.java:27) ~[eureka-client-1.9.21.jar:1.9.21]
	at com.sun.jersey.api.client.Client.handle(Client.java:652) ~[jersey-client-1.19.1.jar:1.19.1]
	at com.sun.jersey.api.client.WebResource.handle(WebResource.java:682) ~[jersey-client-1.19.1.jar:1.19.1]
	at com.sun.jersey.api.client.WebResource.access$200(WebResource.java:74) ~[jersey-client-1.19.1.jar:1.19.1]
	at com.sun.jersey.api.client.WebResource$Builder.get(WebResource.java:509) ~[jersey-client-1.19.1.jar:1.19.1]
	at com.netflix.discovery.shared.transport.jersey.AbstractJerseyEurekaHttpClient.getApplicationsInternal(AbstractJerseyEurekaHttpClient.java:196) ~[eureka-client-1.9.21.jar:1.9.21]
	at com.netflix.discovery.shared.transport.jersey.AbstractJerseyEurekaHttpClient.getApplications(AbstractJerseyEurekaHttpClient.java:167) ~[eureka-client-1.9.21.jar:1.9.21]
	at com.netflix.discovery.shared.transport.decorator.EurekaHttpClientDecorator$6.execute(EurekaHttpClientDecorator.java:137) [eureka-client-1.9.21.jar:1.9.21]
	at com.netflix.discovery.shared.transport.decorator.MetricsCollectingEurekaHttpClient.execute(MetricsCollectingEurekaHttpClient.java:73) ~[eureka-client-1.9.21.jar:1.9.21]
	at com.netflix.discovery.shared.transport.decorator.EurekaHttpClientDecorator.getApplications(EurekaHttpClientDecorator.java:134) [eureka-client-1.9.21.jar:1.9.21]
	at com.netflix.discovery.shared.transport.decorator.EurekaHttpClientDecorator$6.execute(EurekaHttpClientDecorator.java:137) [eureka-client-1.9.21.jar:1.9.21]
	at com.netflix.discovery.shared.transport.decorator.RedirectingEurekaHttpClient.executeOnNewServer(RedirectingEurekaHttpClient.java:118) ~[eureka-client-1.9.21.jar:1.9.21]
	at com.netflix.discovery.shared.transport.decorator.RedirectingEurekaHttpClient.execute(RedirectingEurekaHttpClient.java:79) ~[eureka-client-1.9.21.jar:1.9.21]
	at com.netflix.discovery.shared.transport.decorator.EurekaHttpClientDecorator.getApplications(EurekaHttpClientDecorator.java:134) [eureka-client-1.9.21.jar:1.9.21]
	at com.netflix.discovery.shared.transport.decorator.EurekaHttpClientDecorator$6.execute(EurekaHttpClientDecorator.java:137) [eureka-client-1.9.21.jar:1.9.21]
	at com.netflix.discovery.shared.transport.decorator.RetryableEurekaHttpClient.execute(RetryableEurekaHttpClient.java:120) [eureka-client-1.9.21.jar:1.9.21]
	at com.netflix.discovery.shared.transport.decorator.EurekaHttpClientDecorator.getApplications(EurekaHttpClientDecorator.java:134) [eureka-client-1.9.21.jar:1.9.21]
	at com.netflix.discovery.shared.transport.decorator.EurekaHttpClientDecorator$6.execute(EurekaHttpClientDecorator.java:137) [eureka-client-1.9.21.jar:1.9.21]
	at com.netflix.discovery.shared.transport.decorator.SessionedEurekaHttpClient.execute(SessionedEurekaHttpClient.java:77) [eureka-client-1.9.21.jar:1.9.21]
	at com.netflix.discovery.shared.transport.decorator.EurekaHttpClientDecorator.getApplications(EurekaHttpClientDecorator.java:134) [eureka-client-1.9.21.jar:1.9.21]
	at com.netflix.discovery.DiscoveryClient.getAndStoreFullRegistry(DiscoveryClient.java:1081) [eureka-client-1.9.21.jar:1.9.21]
	at com.netflix.discovery.DiscoveryClient.fetchRegistry(DiscoveryClient.java:995) [eureka-client-1.9.21.jar:1.9.21]
	at com.netflix.discovery.DiscoveryClient.<init>(DiscoveryClient.java:438) [eureka-client-1.9.21.jar:1.9.21]
	at com.netflix.discovery.DiscoveryClient.<init>(DiscoveryClient.java:282) [eureka-client-1.9.21.jar:1.9.21]
	at com.netflix.discovery.DiscoveryClient.<init>(DiscoveryClient.java:278) [eureka-client-1.9.21.jar:1.9.21]
	at org.springframework.cloud.netflix.eureka.CloudEurekaClient.<init>(CloudEurekaClient.java:67) [spring-cloud-netflix-eureka-client-2.2.3.RELEASE.jar:2.2.3.RELEASE]
	at org.springframework.cloud.netflix.eureka.EurekaClientAutoConfiguration$RefreshableEurekaClientConfiguration.eurekaClient(EurekaClientAutoConfiguration.java:316) [spring-cloud-netflix-eureka-client-2.2.3.RELEASE.jar:2.2.3.RELEASE]
	at sun.reflect.NativeMethodAccessorImpl.invoke0(Native Method) ~[na:1.8.0_292]
	at sun.reflect.NativeMethodAccessorImpl.invoke(NativeMethodAccessorImpl.java:62) ~[na:1.8.0_292]
	at sun.reflect.DelegatingMethodAccessorImpl.invoke(DelegatingMethodAccessorImpl.java:43) ~[na:1.8.0_292]
	at java.lang.reflect.Method.invoke(Method.java:498) ~[na:1.8.0_292]
	at org.springframework.beans.factory.support.SimpleInstantiationStrategy.instantiate(SimpleInstantiationStrategy.java:154) [spring-beans-5.2.7.RELEASE.jar:5.2.7.RELEASE]
	at org.springframework.beans.factory.support.ConstructorResolver.instantiate(ConstructorResolver.java:650) [spring-beans-5.2.7.RELEASE.jar:5.2.7.RELEASE]
	at org.springframework.beans.factory.support.ConstructorResolver.instantiateUsingFactoryMethod(ConstructorResolver.java:635) [spring-beans-5.2.7.RELEASE.jar:5.2.7.RELEASE]
	at org.springframework.beans.factory.support.AbstractAutowireCapableBeanFactory.instantiateUsingFactoryMethod(AbstractAutowireCapableBeanFactory.java:1338) [spring-beans-5.2.7.RELEASE.jar:5.2.7.RELEASE]
	at org.springframework.beans.factory.support.AbstractAutowireCapableBeanFactory.createBeanInstance(AbstractAutowireCapableBeanFactory.java:1177) [spring-beans-5.2.7.RELEASE.jar:5.2.7.RELEASE]
	at org.springframework.beans.factory.support.AbstractAutowireCapableBeanFactory.doCreateBean(AbstractAutowireCapableBeanFactory.java:557) [spring-beans-5.2.7.RELEASE.jar:5.2.7.RELEASE]
	at org.springframework.beans.factory.support.AbstractAutowireCapableBeanFactory.createBean(AbstractAutowireCapableBeanFactory.java:517) [spring-beans-5.2.7.RELEASE.jar:5.2.7.RELEASE]
	at org.springframework.beans.factory.support.AbstractBeanFactory.lambda$doGetBean$1(AbstractBeanFactory.java:359) [spring-beans-5.2.7.RELEASE.jar:5.2.7.RELEASE]
	at org.springframework.cloud.context.scope.GenericScope$BeanLifecycleWrapper.getBean(GenericScope.java:389) ~[spring-cloud-context-2.2.3.RELEASE.jar:2.2.3.RELEASE]
	at org.springframework.cloud.context.scope.GenericScope.get(GenericScope.java:186) ~[spring-cloud-context-2.2.3.RELEASE.jar:2.2.3.RELEASE]
	at org.springframework.beans.factory.support.AbstractBeanFactory.doGetBean(AbstractBeanFactory.java:356) [spring-beans-5.2.7.RELEASE.jar:5.2.7.RELEASE]
	at org.springframework.beans.factory.support.AbstractBeanFactory.getBean(AbstractBeanFactory.java:202) [spring-beans-5.2.7.RELEASE.jar:5.2.7.RELEASE]
	at org.springframework.aop.target.SimpleBeanTargetSource.getTarget(SimpleBeanTargetSource.java:35) ~[spring-aop-5.2.7.RELEASE.jar:5.2.7.RELEASE]
	at org.springframework.cloud.netflix.eureka.serviceregistry.EurekaRegistration.getTargetObject(EurekaRegistration.java:129) ~[spring-cloud-netflix-eureka-client-2.2.3.RELEASE.jar:2.2.3.RELEASE]
	at org.springframework.cloud.netflix.eureka.serviceregistry.EurekaRegistration.getEurekaClient(EurekaRegistration.java:117) ~[spring-cloud-netflix-eureka-client-2.2.3.RELEASE.jar:2.2.3.RELEASE]
	at sun.reflect.NativeMethodAccessorImpl.invoke0(Native Method) ~[na:1.8.0_292]
	at sun.reflect.NativeMethodAccessorImpl.invoke(NativeMethodAccessorImpl.java:62) ~[na:1.8.0_292]
	at sun.reflect.DelegatingMethodAccessorImpl.invoke(DelegatingMethodAccessorImpl.java:43) ~[na:1.8.0_292]
	at java.lang.reflect.Method.invoke(Method.java:498) ~[na:1.8.0_292]
	at org.springframework.util.ReflectionUtils.invokeMethod(ReflectionUtils.java:282) ~[spring-core-5.2.7.RELEASE.jar:5.2.7.RELEASE]
	at org.springframework.cloud.context.scope.GenericScope$LockedScopedProxyFactoryBean.invoke(GenericScope.java:499) ~[spring-cloud-context-2.2.3.RELEASE.jar:2.2.3.RELEASE]
	at org.springframework.aop.framework.ReflectiveMethodInvocation.proceed(ReflectiveMethodInvocation.java:186) ~[spring-aop-5.2.7.RELEASE.jar:5.2.7.RELEASE]
	at org.springframework.aop.framework.CglibAopProxy$CglibMethodInvocation.proceed(CglibAopProxy.java:749) ~[spring-aop-5.2.7.RELEASE.jar:5.2.7.RELEASE]
	at org.springframework.aop.framework.CglibAopProxy$DynamicAdvisedInterceptor.intercept(CglibAopProxy.java:691) ~[spring-aop-5.2.7.RELEASE.jar:5.2.7.RELEASE]
	at org.springframework.cloud.netflix.eureka.serviceregistry.EurekaRegistration$$EnhancerBySpringCGLIB$$4c02b26a.getEurekaClient(<generated>) ~[spring-cloud-netflix-eureka-client-2.2.3.RELEASE.jar:2.2.3.RELEASE]
	at org.springframework.cloud.netflix.eureka.serviceregistry.EurekaServiceRegistry.maybeInitializeClient(EurekaServiceRegistry.java:57) ~[spring-cloud-netflix-eureka-client-2.2.3.RELEASE.jar:2.2.3.RELEASE]
	at org.springframework.cloud.netflix.eureka.serviceregistry.EurekaServiceRegistry.register(EurekaServiceRegistry.java:38) ~[spring-cloud-netflix-eureka-client-2.2.3.RELEASE.jar:2.2.3.RELEASE]
	at org.springframework.cloud.netflix.eureka.serviceregistry.EurekaAutoServiceRegistration.start(EurekaAutoServiceRegistration.java:83) ~[spring-cloud-netflix-eureka-client-2.2.3.RELEASE.jar:2.2.3.RELEASE]
	at org.springframework.context.support.DefaultLifecycleProcessor.doStart(DefaultLifecycleProcessor.java:182) ~[spring-context-5.2.7.RELEASE.jar:5.2.7.RELEASE]
	at org.springframework.context.support.DefaultLifecycleProcessor.access$200(DefaultLifecycleProcessor.java:53) ~[spring-context-5.2.7.RELEASE.jar:5.2.7.RELEASE]
	at org.springframework.context.support.DefaultLifecycleProcessor$LifecycleGroup.start(DefaultLifecycleProcessor.java:360) ~[spring-context-5.2.7.RELEASE.jar:5.2.7.RELEASE]
	at org.springframework.context.support.DefaultLifecycleProcessor.startBeans(DefaultLifecycleProcessor.java:158) ~[spring-context-5.2.7.RELEASE.jar:5.2.7.RELEASE]
	at org.springframework.context.support.DefaultLifecycleProcessor.onRefresh(DefaultLifecycleProcessor.java:122) ~[spring-context-5.2.7.RELEASE.jar:5.2.7.RELEASE]
	at org.springframework.context.support.AbstractApplicationContext.finishRefresh(AbstractApplicationContext.java:895) ~[spring-context-5.2.7.RELEASE.jar:5.2.7.RELEASE]
	at org.springframework.context.support.AbstractApplicationContext.refresh(AbstractApplicationContext.java:554) ~[spring-context-5.2.7.RELEASE.jar:5.2.7.RELEASE]
	at org.springframework.boot.web.servlet.context.ServletWebServerApplicationContext.refresh(ServletWebServerApplicationContext.java:143) ~[spring-boot-2.3.1.RELEASE.jar:2.3.1.RELEASE]
	at org.springframework.boot.SpringApplication.refresh(SpringApplication.java:758) ~[spring-boot-2.3.1.RELEASE.jar:2.3.1.RELEASE]
	at org.springframework.boot.SpringApplication.refresh(SpringApplication.java:750) ~[spring-boot-2.3.1.RELEASE.jar:2.3.1.RELEASE]
	at org.springframework.boot.SpringApplication.refreshContext(SpringApplication.java:397) ~[spring-boot-2.3.1.RELEASE.jar:2.3.1.RELEASE]
	at org.springframework.boot.SpringApplication.run(SpringApplication.java:315) ~[spring-boot-2.3.1.RELEASE.jar:2.3.1.RELEASE]
	at org.springframework.boot.SpringApplication.run(SpringApplication.java:1237) ~[spring-boot-2.3.1.RELEASE.jar:2.3.1.RELEASE]
	at org.springframework.boot.SpringApplication.run(SpringApplication.java:1226) ~[spring-boot-2.3.1.RELEASE.jar:2.3.1.RELEASE]
	at com.uga.email_service.EmailServiceApplication.main(EmailServiceApplication.java:12) ~[classes/:na]
Caused by: java.net.ConnectException: Connection refused: connect
	at java.net.DualStackPlainSocketImpl.waitForConnect(Native Method) ~[na:1.8.0_292]
	at java.net.DualStackPlainSocketImpl.socketConnect(DualStackPlainSocketImpl.java:85) ~[na:1.8.0_292]
	at java.net.AbstractPlainSocketImpl.doConnect(AbstractPlainSocketImpl.java:350) ~[na:1.8.0_292]
	at java.net.AbstractPlainSocketImpl.connectToAddress(AbstractPlainSocketImpl.java:206) ~[na:1.8.0_292]
	at java.net.AbstractPlainSocketImpl.connect(AbstractPlainSocketImpl.java:188) ~[na:1.8.0_292]
	at java.net.PlainSocketImpl.connect(PlainSocketImpl.java:172) ~[na:1.8.0_292]
	at java.net.SocksSocketImpl.connect(SocksSocketImpl.java:392) ~[na:1.8.0_292]
	at java.net.Socket.connect(Socket.java:607) ~[na:1.8.0_292]
	at org.apache.http.conn.scheme.PlainSocketFactory.connectSocket(PlainSocketFactory.java:121) ~[httpclient-4.5.12.jar:4.5.12]
	at org.apache.http.impl.conn.DefaultClientConnectionOperator.openConnection(DefaultClientConnectionOperator.java:180) ~[httpclient-4.5.12.jar:4.5.12]
	at org.apache.http.impl.conn.AbstractPoolEntry.open(AbstractPoolEntry.java:144) ~[httpclient-4.5.12.jar:4.5.12]
	at org.apache.http.impl.conn.AbstractPooledConnAdapter.open(AbstractPooledConnAdapter.java:134) ~[httpclient-4.5.12.jar:4.5.12]
	at org.apache.http.impl.client.DefaultRequestDirector.tryConnect(DefaultRequestDirector.java:605) ~[httpclient-4.5.12.jar:4.5.12]
	at org.apache.http.impl.client.DefaultRequestDirector.execute(DefaultRequestDirector.java:440) ~[httpclient-4.5.12.jar:4.5.12]
	at org.apache.http.impl.client.AbstractHttpClient.doExecute(AbstractHttpClient.java:835) ~[httpclient-4.5.12.jar:4.5.12]
	at org.apache.http.impl.client.CloseableHttpClient.execute(CloseableHttpClient.java:118) ~[httpclient-4.5.12.jar:4.5.12]
	at org.apache.http.impl.client.CloseableHttpClient.execute(CloseableHttpClient.java:56) ~[httpclient-4.5.12.jar:4.5.12]
	at com.sun.jersey.client.apache4.ApacheHttpClient4Handler.handle(ApacheHttpClient4Handler.java:173) ~[jersey-apache-client4-1.19.1.jar:1.19.1]
	... 75 common frames omitted

2021-07-16 12:45:06.517  WARN 14472 --- [main] c.n.d.s.t.d.RetryableEurekaHttpClient    : Request execution failed with message: java.net.ConnectException: Connection refused: connect
2021-07-16 12:45:06.518 ERROR 14472 --- [main] com.netflix.discovery.DiscoveryClient    : DiscoveryClient_EMAIL_SERVICE/Cole-Desktop:email_service:8082 - was unable to refresh its cache! status = Cannot execute request on any known server

com.netflix.discovery.shared.transport.TransportException: Cannot execute request on any known server
	at com.netflix.discovery.shared.transport.decorator.RetryableEurekaHttpClient.execute(RetryableEurekaHttpClient.java:112) ~[eureka-client-1.9.21.jar:1.9.21]
	at com.netflix.discovery.shared.transport.decorator.EurekaHttpClientDecorator.getApplications(EurekaHttpClientDecorator.java:134) ~[eureka-client-1.9.21.jar:1.9.21]
	at com.netflix.discovery.shared.transport.decorator.EurekaHttpClientDecorator$6.execute(EurekaHttpClientDecorator.java:137) ~[eureka-client-1.9.21.jar:1.9.21]
	at com.netflix.discovery.shared.transport.decorator.SessionedEurekaHttpClient.execute(SessionedEurekaHttpClient.java:77) ~[eureka-client-1.9.21.jar:1.9.21]
	at com.netflix.discovery.shared.transport.decorator.EurekaHttpClientDecorator.getApplications(EurekaHttpClientDecorator.java:134) ~[eureka-client-1.9.21.jar:1.9.21]
	at com.netflix.discovery.DiscoveryClient.getAndStoreFullRegistry(DiscoveryClient.java:1081) [eureka-client-1.9.21.jar:1.9.21]
	at com.netflix.discovery.DiscoveryClient.fetchRegistry(DiscoveryClient.java:995) [eureka-client-1.9.21.jar:1.9.21]
	at com.netflix.discovery.DiscoveryClient.<init>(DiscoveryClient.java:438) [eureka-client-1.9.21.jar:1.9.21]
	at com.netflix.discovery.DiscoveryClient.<init>(DiscoveryClient.java:282) [eureka-client-1.9.21.jar:1.9.21]
	at com.netflix.discovery.DiscoveryClient.<init>(DiscoveryClient.java:278) [eureka-client-1.9.21.jar:1.9.21]
	at org.springframework.cloud.netflix.eureka.CloudEurekaClient.<init>(CloudEurekaClient.java:67) [spring-cloud-netflix-eureka-client-2.2.3.RELEASE.jar:2.2.3.RELEASE]
	at org.springframework.cloud.netflix.eureka.EurekaClientAutoConfiguration$RefreshableEurekaClientConfiguration.eurekaClient(EurekaClientAutoConfiguration.java:316) [spring-cloud-netflix-eureka-client-2.2.3.RELEASE.jar:2.2.3.RELEASE]
	at sun.reflect.NativeMethodAccessorImpl.invoke0(Native Method) ~[na:1.8.0_292]
	at sun.reflect.NativeMethodAccessorImpl.invoke(NativeMethodAccessorImpl.java:62) ~[na:1.8.0_292]
	at sun.reflect.DelegatingMethodAccessorImpl.invoke(DelegatingMethodAccessorImpl.java:43) ~[na:1.8.0_292]
	at java.lang.reflect.Method.invoke(Method.java:498) ~[na:1.8.0_292]
	at org.springframework.beans.factory.support.SimpleInstantiationStrategy.instantiate(SimpleInstantiationStrategy.java:154) [spring-beans-5.2.7.RELEASE.jar:5.2.7.RELEASE]
	at org.springframework.beans.factory.support.ConstructorResolver.instantiate(ConstructorResolver.java:650) [spring-beans-5.2.7.RELEASE.jar:5.2.7.RELEASE]
	at org.springframework.beans.factory.support.ConstructorResolver.instantiateUsingFactoryMethod(ConstructorResolver.java:635) [spring-beans-5.2.7.RELEASE.jar:5.2.7.RELEASE]
	at org.springframework.beans.factory.support.AbstractAutowireCapableBeanFactory.instantiateUsingFactoryMethod(AbstractAutowireCapableBeanFactory.java:1338) [spring-beans-5.2.7.RELEASE.jar:5.2.7.RELEASE]
	at org.springframework.beans.factory.support.AbstractAutowireCapableBeanFactory.createBeanInstance(AbstractAutowireCapableBeanFactory.java:1177) [spring-beans-5.2.7.RELEASE.jar:5.2.7.RELEASE]
	at org.springframework.beans.factory.support.AbstractAutowireCapableBeanFactory.doCreateBean(AbstractAutowireCapableBeanFactory.java:557) [spring-beans-5.2.7.RELEASE.jar:5.2.7.RELEASE]
	at org.springframework.beans.factory.support.AbstractAutowireCapableBeanFactory.createBean(AbstractAutowireCapableBeanFactory.java:517) [spring-beans-5.2.7.RELEASE.jar:5.2.7.RELEASE]
	at org.springframework.beans.factory.support.AbstractBeanFactory.lambda$doGetBean$1(AbstractBeanFactory.java:359) [spring-beans-5.2.7.RELEASE.jar:5.2.7.RELEASE]
	at org.springframework.cloud.context.scope.GenericScope$BeanLifecycleWrapper.getBean(GenericScope.java:389) ~[spring-cloud-context-2.2.3.RELEASE.jar:2.2.3.RELEASE]
	at org.springframework.cloud.context.scope.GenericScope.get(GenericScope.java:186) ~[spring-cloud-context-2.2.3.RELEASE.jar:2.2.3.RELEASE]
	at org.springframework.beans.factory.support.AbstractBeanFactory.doGetBean(AbstractBeanFactory.java:356) [spring-beans-5.2.7.RELEASE.jar:5.2.7.RELEASE]
	at org.springframework.beans.factory.support.AbstractBeanFactory.getBean(AbstractBeanFactory.java:202) [spring-beans-5.2.7.RELEASE.jar:5.2.7.RELEASE]
	at org.springframework.aop.target.SimpleBeanTargetSource.getTarget(SimpleBeanTargetSource.java:35) ~[spring-aop-5.2.7.RELEASE.jar:5.2.7.RELEASE]
	at org.springframework.cloud.netflix.eureka.serviceregistry.EurekaRegistration.getTargetObject(EurekaRegistration.java:129) ~[spring-cloud-netflix-eureka-client-2.2.3.RELEASE.jar:2.2.3.RELEASE]
	at org.springframework.cloud.netflix.eureka.serviceregistry.EurekaRegistration.getEurekaClient(EurekaRegistration.java:117) ~[spring-cloud-netflix-eureka-client-2.2.3.RELEASE.jar:2.2.3.RELEASE]
	at sun.reflect.NativeMethodAccessorImpl.invoke0(Native Method) ~[na:1.8.0_292]
	at sun.reflect.NativeMethodAccessorImpl.invoke(NativeMethodAccessorImpl.java:62) ~[na:1.8.0_292]
	at sun.reflect.DelegatingMethodAccessorImpl.invoke(DelegatingMethodAccessorImpl.java:43) ~[na:1.8.0_292]
	at java.lang.reflect.Method.invoke(Method.java:498) ~[na:1.8.0_292]
	at org.springframework.util.ReflectionUtils.invokeMethod(ReflectionUtils.java:282) ~[spring-core-5.2.7.RELEASE.jar:5.2.7.RELEASE]
	at org.springframework.cloud.context.scope.GenericScope$LockedScopedProxyFactoryBean.invoke(GenericScope.java:499) ~[spring-cloud-context-2.2.3.RELEASE.jar:2.2.3.RELEASE]
	at org.springframework.aop.framework.ReflectiveMethodInvocation.proceed(ReflectiveMethodInvocation.java:186) ~[spring-aop-5.2.7.RELEASE.jar:5.2.7.RELEASE]
	at org.springframework.aop.framework.CglibAopProxy$CglibMethodInvocation.proceed(CglibAopProxy.java:749) ~[spring-aop-5.2.7.RELEASE.jar:5.2.7.RELEASE]
	at org.springframework.aop.framework.CglibAopProxy$DynamicAdvisedInterceptor.intercept(CglibAopProxy.java:691) ~[spring-aop-5.2.7.RELEASE.jar:5.2.7.RELEASE]
	at org.springframework.cloud.netflix.eureka.serviceregistry.EurekaRegistration$$EnhancerBySpringCGLIB$$4c02b26a.getEurekaClient(<generated>) ~[spring-cloud-netflix-eureka-client-2.2.3.RELEASE.jar:2.2.3.RELEASE]
	at org.springframework.cloud.netflix.eureka.serviceregistry.EurekaServiceRegistry.maybeInitializeClient(EurekaServiceRegistry.java:57) ~[spring-cloud-netflix-eureka-client-2.2.3.RELEASE.jar:2.2.3.RELEASE]
	at org.springframework.cloud.netflix.eureka.serviceregistry.EurekaServiceRegistry.register(EurekaServiceRegistry.java:38) ~[spring-cloud-netflix-eureka-client-2.2.3.RELEASE.jar:2.2.3.RELEASE]
	at org.springframework.cloud.netflix.eureka.serviceregistry.EurekaAutoServiceRegistration.start(EurekaAutoServiceRegistration.java:83) ~[spring-cloud-netflix-eureka-client-2.2.3.RELEASE.jar:2.2.3.RELEASE]
	at org.springframework.context.support.DefaultLifecycleProcessor.doStart(DefaultLifecycleProcessor.java:182) ~[spring-context-5.2.7.RELEASE.jar:5.2.7.RELEASE]
	at org.springframework.context.support.DefaultLifecycleProcessor.access$200(DefaultLifecycleProcessor.java:53) ~[spring-context-5.2.7.RELEASE.jar:5.2.7.RELEASE]
	at org.springframework.context.support.DefaultLifecycleProcessor$LifecycleGroup.start(DefaultLifecycleProcessor.java:360) ~[spring-context-5.2.7.RELEASE.jar:5.2.7.RELEASE]
	at org.springframework.context.support.DefaultLifecycleProcessor.startBeans(DefaultLifecycleProcessor.java:158) ~[spring-context-5.2.7.RELEASE.jar:5.2.7.RELEASE]
	at org.springframework.context.support.DefaultLifecycleProcessor.onRefresh(DefaultLifecycleProcessor.java:122) ~[spring-context-5.2.7.RELEASE.jar:5.2.7.RELEASE]
	at org.springframework.context.support.AbstractApplicationContext.finishRefresh(AbstractApplicationContext.java:895) ~[spring-context-5.2.7.RELEASE.jar:5.2.7.RELEASE]
	at org.springframework.context.support.AbstractApplicationContext.refresh(AbstractApplicationContext.java:554) ~[spring-context-5.2.7.RELEASE.jar:5.2.7.RELEASE]
	at org.springframework.boot.web.servlet.context.ServletWebServerApplicationContext.refresh(ServletWebServerApplicationContext.java:143) ~[spring-boot-2.3.1.RELEASE.jar:2.3.1.RELEASE]
	at org.springframework.boot.SpringApplication.refresh(SpringApplication.java:758) ~[spring-boot-2.3.1.RELEASE.jar:2.3.1.RELEASE]
	at org.springframework.boot.SpringApplication.refresh(SpringApplication.java:750) ~[spring-boot-2.3.1.RELEASE.jar:2.3.1.RELEASE]
	at org.springframework.boot.SpringApplication.refreshContext(SpringApplication.java:397) ~[spring-boot-2.3.1.RELEASE.jar:2.3.1.RELEASE]
	at org.springframework.boot.SpringApplication.run(SpringApplication.java:315) ~[spring-boot-2.3.1.RELEASE.jar:2.3.1.RELEASE]
	at org.springframework.boot.SpringApplication.run(SpringApplication.java:1237) ~[spring-boot-2.3.1.RELEASE.jar:2.3.1.RELEASE]
	at org.springframework.boot.SpringApplication.run(SpringApplication.java:1226) ~[spring-boot-2.3.1.RELEASE.jar:2.3.1.RELEASE]
	at com.uga.email_service.EmailServiceApplication.main(EmailServiceApplication.java:12) ~[classes/:na]

2021-07-16 12:45:06.518  WARN 14472 --- [main] com.netflix.discovery.DiscoveryClient    : Using default backup registry implementation which does not do anything.
2021-07-16 12:45:06.520  INFO 14472 --- [main] com.netflix.discovery.DiscoveryClient    : Starting heartbeat executor: renew interval is: 30
2021-07-16 12:45:06.523  INFO 14472 --- [main] c.n.discovery.InstanceInfoReplicator     : InstanceInfoReplicator onDemand update allowed rate per min is 4
2021-07-16 12:45:06.526  INFO 14472 --- [main] com.netflix.discovery.DiscoveryClient    : Discovery Client initialized at timestamp 1626453906525 with initial instances count: 0
2021-07-16 12:45:06.540  INFO 14472 --- [main] o.s.c.n.e.s.EurekaServiceRegistry        : Registering application EMAIL_SERVICE with eureka with status UP
2021-07-16 12:45:06.541  INFO 14472 --- [main] com.netflix.discovery.DiscoveryClient    : Saw local status change event StatusChangeEvent [timestamp=1626453906541, current=UP, previous=STARTING]
2021-07-16 12:45:06.544  INFO 14472 --- [DiscoveryClient-InstanceInfoReplicator-0] com.netflix.discovery.DiscoveryClient    : DiscoveryClient_EMAIL_SERVICE/Cole-Desktop:email_service:8082: registering service...
2021-07-16 12:45:06.571  INFO 14472 --- [main] o.s.b.w.embedded.tomcat.TomcatWebServer  : Tomcat started on port(s): 8082 (http) with context path ''
2021-07-16 12:45:06.572  INFO 14472 --- [main] .s.c.n.e.s.EurekaAutoServiceRegistration : Updating port to 8082
2021-07-16 12:45:06.819  INFO 14472 --- [main] d.s.w.p.DocumentationPluginsBootstrapper : Context refreshed
2021-07-16 12:45:06.838  INFO 14472 --- [main] d.s.w.p.DocumentationPluginsBootstrapper : Found 1 custom documentation plugin(s)
2021-07-16 12:45:06.938  INFO 14472 --- [main] s.d.s.w.s.ApiListingReferenceScanner     : Scanning for api listing references
2021-07-16 12:45:07.102  INFO 14472 --- [main] c.u.e.EmailServiceApplication            : Started EmailServiceApplication in 9.976 seconds (JVM running for 10.496)
2021-07-16 12:45:10.600 ERROR 14472 --- [DiscoveryClient-InstanceInfoReplicator-0] c.n.d.s.t.d.RedirectingEurekaHttpClient  : Request execution error. endpoint=DefaultEndpoint{ serviceUrl='http://localhost:8761/eureka/}

com.sun.jersey.api.client.ClientHandlerException: java.net.ConnectException: Connection refused: connect
	at com.sun.jersey.client.apache4.ApacheHttpClient4Handler.handle(ApacheHttpClient4Handler.java:187) ~[jersey-apache-client4-1.19.1.jar:1.19.1]
	at com.sun.jersey.api.client.filter.GZIPContentEncodingFilter.handle(GZIPContentEncodingFilter.java:123) ~[jersey-client-1.19.1.jar:1.19.1]
	at com.netflix.discovery.EurekaIdentityHeaderFilter.handle(EurekaIdentityHeaderFilter.java:27) ~[eureka-client-1.9.21.jar:1.9.21]
	at com.sun.jersey.api.client.Client.handle(Client.java:652) ~[jersey-client-1.19.1.jar:1.19.1]
	at com.sun.jersey.api.client.WebResource.handle(WebResource.java:682) ~[jersey-client-1.19.1.jar:1.19.1]
	at com.sun.jersey.api.client.WebResource.access$200(WebResource.java:74) ~[jersey-client-1.19.1.jar:1.19.1]
	at com.sun.jersey.api.client.WebResource$Builder.post(WebResource.java:570) ~[jersey-client-1.19.1.jar:1.19.1]
	at com.netflix.discovery.shared.transport.jersey.AbstractJerseyEurekaHttpClient.register(AbstractJerseyEurekaHttpClient.java:57) ~[eureka-client-1.9.21.jar:1.9.21]
	at com.netflix.discovery.shared.transport.decorator.EurekaHttpClientDecorator$1.execute(EurekaHttpClientDecorator.java:59) [eureka-client-1.9.21.jar:1.9.21]
	at com.netflix.discovery.shared.transport.decorator.MetricsCollectingEurekaHttpClient.execute(MetricsCollectingEurekaHttpClient.java:73) ~[eureka-client-1.9.21.jar:1.9.21]
	at com.netflix.discovery.shared.transport.decorator.EurekaHttpClientDecorator.register(EurekaHttpClientDecorator.java:56) [eureka-client-1.9.21.jar:1.9.21]
	at com.netflix.discovery.shared.transport.decorator.EurekaHttpClientDecorator$1.execute(EurekaHttpClientDecorator.java:59) [eureka-client-1.9.21.jar:1.9.21]
	at com.netflix.discovery.shared.transport.decorator.RedirectingEurekaHttpClient.executeOnNewServer(RedirectingEurekaHttpClient.java:118) ~[eureka-client-1.9.21.jar:1.9.21]
	at com.netflix.discovery.shared.transport.decorator.RedirectingEurekaHttpClient.execute(RedirectingEurekaHttpClient.java:79) ~[eureka-client-1.9.21.jar:1.9.21]
	at com.netflix.discovery.shared.transport.decorator.EurekaHttpClientDecorator.register(EurekaHttpClientDecorator.java:56) [eureka-client-1.9.21.jar:1.9.21]
	at com.netflix.discovery.shared.transport.decorator.EurekaHttpClientDecorator$1.execute(EurekaHttpClientDecorator.java:59) [eureka-client-1.9.21.jar:1.9.21]
	at com.netflix.discovery.shared.transport.decorator.RetryableEurekaHttpClient.execute(RetryableEurekaHttpClient.java:120) [eureka-client-1.9.21.jar:1.9.21]
	at com.netflix.discovery.shared.transport.decorator.EurekaHttpClientDecorator.register(EurekaHttpClientDecorator.java:56) [eureka-client-1.9.21.jar:1.9.21]
	at com.netflix.discovery.shared.transport.decorator.EurekaHttpClientDecorator$1.execute(EurekaHttpClientDecorator.java:59) [eureka-client-1.9.21.jar:1.9.21]
	at com.netflix.discovery.shared.transport.decorator.SessionedEurekaHttpClient.execute(SessionedEurekaHttpClient.java:77) [eureka-client-1.9.21.jar:1.9.21]
	at com.netflix.discovery.shared.transport.decorator.EurekaHttpClientDecorator.register(EurekaHttpClientDecorator.java:56) [eureka-client-1.9.21.jar:1.9.21]
	at com.netflix.discovery.DiscoveryClient.register(DiscoveryClient.java:857) [eureka-client-1.9.21.jar:1.9.21]
	at com.netflix.discovery.InstanceInfoReplicator.run(InstanceInfoReplicator.java:121) [eureka-client-1.9.21.jar:1.9.21]
	at com.netflix.discovery.InstanceInfoReplicator$1.run(InstanceInfoReplicator.java:101) [eureka-client-1.9.21.jar:1.9.21]
	at java.util.concurrent.Executors$RunnableAdapter.call(Executors.java:511) [na:1.8.0_292]
	at java.util.concurrent.FutureTask.run(FutureTask.java:266) [na:1.8.0_292]
	at java.util.concurrent.ScheduledThreadPoolExecutor$ScheduledFutureTask.access$201(ScheduledThreadPoolExecutor.java:180) [na:1.8.0_292]
	at java.util.concurrent.ScheduledThreadPoolExecutor$ScheduledFutureTask.run(ScheduledThreadPoolExecutor.java:293) [na:1.8.0_292]
	at java.util.concurrent.ThreadPoolExecutor.runWorker(ThreadPoolExecutor.java:1149) [na:1.8.0_292]
	at java.util.concurrent.ThreadPoolExecutor$Worker.run(ThreadPoolExecutor.java:624) [na:1.8.0_292]
	at java.lang.Thread.run(Thread.java:748) [na:1.8.0_292]
Caused by: java.net.ConnectException: Connection refused: connect
	at java.net.DualStackPlainSocketImpl.waitForConnect(Native Method) ~[na:1.8.0_292]
	at java.net.DualStackPlainSocketImpl.socketConnect(DualStackPlainSocketImpl.java:85) ~[na:1.8.0_292]
	at java.net.AbstractPlainSocketImpl.doConnect(AbstractPlainSocketImpl.java:350) ~[na:1.8.0_292]
	at java.net.AbstractPlainSocketImpl.connectToAddress(AbstractPlainSocketImpl.java:206) ~[na:1.8.0_292]
	at java.net.AbstractPlainSocketImpl.connect(AbstractPlainSocketImpl.java:188) ~[na:1.8.0_292]
	at java.net.PlainSocketImpl.connect(PlainSocketImpl.java:172) ~[na:1.8.0_292]
	at java.net.SocksSocketImpl.connect(SocksSocketImpl.java:392) ~[na:1.8.0_292]
	at java.net.Socket.connect(Socket.java:607) ~[na:1.8.0_292]
	at org.apache.http.conn.scheme.PlainSocketFactory.connectSocket(PlainSocketFactory.java:121) ~[httpclient-4.5.12.jar:4.5.12]
	at org.apache.http.impl.conn.DefaultClientConnectionOperator.openConnection(DefaultClientConnectionOperator.java:180) ~[httpclient-4.5.12.jar:4.5.12]
	at org.apache.http.impl.conn.AbstractPoolEntry.open(AbstractPoolEntry.java:144) ~[httpclient-4.5.12.jar:4.5.12]
	at org.apache.http.impl.conn.AbstractPooledConnAdapter.open(AbstractPooledConnAdapter.java:134) ~[httpclient-4.5.12.jar:4.5.12]
	at org.apache.http.impl.client.DefaultRequestDirector.tryConnect(DefaultRequestDirector.java:605) ~[httpclient-4.5.12.jar:4.5.12]
	at org.apache.http.impl.client.DefaultRequestDirector.execute(DefaultRequestDirector.java:440) ~[httpclient-4.5.12.jar:4.5.12]
	at org.apache.http.impl.client.AbstractHttpClient.doExecute(AbstractHttpClient.java:835) ~[httpclient-4.5.12.jar:4.5.12]
	at org.apache.http.impl.client.CloseableHttpClient.execute(CloseableHttpClient.java:118) ~[httpclient-4.5.12.jar:4.5.12]
	at org.apache.http.impl.client.CloseableHttpClient.execute(CloseableHttpClient.java:56) ~[httpclient-4.5.12.jar:4.5.12]
	at com.sun.jersey.client.apache4.ApacheHttpClient4Handler.handle(ApacheHttpClient4Handler.java:173) ~[jersey-apache-client4-1.19.1.jar:1.19.1]
	... 30 common frames omitted

2021-07-16 12:45:10.601  WARN 14472 --- [DiscoveryClient-InstanceInfoReplicator-0] c.n.d.s.t.d.RetryableEurekaHttpClient    : Request execution failed with message: java.net.ConnectException: Connection refused: connect
2021-07-16 12:45:10.601  WARN 14472 --- [DiscoveryClient-InstanceInfoReplicator-0] com.netflix.discovery.DiscoveryClient    : DiscoveryClient_EMAIL_SERVICE/Cole-Desktop:email_service:8082 - registration failed Cannot execute request on any known server

com.netflix.discovery.shared.transport.TransportException: Cannot execute request on any known server
	at com.netflix.discovery.shared.transport.decorator.RetryableEurekaHttpClient.execute(RetryableEurekaHttpClient.java:112) ~[eureka-client-1.9.21.jar:1.9.21]
	at com.netflix.discovery.shared.transport.decorator.EurekaHttpClientDecorator.register(EurekaHttpClientDecorator.java:56) ~[eureka-client-1.9.21.jar:1.9.21]
	at com.netflix.discovery.shared.transport.decorator.EurekaHttpClientDecorator$1.execute(EurekaHttpClientDecorator.java:59) ~[eureka-client-1.9.21.jar:1.9.21]
	at com.netflix.discovery.shared.transport.decorator.SessionedEurekaHttpClient.execute(SessionedEurekaHttpClient.java:77) ~[eureka-client-1.9.21.jar:1.9.21]
	at com.netflix.discovery.shared.transport.decorator.EurekaHttpClientDecorator.register(EurekaHttpClientDecorator.java:56) ~[eureka-client-1.9.21.jar:1.9.21]
	at com.netflix.discovery.DiscoveryClient.register(DiscoveryClient.java:857) ~[eureka-client-1.9.21.jar:1.9.21]
	at com.netflix.discovery.InstanceInfoReplicator.run(InstanceInfoReplicator.java:121) [eureka-client-1.9.21.jar:1.9.21]
	at com.netflix.discovery.InstanceInfoReplicator$1.run(InstanceInfoReplicator.java:101) [eureka-client-1.9.21.jar:1.9.21]
	at java.util.concurrent.Executors$RunnableAdapter.call(Executors.java:511) [na:1.8.0_292]
	at java.util.concurrent.FutureTask.run(FutureTask.java:266) [na:1.8.0_292]
	at java.util.concurrent.ScheduledThreadPoolExecutor$ScheduledFutureTask.access$201(ScheduledThreadPoolExecutor.java:180) [na:1.8.0_292]
	at java.util.concurrent.ScheduledThreadPoolExecutor$ScheduledFutureTask.run(ScheduledThreadPoolExecutor.java:293) [na:1.8.0_292]
	at java.util.concurrent.ThreadPoolExecutor.runWorker(ThreadPoolExecutor.java:1149) [na:1.8.0_292]
	at java.util.concurrent.ThreadPoolExecutor$Worker.run(ThreadPoolExecutor.java:624) [na:1.8.0_292]
	at java.lang.Thread.run(Thread.java:748) [na:1.8.0_292]

2021-07-16 12:45:10.601  WARN 14472 --- [DiscoveryClient-InstanceInfoReplicator-0] c.n.discovery.InstanceInfoReplicator     : There was a problem with the instance info replicator

com.netflix.discovery.shared.transport.TransportException: Cannot execute request on any known server
	at com.netflix.discovery.shared.transport.decorator.RetryableEurekaHttpClient.execute(RetryableEurekaHttpClient.java:112) ~[eureka-client-1.9.21.jar:1.9.21]
	at com.netflix.discovery.shared.transport.decorator.EurekaHttpClientDecorator.register(EurekaHttpClientDecorator.java:56) ~[eureka-client-1.9.21.jar:1.9.21]
	at com.netflix.discovery.shared.transport.decorator.EurekaHttpClientDecorator$1.execute(EurekaHttpClientDecorator.java:59) ~[eureka-client-1.9.21.jar:1.9.21]
	at com.netflix.discovery.shared.transport.decorator.SessionedEurekaHttpClient.execute(SessionedEurekaHttpClient.java:77) ~[eureka-client-1.9.21.jar:1.9.21]
	at com.netflix.discovery.shared.transport.decorator.EurekaHttpClientDecorator.register(EurekaHttpClientDecorator.java:56) ~[eureka-client-1.9.21.jar:1.9.21]
	at com.netflix.discovery.DiscoveryClient.register(DiscoveryClient.java:857) ~[eureka-client-1.9.21.jar:1.9.21]
	at com.netflix.discovery.InstanceInfoReplicator.run(InstanceInfoReplicator.java:121) ~[eureka-client-1.9.21.jar:1.9.21]
	at com.netflix.discovery.InstanceInfoReplicator$1.run(InstanceInfoReplicator.java:101) [eureka-client-1.9.21.jar:1.9.21]
	at java.util.concurrent.Executors$RunnableAdapter.call(Executors.java:511) [na:1.8.0_292]
	at java.util.concurrent.FutureTask.run(FutureTask.java:266) [na:1.8.0_292]
	at java.util.concurrent.ScheduledThreadPoolExecutor$ScheduledFutureTask.access$201(ScheduledThreadPoolExecutor.java:180) [na:1.8.0_292]
	at java.util.concurrent.ScheduledThreadPoolExecutor$ScheduledFutureTask.run(ScheduledThreadPoolExecutor.java:293) [na:1.8.0_292]
	at java.util.concurrent.ThreadPoolExecutor.runWorker(ThreadPoolExecutor.java:1149) [na:1.8.0_292]
	at java.util.concurrent.ThreadPoolExecutor$Worker.run(ThreadPoolExecutor.java:624) [na:1.8.0_292]
	at java.lang.Thread.run(Thread.java:748) [na:1.8.0_292]

2021-07-16 12:45:11.216  WARN 14472 --- [registrationTask1] d.c.b.a.c.r.ApplicationRegistrator       : Failed to register application as Application(name=email_service, managementUrl=http://Cole-Desktop:8082/actuator, healthUrl=http://Cole-Desktop:8082/actuator/health, serviceUrl=http://Cole-Desktop:8082/) at spring-boot-admin ([http://localhost:8761/admin/instances]): I/O error on POST request for "http://localhost:8761/admin/instances": Connect to localhost:8761 [localhost/127.0.0.1, localhost/0:0:0:0:0:0:0:1] failed: Connection refused: connect; nested exception is org.apache.http.conn.HttpHostConnectException: Connect to localhost:8761 [localhost/127.0.0.1, localhost/0:0:0:0:0:0:0:1] failed: Connection refused: connect. Further attempts are logged on DEBUG level
