2021-07-21 10:13:51.995  INFO 18408 --- [main] c.u.s.ShippingDetailServiceApplication   : No active profile set, falling back to default profiles: default
2021-07-21 10:13:54.176  INFO 18408 --- [main] .s.d.r.c.RepositoryConfigurationDelegate : Bootstrapping Spring Data JPA repositories in DEFERRED mode.
2021-07-21 10:13:54.394  INFO 18408 --- [main] .s.d.r.c.RepositoryConfigurationDelegate : Finished Spring Data repository scanning in 191ms. Found 1 JPA repository interfaces.
2021-07-21 10:13:54.742  WARN 18408 --- [main] o.s.boot.actuate.endpoint.EndpointId     : Endpoint ID 'service-registry' contains invalid characters, please migrate to a valid format.
2021-07-21 10:13:55.076  INFO 18408 --- [main] o.s.cloud.context.scope.GenericScope     : BeanFactory id=c6e46724-2a92-387f-9563-209babc22fe4
2021-07-21 10:13:57.268  INFO 18408 --- [main] o.s.b.w.embedded.tomcat.TomcatWebServer  : Tomcat initialized with port(s): 8086 (http)
2021-07-21 10:13:57.279  INFO 18408 --- [main] o.apache.catalina.core.StandardService   : Starting service [Tomcat]
2021-07-21 10:13:57.279  INFO 18408 --- [main] org.apache.catalina.core.StandardEngine  : Starting Servlet engine: [Apache Tomcat/9.0.36]
2021-07-21 10:13:57.615  INFO 18408 --- [main] o.a.c.c.C.[Tomcat].[localhost].[/]       : Initializing Spring embedded WebApplicationContext
2021-07-21 10:13:57.616  INFO 18408 --- [main] w.s.c.ServletWebServerApplicationContext : Root WebApplicationContext: initialization completed in 5600 ms
2021-07-21 10:13:57.914  WARN 18408 --- [main] c.n.c.sources.URLConfigurationSource     : No URLs will be polled as dynamic configuration sources.
2021-07-21 10:13:57.915  INFO 18408 --- [main] c.n.c.sources.URLConfigurationSource     : To enable URLs as dynamic configuration sources, define System property archaius.configurationSource.additionalUrls or make config.properties available on classpath.
2021-07-21 10:13:57.941  INFO 18408 --- [main] c.netflix.config.DynamicPropertyFactory  : DynamicPropertyFactory is initialized with configuration sources: com.netflix.config.ConcurrentCompositeConfiguration@69a024a0
2021-07-21 10:13:58.612  INFO 18408 --- [main] o.s.s.concurrent.ThreadPoolTaskExecutor  : Initializing ExecutorService 'applicationTaskExecutor'
2021-07-21 10:13:58.689  INFO 18408 --- [main] com.zaxxer.hikari.HikariDataSource       : HikariPool-1 - Starting...
2021-07-21 10:14:00.776  INFO 18408 --- [main] com.zaxxer.hikari.HikariDataSource       : HikariPool-1 - Start completed.
2021-07-21 10:14:00.970  INFO 18408 --- [task-1] o.hibernate.jpa.internal.util.LogHelper  : HHH000204: Processing PersistenceUnitInfo [name: default]
2021-07-21 10:14:01.172  INFO 18408 --- [task-1] org.hibernate.Version                    : HHH000412: Hibernate ORM core version 5.4.17.Final
2021-07-21 10:14:01.622  INFO 18408 --- [task-1] o.hibernate.annotations.common.Version   : HCANN000001: Hibernate Commons Annotations {5.1.0.Final}
2021-07-21 10:14:01.897  WARN 18408 --- [main] JpaBaseConfiguration$JpaWebConfiguration : spring.jpa.open-in-view is enabled by default. Therefore, database queries may be performed during view rendering. Explicitly configure spring.jpa.open-in-view to disable this warning
2021-07-21 10:14:02.088  INFO 18408 --- [task-1] org.hibernate.dialect.Dialect            : HHH000400: Using dialect: org.hibernate.dialect.MySQL5InnoDBDialect
2021-07-21 10:14:03.664  INFO 18408 --- [task-1] o.h.e.t.j.p.i.JtaPlatformInitiator       : HHH000490: Using JtaPlatform implementation: [org.hibernate.engine.transaction.jta.platform.internal.NoJtaPlatform]
2021-07-21 10:14:03.679  INFO 18408 --- [task-1] j.LocalContainerEntityManagerFactoryBean : Initialized JPA EntityManagerFactory for persistence unit 'default'
2021-07-21 10:14:03.687  INFO 18408 --- [main] o.s.b.a.e.web.EndpointLinksResolver      : Exposing 18 endpoint(s) beneath base path '/actuator'
2021-07-21 10:14:04.322  INFO 18408 --- [main] pertySourcedRequestMappingHandlerMapping : Mapped URL path [/v2/api-docs] onto method [springfox.documentation.swagger2.web.Swagger2Controller#getDocumentation(String, HttpServletRequest)]
2021-07-21 10:14:04.385  WARN 18408 --- [main] c.n.c.sources.URLConfigurationSource     : No URLs will be polled as dynamic configuration sources.
2021-07-21 10:14:04.386  INFO 18408 --- [main] c.n.c.sources.URLConfigurationSource     : To enable URLs as dynamic configuration sources, define System property archaius.configurationSource.additionalUrls or make config.properties available on classpath.
2021-07-21 10:14:06.591  INFO 18408 --- [main] o.s.s.c.ThreadPoolTaskScheduler          : Initializing ExecutorService
2021-07-21 10:14:08.030  WARN 18408 --- [main] ockingLoadBalancerClientRibbonWarnLogger : You already have RibbonLoadBalancerClient on your classpath. It will be used by default. As Spring Cloud Ribbon is in maintenance mode. We recommend switching to BlockingLoadBalancerClient instead. In order to use it, set the value of `spring.cloud.loadbalancer.ribbon.enabled` to `false` or remove spring-cloud-starter-netflix-ribbon from your project.
2021-07-21 10:14:08.397  INFO 18408 --- [main] o.s.c.n.eureka.InstanceInfoFactory       : Setting initial instance status as: STARTING
2021-07-21 10:14:08.465  INFO 18408 --- [main] com.netflix.discovery.DiscoveryClient    : Initializing Eureka in region us-east-1
2021-07-21 10:14:08.579  INFO 18408 --- [main] c.n.d.provider.DiscoveryJerseyProvider   : Using JSON encoding codec LegacyJacksonJson
2021-07-21 10:14:08.580  INFO 18408 --- [main] c.n.d.provider.DiscoveryJerseyProvider   : Using JSON decoding codec LegacyJacksonJson
2021-07-21 10:14:08.845  INFO 18408 --- [main] c.n.d.provider.DiscoveryJerseyProvider   : Using XML encoding codec XStreamXml
2021-07-21 10:14:08.845  INFO 18408 --- [main] c.n.d.provider.DiscoveryJerseyProvider   : Using XML decoding codec XStreamXml
2021-07-21 10:14:09.253  INFO 18408 --- [main] c.n.d.s.r.aws.ConfigClusterResolver      : Resolving eureka endpoints via configuration
2021-07-21 10:14:09.635  INFO 18408 --- [main] com.netflix.discovery.DiscoveryClient    : Disable delta property : false
2021-07-21 10:14:09.635  INFO 18408 --- [main] com.netflix.discovery.DiscoveryClient    : Single vip registry refresh property : null
2021-07-21 10:14:09.636  INFO 18408 --- [main] com.netflix.discovery.DiscoveryClient    : Force full registry fetch : false
2021-07-21 10:14:09.636  INFO 18408 --- [main] com.netflix.discovery.DiscoveryClient    : Application is null : false
2021-07-21 10:14:09.637  INFO 18408 --- [main] com.netflix.discovery.DiscoveryClient    : Registered Applications size is zero : true
2021-07-21 10:14:09.637  INFO 18408 --- [main] com.netflix.discovery.DiscoveryClient    : Application version is -1: true
2021-07-21 10:14:09.637  INFO 18408 --- [main] com.netflix.discovery.DiscoveryClient    : Getting all instance registry info from the eureka server
2021-07-21 10:14:09.950  INFO 18408 --- [main] com.netflix.discovery.DiscoveryClient    : The response status is 200
2021-07-21 10:14:09.957  INFO 18408 --- [main] com.netflix.discovery.DiscoveryClient    : Starting heartbeat executor: renew interval is: 30
2021-07-21 10:14:09.964  INFO 18408 --- [main] c.n.discovery.InstanceInfoReplicator     : InstanceInfoReplicator onDemand update allowed rate per min is 4
2021-07-21 10:14:09.972  INFO 18408 --- [main] com.netflix.discovery.DiscoveryClient    : Discovery Client initialized at timestamp 1626876849970 with initial instances count: 0
2021-07-21 10:14:09.996  INFO 18408 --- [main] o.s.c.n.e.s.EurekaServiceRegistry        : Registering application SHIPPING_DETAIL_SERVICE with eureka with status UP
2021-07-21 10:14:09.998  INFO 18408 --- [main] com.netflix.discovery.DiscoveryClient    : Saw local status change event StatusChangeEvent [timestamp=1626876849998, current=UP, previous=STARTING]
2021-07-21 10:14:10.002  INFO 18408 --- [DiscoveryClient-InstanceInfoReplicator-0] com.netflix.discovery.DiscoveryClient    : DiscoveryClient_SHIPPING_DETAIL_SERVICE/192.168.1.187:shipping_detail_service:8086: registering service...
2021-07-21 10:14:10.063  INFO 18408 --- [main] o.s.b.w.embedded.tomcat.TomcatWebServer  : Tomcat started on port(s): 8086 (http) with context path ''
2021-07-21 10:14:10.069  INFO 18408 --- [main] .s.c.n.e.s.EurekaAutoServiceRegistration : Updating port to 8086
2021-07-21 10:14:10.319  INFO 18408 --- [DiscoveryClient-InstanceInfoReplicator-0] com.netflix.discovery.DiscoveryClient    : DiscoveryClient_SHIPPING_DETAIL_SERVICE/192.168.1.187:shipping_detail_service:8086 - registration status: 204
2021-07-21 10:14:10.829  INFO 18408 --- [main] d.s.w.p.DocumentationPluginsBootstrapper : Context refreshed
2021-07-21 10:14:10.872  INFO 18408 --- [main] d.s.w.p.DocumentationPluginsBootstrapper : Found 1 custom documentation plugin(s)
2021-07-21 10:14:10.991  INFO 18408 --- [main] s.d.s.w.s.ApiListingReferenceScanner     : Scanning for api listing references
2021-07-21 10:14:11.387  INFO 18408 --- [http-nio-8086-exec-1] o.a.c.c.C.[Tomcat].[localhost].[/]       : Initializing Spring DispatcherServlet 'dispatcherServlet'
2021-07-21 10:14:11.388  INFO 18408 --- [http-nio-8086-exec-1] o.s.web.servlet.DispatcherServlet        : Initializing Servlet 'dispatcherServlet'
2021-07-21 10:14:11.417  INFO 18408 --- [main] DeferredRepositoryInitializationListener : Triggering deferred initialization of Spring Data repositories…
2021-07-21 10:14:12.461  INFO 18408 --- [http-nio-8086-exec-1] o.s.web.servlet.DispatcherServlet        : Completed initialization in 1073 ms
2021-07-21 10:14:12.903  INFO 18408 --- [main] DeferredRepositoryInitializationListener : Spring Data repositories initialized!
2021-07-21 10:14:12.947  INFO 18408 --- [main] c.u.s.ShippingDetailServiceApplication   : Started ShippingDetailServiceApplication in 22.529 seconds (JVM running for 23.873)
2021-07-21 10:14:14.576  INFO 18408 --- [registrationTask1] d.c.b.a.c.r.ApplicationRegistrator       : Application registered itself as db959c516382
2021-07-21 10:14:39.968  INFO 18408 --- [DiscoveryClient-CacheRefreshExecutor-0] com.netflix.discovery.DiscoveryClient    : Disable delta property : false
2021-07-21 10:14:39.970  INFO 18408 --- [DiscoveryClient-CacheRefreshExecutor-0] com.netflix.discovery.DiscoveryClient    : Single vip registry refresh property : null
2021-07-21 10:14:39.970  INFO 18408 --- [DiscoveryClient-CacheRefreshExecutor-0] com.netflix.discovery.DiscoveryClient    : Force full registry fetch : false
2021-07-21 10:14:39.971  INFO 18408 --- [DiscoveryClient-CacheRefreshExecutor-0] com.netflix.discovery.DiscoveryClient    : Application is null : false
2021-07-21 10:14:39.971  INFO 18408 --- [DiscoveryClient-CacheRefreshExecutor-0] com.netflix.discovery.DiscoveryClient    : Registered Applications size is zero : true
2021-07-21 10:14:39.971  INFO 18408 --- [DiscoveryClient-CacheRefreshExecutor-0] com.netflix.discovery.DiscoveryClient    : Application version is -1: false
2021-07-21 10:14:39.972  INFO 18408 --- [DiscoveryClient-CacheRefreshExecutor-0] com.netflix.discovery.DiscoveryClient    : Getting all instance registry info from the eureka server
2021-07-21 10:14:40.086  INFO 18408 --- [DiscoveryClient-CacheRefreshExecutor-0] com.netflix.discovery.DiscoveryClient    : The response status is 200
2021-07-21 10:15:15.829  INFO 18408 --- [http-nio-8086-exec-8] c.u.s.aop.LoggingAspect                  : Before method execution deleteShippingDetails
2021-07-21 10:15:17.119  INFO 18408 --- [http-nio-8086-exec-8] c.u.s.aop.LoggingAspect                  : execution(ResponseEntity com.uga.shipping_detail_service.controller.ShippingDetailController.deleteShippingDetails(String,Long)) returned with value <200 OK OK,ShippingInfoResponse [message=Success, apiError=null, addresses=null],[]>
2021-07-21 10:15:17.129  INFO 18408 --- [http-nio-8086-exec-8] c.u.s.aop.LoggingAspect                  : after execution of execution(ResponseEntity com.uga.shipping_detail_service.controller.ShippingDetailController.deleteShippingDetails(String,Long))
2021-07-21 10:15:17.131  INFO 18408 --- [http-nio-8086-exec-8] c.u.s.aop.LoggingAspect                  : Execution time of ShippingDetailController.deleteShippingDetails :: 1302 ms
2021-07-21 10:15:51.525  INFO 18408 --- [http-nio-8086-exec-9] c.u.s.aop.LoggingAspect                  : Before method execution getShippingDetails
2021-07-21 10:15:51.621  INFO 18408 --- [http-nio-8086-exec-9] c.u.s.aop.LoggingAspect                  : execution(ResponseEntity com.uga.shipping_detail_service.controller.ShippingDetailController.getShippingDetails(String)) returned with value <200 OK OK,ShippingInfoResponse [message=Success, apiError=null, addresses=[ShippingEntry [addressId=1, street=123 Main St., city=Anywhere, state=GA, zipCode=30606, status=ACTIVE, accountId=ACC110743], ShippingEntry [addressId=3, street=Rebel Base, city=Hoth land, state=GA, zipCode=12345, status=ACTIVE, accountId=ACC110743], ShippingEntry [addressId=4, street=THE DEATH STAR, city=SPACE, state=CA, zipCode=12345, status=ACTIVE, accountId=ACC110743]]],[]>
2021-07-21 10:15:51.622  INFO 18408 --- [http-nio-8086-exec-9] c.u.s.aop.LoggingAspect                  : after execution of execution(ResponseEntity com.uga.shipping_detail_service.controller.ShippingDetailController.getShippingDetails(String))
2021-07-21 10:15:51.623  INFO 18408 --- [http-nio-8086-exec-9] c.u.s.aop.LoggingAspect                  : Execution time of ShippingDetailController.getShippingDetails :: 98 ms
2021-07-21 10:16:03.148  INFO 18408 --- [http-nio-8086-exec-4] c.u.s.aop.LoggingAspect                  : Before method execution getShippingDetails
2021-07-21 10:16:03.240  INFO 18408 --- [http-nio-8086-exec-4] c.u.s.aop.LoggingAspect                  : execution(ResponseEntity com.uga.shipping_detail_service.controller.ShippingDetailController.getShippingDetails(String)) returned with value <200 OK OK,ShippingInfoResponse [message=Success, apiError=null, addresses=[]],[]>
2021-07-21 10:16:03.240  INFO 18408 --- [http-nio-8086-exec-4] c.u.s.aop.LoggingAspect                  : after execution of execution(ResponseEntity com.uga.shipping_detail_service.controller.ShippingDetailController.getShippingDetails(String))
2021-07-21 10:16:03.240  INFO 18408 --- [http-nio-8086-exec-4] c.u.s.aop.LoggingAspect                  : Execution time of ShippingDetailController.getShippingDetails :: 92 ms
2021-07-21 10:16:09.573  INFO 18408 --- [http-nio-8086-exec-2] c.u.s.aop.LoggingAspect                  : Before method execution getShippingDetails
2021-07-21 10:16:09.667  INFO 18408 --- [http-nio-8086-exec-2] c.u.s.aop.LoggingAspect                  : execution(ResponseEntity com.uga.shipping_detail_service.controller.ShippingDetailController.getShippingDetails(String)) returned with value <200 OK OK,ShippingInfoResponse [message=Success, apiError=null, addresses=[ShippingEntry [addressId=1, street=123 Main St., city=Anywhere, state=GA, zipCode=30606, status=ACTIVE, accountId=ACC110743], ShippingEntry [addressId=3, street=Rebel Base, city=Hoth land, state=GA, zipCode=12345, status=ACTIVE, accountId=ACC110743], ShippingEntry [addressId=4, street=THE DEATH STAR, city=SPACE, state=CA, zipCode=12345, status=ACTIVE, accountId=ACC110743]]],[]>
2021-07-21 10:16:09.668  INFO 18408 --- [http-nio-8086-exec-2] c.u.s.aop.LoggingAspect                  : after execution of execution(ResponseEntity com.uga.shipping_detail_service.controller.ShippingDetailController.getShippingDetails(String))
2021-07-21 10:16:09.669  INFO 18408 --- [http-nio-8086-exec-2] c.u.s.aop.LoggingAspect                  : Execution time of ShippingDetailController.getShippingDetails :: 95 ms
2021-07-21 10:17:43.685  INFO 18408 --- [http-nio-8086-exec-1] c.u.s.aop.LoggingAspect                  : Before method execution updateShippingDetails
2021-07-21 10:17:43.999  INFO 18408 --- [http-nio-8086-exec-1] c.u.s.aop.LoggingAspect                  : execution(ResponseEntity com.uga.shipping_detail_service.controller.ShippingDetailController.updateShippingDetails(String,ShippingInfoRequest)) returned with value <200 OK OK,ShippingInfoResponse [message=Success, apiError=null, addresses=null],[]>
2021-07-21 10:17:44.009  INFO 18408 --- [http-nio-8086-exec-1] c.u.s.aop.LoggingAspect                  : after execution of execution(ResponseEntity com.uga.shipping_detail_service.controller.ShippingDetailController.updateShippingDetails(String,ShippingInfoRequest))
2021-07-21 10:17:44.010  INFO 18408 --- [http-nio-8086-exec-1] c.u.s.aop.LoggingAspect                  : Execution time of ShippingDetailController.updateShippingDetails :: 324 ms
2021-07-21 10:19:09.651  INFO 18408 --- [AsyncResolver-bootstrap-executor-0] c.n.d.s.r.aws.ConfigClusterResolver      : Resolving eureka endpoints via configuration
2021-07-21 10:20:39.929  INFO 18408 --- [RMI TCP Connection(16)-127.0.0.1] inMXBeanRegistrar$SpringApplicationAdmin : Application shutdown requested.
2021-07-21 10:20:39.930  INFO 18408 --- [RMI TCP Connection(16)-127.0.0.1] o.s.c.n.e.s.EurekaServiceRegistry        : Unregistering application SHIPPING_DETAIL_SERVICE with eureka with status DOWN
2021-07-21 10:20:39.931  WARN 18408 --- [RMI TCP Connection(16)-127.0.0.1] com.netflix.discovery.DiscoveryClient    : Saw local status change event StatusChangeEvent [timestamp=1626877239931, current=DOWN, previous=UP]
2021-07-21 10:20:39.933  INFO 18408 --- [DiscoveryClient-InstanceInfoReplicator-0] com.netflix.discovery.DiscoveryClient    : DiscoveryClient_SHIPPING_DETAIL_SERVICE/192.168.1.187:shipping_detail_service:8086: registering service...
2021-07-21 10:20:39.941  INFO 18408 --- [DiscoveryClient-InstanceInfoReplicator-0] com.netflix.discovery.DiscoveryClient    : DiscoveryClient_SHIPPING_DETAIL_SERVICE/192.168.1.187:shipping_detail_service:8086 - registration status: 204
2021-07-21 10:20:40.519  INFO 18408 --- [RMI TCP Connection(16)-127.0.0.1] o.apache.catalina.core.StandardService   : Stopping service [Tomcat]
2021-07-21 10:20:40.530  INFO 18408 --- [RMI TCP Connection(16)-127.0.0.1] o.a.c.c.C.[Tomcat].[localhost].[/]       : Destroying Spring FrameworkServlet 'dispatcherServlet'
2021-07-21 10:20:40.579  INFO 18408 --- [RMI TCP Connection(16)-127.0.0.1] o.s.s.c.ThreadPoolTaskScheduler          : Shutting down ExecutorService
2021-07-21 10:20:40.593  INFO 18408 --- [RMI TCP Connection(16)-127.0.0.1] j.LocalContainerEntityManagerFactoryBean : Closing JPA EntityManagerFactory for persistence unit 'default'
2021-07-21 10:20:40.595  INFO 18408 --- [RMI TCP Connection(16)-127.0.0.1] o.s.s.concurrent.ThreadPoolTaskExecutor  : Shutting down ExecutorService 'applicationTaskExecutor'
2021-07-21 10:20:40.596  INFO 18408 --- [RMI TCP Connection(16)-127.0.0.1] com.zaxxer.hikari.HikariDataSource       : HikariPool-1 - Shutdown initiated...
2021-07-21 10:20:40.611  INFO 18408 --- [RMI TCP Connection(16)-127.0.0.1] com.zaxxer.hikari.HikariDataSource       : HikariPool-1 - Shutdown completed.
2021-07-21 10:20:40.612  INFO 18408 --- [RMI TCP Connection(16)-127.0.0.1] com.netflix.discovery.DiscoveryClient    : Shutting down DiscoveryClient ...
2021-07-21 10:20:43.625  INFO 18408 --- [RMI TCP Connection(16)-127.0.0.1] com.netflix.discovery.DiscoveryClient    : Unregistering ...
2021-07-21 10:20:43.658  INFO 18408 --- [RMI TCP Connection(16)-127.0.0.1] com.netflix.discovery.DiscoveryClient    : DiscoveryClient_SHIPPING_DETAIL_SERVICE/192.168.1.187:shipping_detail_service:8086 - deregister  status: 200
2021-07-21 10:20:43.697  INFO 18408 --- [RMI TCP Connection(16)-127.0.0.1] com.netflix.discovery.DiscoveryClient    : Completed shut down of DiscoveryClient
