2021-07-31 20:21:58.609  INFO 4348 --- [main] c.u.c.CartManageServiceApplication       : No active profile set, falling back to default profiles: default
2021-07-31 20:22:00.159  INFO 4348 --- [main] .s.d.r.c.RepositoryConfigurationDelegate : Bootstrapping Spring Data JPA repositories in DEFERRED mode.
2021-07-31 20:22:00.232  INFO 4348 --- [main] .s.d.r.c.RepositoryConfigurationDelegate : Finished Spring Data repository scanning in 64ms. Found 3 JPA repository interfaces.
2021-07-31 20:22:00.362  WARN 4348 --- [main] o.s.boot.actuate.endpoint.EndpointId     : Endpoint ID 'service-registry' contains invalid characters, please migrate to a valid format.
2021-07-31 20:22:00.522  INFO 4348 --- [main] o.s.cloud.context.scope.GenericScope     : BeanFactory id=37cbc647-c1f8-32cf-a83c-2e8aab15c099
2021-07-31 20:22:01.395  INFO 4348 --- [main] o.s.b.w.embedded.tomcat.TomcatWebServer  : Tomcat initialized with port(s): 8090 (http)
2021-07-31 20:22:01.406  INFO 4348 --- [main] o.apache.catalina.core.StandardService   : Starting service [Tomcat]
2021-07-31 20:22:01.406  INFO 4348 --- [main] org.apache.catalina.core.StandardEngine  : Starting Servlet engine: [Apache Tomcat/9.0.36]
2021-07-31 20:22:01.563  INFO 4348 --- [main] o.a.c.c.C.[Tomcat].[localhost].[/]       : Initializing Spring embedded WebApplicationContext
2021-07-31 20:22:01.563  INFO 4348 --- [main] w.s.c.ServletWebServerApplicationContext : Root WebApplicationContext: initialization completed in 2924 ms
2021-07-31 20:22:01.712  WARN 4348 --- [main] c.n.c.sources.URLConfigurationSource     : No URLs will be polled as dynamic configuration sources.
2021-07-31 20:22:01.712  INFO 4348 --- [main] c.n.c.sources.URLConfigurationSource     : To enable URLs as dynamic configuration sources, define System property archaius.configurationSource.additionalUrls or make config.properties available on classpath.
2021-07-31 20:22:01.728  INFO 4348 --- [main] c.netflix.config.DynamicPropertyFactory  : DynamicPropertyFactory is initialized with configuration sources: com.netflix.config.ConcurrentCompositeConfiguration@385dfb63
2021-07-31 20:22:02.052  INFO 4348 --- [main] o.s.s.concurrent.ThreadPoolTaskExecutor  : Initializing ExecutorService 'applicationTaskExecutor'
2021-07-31 20:22:02.079  INFO 4348 --- [main] com.zaxxer.hikari.HikariDataSource       : HikariPool-1 - Starting...
2021-07-31 20:22:03.512  INFO 4348 --- [main] com.zaxxer.hikari.HikariDataSource       : HikariPool-1 - Start completed.
2021-07-31 20:22:03.652  INFO 4348 --- [task-1] o.hibernate.jpa.internal.util.LogHelper  : HHH000204: Processing PersistenceUnitInfo [name: default]
2021-07-31 20:22:03.856  INFO 4348 --- [task-1] org.hibernate.Version                    : HHH000412: Hibernate ORM core version 5.4.17.Final
2021-07-31 20:22:04.244  INFO 4348 --- [task-1] o.hibernate.annotations.common.Version   : HCANN000001: Hibernate Commons Annotations {5.1.0.Final}
2021-07-31 20:22:04.435  WARN 4348 --- [main] JpaBaseConfiguration$JpaWebConfiguration : spring.jpa.open-in-view is enabled by default. Therefore, database queries may be performed during view rendering. Explicitly configure spring.jpa.open-in-view to disable this warning
2021-07-31 20:22:04.583  INFO 4348 --- [task-1] org.hibernate.dialect.Dialect            : HHH000400: Using dialect: org.hibernate.dialect.MySQL5InnoDBDialect
2021-07-31 20:22:05.248  WARN 4348 --- [task-1] org.hibernate.mapping.RootClass          : HHH000038: Composite-id class does not override equals(): com.uga.cart_manage_service.model.CartBookId
2021-07-31 20:22:05.249  WARN 4348 --- [task-1] org.hibernate.mapping.RootClass          : HHH000039: Composite-id class does not override hashCode(): com.uga.cart_manage_service.model.CartBookId
2021-07-31 20:22:05.786  INFO 4348 --- [main] o.s.b.a.e.web.EndpointLinksResolver      : Exposing 18 endpoint(s) beneath base path '/actuator'
2021-07-31 20:22:06.413  INFO 4348 --- [main] pertySourcedRequestMappingHandlerMapping : Mapped URL path [/v2/api-docs] onto method [springfox.documentation.swagger2.web.Swagger2Controller#getDocumentation(String, HttpServletRequest)]
2021-07-31 20:22:06.455  WARN 4348 --- [main] c.n.c.sources.URLConfigurationSource     : No URLs will be polled as dynamic configuration sources.
2021-07-31 20:22:06.455  INFO 4348 --- [main] c.n.c.sources.URLConfigurationSource     : To enable URLs as dynamic configuration sources, define System property archaius.configurationSource.additionalUrls or make config.properties available on classpath.
2021-07-31 20:22:06.483  INFO 4348 --- [task-1] o.h.e.t.j.p.i.JtaPlatformInitiator       : HHH000490: Using JtaPlatform implementation: [org.hibernate.engine.transaction.jta.platform.internal.NoJtaPlatform]
2021-07-31 20:22:06.498  INFO 4348 --- [task-1] j.LocalContainerEntityManagerFactoryBean : Initialized JPA EntityManagerFactory for persistence unit 'default'
2021-07-31 20:22:07.544  INFO 4348 --- [main] o.s.s.c.ThreadPoolTaskScheduler          : Initializing ExecutorService
2021-07-31 20:22:08.199  WARN 4348 --- [main] ockingLoadBalancerClientRibbonWarnLogger : You already have RibbonLoadBalancerClient on your classpath. It will be used by default. As Spring Cloud Ribbon is in maintenance mode. We recommend switching to BlockingLoadBalancerClient instead. In order to use it, set the value of `spring.cloud.loadbalancer.ribbon.enabled` to `false` or remove spring-cloud-starter-netflix-ribbon from your project.
2021-07-31 20:22:08.322  INFO 4348 --- [main] o.s.c.n.eureka.InstanceInfoFactory       : Setting initial instance status as: STARTING
2021-07-31 20:22:08.373  INFO 4348 --- [main] com.netflix.discovery.DiscoveryClient    : Initializing Eureka in region us-east-1
2021-07-31 20:22:08.437  INFO 4348 --- [main] c.n.d.provider.DiscoveryJerseyProvider   : Using JSON encoding codec LegacyJacksonJson
2021-07-31 20:22:08.464  INFO 4348 --- [main] c.n.d.provider.DiscoveryJerseyProvider   : Using JSON decoding codec LegacyJacksonJson
2021-07-31 20:22:08.639  INFO 4348 --- [main] c.n.d.provider.DiscoveryJerseyProvider   : Using XML encoding codec XStreamXml
2021-07-31 20:22:08.639  INFO 4348 --- [main] c.n.d.provider.DiscoveryJerseyProvider   : Using XML decoding codec XStreamXml
2021-07-31 20:22:08.806  INFO 4348 --- [main] c.n.d.s.r.aws.ConfigClusterResolver      : Resolving eureka endpoints via configuration
2021-07-31 20:22:09.011  INFO 4348 --- [main] com.netflix.discovery.DiscoveryClient    : Disable delta property : false
2021-07-31 20:22:09.011  INFO 4348 --- [main] com.netflix.discovery.DiscoveryClient    : Single vip registry refresh property : null
2021-07-31 20:22:09.012  INFO 4348 --- [main] com.netflix.discovery.DiscoveryClient    : Force full registry fetch : false
2021-07-31 20:22:09.012  INFO 4348 --- [main] com.netflix.discovery.DiscoveryClient    : Application is null : false
2021-07-31 20:22:09.012  INFO 4348 --- [main] com.netflix.discovery.DiscoveryClient    : Registered Applications size is zero : true
2021-07-31 20:22:09.012  INFO 4348 --- [main] com.netflix.discovery.DiscoveryClient    : Application version is -1: true
2021-07-31 20:22:09.013  INFO 4348 --- [main] com.netflix.discovery.DiscoveryClient    : Getting all instance registry info from the eureka server
2021-07-31 20:22:09.178  INFO 4348 --- [main] com.netflix.discovery.DiscoveryClient    : The response status is 200
2021-07-31 20:22:09.181  INFO 4348 --- [main] com.netflix.discovery.DiscoveryClient    : Starting heartbeat executor: renew interval is: 30
2021-07-31 20:22:09.183  INFO 4348 --- [main] c.n.discovery.InstanceInfoReplicator     : InstanceInfoReplicator onDemand update allowed rate per min is 4
2021-07-31 20:22:09.189  INFO 4348 --- [main] com.netflix.discovery.DiscoveryClient    : Discovery Client initialized at timestamp 1627777329185 with initial instances count: 7
2021-07-31 20:22:09.200  INFO 4348 --- [main] o.s.c.n.e.s.EurekaServiceRegistry        : Registering application CART-MANAGE-SERVICE with eureka with status UP
2021-07-31 20:22:09.201  INFO 4348 --- [main] com.netflix.discovery.DiscoveryClient    : Saw local status change event StatusChangeEvent [timestamp=1627777329201, current=UP, previous=STARTING]
2021-07-31 20:22:09.204  INFO 4348 --- [DiscoveryClient-InstanceInfoReplicator-0] com.netflix.discovery.DiscoveryClient    : DiscoveryClient_CART-MANAGE-SERVICE/SHUBHAM-PC:cart-manage-service:8090: registering service...
2021-07-31 20:22:09.243  INFO 4348 --- [DiscoveryClient-InstanceInfoReplicator-0] com.netflix.discovery.DiscoveryClient    : DiscoveryClient_CART-MANAGE-SERVICE/SHUBHAM-PC:cart-manage-service:8090 - registration status: 204
2021-07-31 20:22:09.260  INFO 4348 --- [main] o.s.b.w.embedded.tomcat.TomcatWebServer  : Tomcat started on port(s): 8090 (http) with context path ''
2021-07-31 20:22:09.262  INFO 4348 --- [main] .s.c.n.e.s.EurekaAutoServiceRegistration : Updating port to 8090
2021-07-31 20:22:09.543  INFO 4348 --- [main] d.s.w.p.DocumentationPluginsBootstrapper : Context refreshed
2021-07-31 20:22:09.565  INFO 4348 --- [main] d.s.w.p.DocumentationPluginsBootstrapper : Found 1 custom documentation plugin(s)
2021-07-31 20:22:09.609  INFO 4348 --- [main] s.d.s.w.s.ApiListingReferenceScanner     : Scanning for api listing references
2021-07-31 20:22:09.780  INFO 4348 --- [main] DeferredRepositoryInitializationListener : Triggering deferred initialization of Spring Data repositories…
2021-07-31 20:22:10.328  INFO 4348 --- [main] DeferredRepositoryInitializationListener : Spring Data repositories initialized!
2021-07-31 20:22:10.331  INFO 4348 --- [main] c.u.c.CartManageServiceApplication       : Started CartManageServiceApplication in 13.081 seconds (JVM running for 14.294)
2021-07-31 20:22:10.368  INFO 4348 --- [RMI TCP Connection(3)-127.0.0.1] o.a.c.c.C.[Tomcat].[localhost].[/]       : Initializing Spring DispatcherServlet 'dispatcherServlet'
2021-07-31 20:22:10.369  INFO 4348 --- [RMI TCP Connection(3)-127.0.0.1] o.s.web.servlet.DispatcherServlet        : Initializing Servlet 'dispatcherServlet'
2021-07-31 20:22:10.385  INFO 4348 --- [RMI TCP Connection(3)-127.0.0.1] o.s.web.servlet.DispatcherServlet        : Completed initialization in 16 ms
2021-07-31 20:22:10.415  INFO 4348 --- [registrationTask1] d.c.b.a.c.r.ApplicationRegistrator       : Application registered itself as 708d1aef70ec
2021-07-31 20:27:09.029  INFO 4348 --- [AsyncResolver-bootstrap-executor-0] c.n.d.s.r.aws.ConfigClusterResolver      : Resolving eureka endpoints via configuration
2021-07-31 20:27:54.066  INFO 4348 --- [RMI TCP Connection(16)-127.0.0.1] inMXBeanRegistrar$SpringApplicationAdmin : Application shutdown requested.
2021-07-31 20:27:54.121  INFO 4348 --- [RMI TCP Connection(16)-127.0.0.1] o.s.c.n.e.s.EurekaServiceRegistry        : Unregistering application CART-MANAGE-SERVICE with eureka with status DOWN
2021-07-31 20:27:54.123  WARN 4348 --- [RMI TCP Connection(16)-127.0.0.1] com.netflix.discovery.DiscoveryClient    : Saw local status change event StatusChangeEvent [timestamp=1627777674123, current=DOWN, previous=UP]
2021-07-31 20:27:54.125  INFO 4348 --- [DiscoveryClient-InstanceInfoReplicator-0] com.netflix.discovery.DiscoveryClient    : DiscoveryClient_CART-MANAGE-SERVICE/SHUBHAM-PC:cart-manage-service:8090: registering service...
2021-07-31 20:27:54.145  INFO 4348 --- [DiscoveryClient-InstanceInfoReplicator-0] com.netflix.discovery.DiscoveryClient    : DiscoveryClient_CART-MANAGE-SERVICE/SHUBHAM-PC:cart-manage-service:8090 - registration status: 204
2021-07-31 20:27:54.427  INFO 4348 --- [RMI TCP Connection(17)-127.0.0.1] inMXBeanRegistrar$SpringApplicationAdmin : Application shutdown requested.
2021-07-31 20:27:54.505  INFO 4348 --- [RMI TCP Connection(16)-127.0.0.1] o.apache.catalina.core.StandardService   : Stopping service [Tomcat]
2021-07-31 20:27:54.524  INFO 4348 --- [RMI TCP Connection(16)-127.0.0.1] o.a.c.c.C.[Tomcat].[localhost].[/]       : Destroying Spring FrameworkServlet 'dispatcherServlet'
2021-07-31 20:27:54.593  INFO 4348 --- [RMI TCP Connection(16)-127.0.0.1] o.s.s.c.ThreadPoolTaskScheduler          : Shutting down ExecutorService
2021-07-31 20:27:54.670  INFO 4348 --- [RMI TCP Connection(16)-127.0.0.1] j.LocalContainerEntityManagerFactoryBean : Closing JPA EntityManagerFactory for persistence unit 'default'
2021-07-31 20:27:54.709  INFO 4348 --- [RMI TCP Connection(16)-127.0.0.1] o.s.s.concurrent.ThreadPoolTaskExecutor  : Shutting down ExecutorService 'applicationTaskExecutor'
2021-07-31 20:27:54.710  INFO 4348 --- [RMI TCP Connection(16)-127.0.0.1] com.zaxxer.hikari.HikariDataSource       : HikariPool-1 - Shutdown initiated...
2021-07-31 20:27:54.737  INFO 4348 --- [RMI TCP Connection(16)-127.0.0.1] com.zaxxer.hikari.HikariDataSource       : HikariPool-1 - Shutdown completed.
2021-07-31 20:27:54.741  INFO 4348 --- [RMI TCP Connection(16)-127.0.0.1] com.netflix.discovery.DiscoveryClient    : Shutting down DiscoveryClient ...
